[ 2017-04-10T18:44:43+08:00 ] 191.253.71.202 /
INFO: [ app_init ] --START--
INFO: Run Behavior\BuildLiteBehavior [ RunTime:0.000015s ]
INFO: [ app_init ] --END-- [ RunTime:0.000784s ]
INFO: [ app_begin ] --START--
INFO: Run Behavior\ReadHtmlCacheBehavior [ RunTime:0.000851s ]
INFO: [ app_begin ] --END-- [ RunTime:0.000896s ]
NOTIC: [2048] Declaration of Home\Controller\IndexController::show() should be compatible with Think\Controller::show($content, $charset = '', $contentType = '', $prefix = '') /var/www/html/Application/Home/Controller/IndexController.class.php 第 0 行.
NOTIC: [8] Undefined index: nonce /var/www/html/Application/Home/Controller/IndexController.class.php 第 6 行.
NOTIC: [8] Undefined index: timestamp /var/www/html/Application/Home/Controller/IndexController.class.php 第 8 行.
NOTIC: [8] Undefined index: echostr /var/www/html/Application/Home/Controller/IndexController.class.php 第 9 行.
NOTIC: [8] Undefined index: signature /var/www/html/Application/Home/Controller/IndexController.class.php 第 10 行.
INFO: [ app_end ] --START--
INFO: Run Behavior\ShowPageTraceBehavior [ RunTime:0.000904s ]
INFO: [ app_end ] --END-- [ RunTime:0.000939s ]

[ 2017-04-10T19:30:44+08:00 ] 191.253.71.202 /
INFO: [ app_init ] --START--
INFO: Run Behavior\BuildLiteBehavior [ RunTime:0.000010s ]
INFO: [ app_init ] --END-- [ RunTime:0.000081s ]
INFO: [ app_begin ] --START--
INFO: Run Behavior\ReadHtmlCacheBehavior [ RunTime:0.000040s ]
INFO: [ app_begin ] --END-- [ RunTime:0.000069s ]
NOTIC: [2048] Declaration of Home\Controller\IndexController::show() should be compatible with Think\Controller::show($content, $charset = '', $contentType = '', $prefix = '') /var/www/html/Application/Home/Controller/IndexController.class.php 第 0 行.
NOTIC: [8] Undefined index: nonce /var/www/html/Application/Home/Controller/IndexController.class.php 第 6 行.
NOTIC: [8] Undefined index: timestamp /var/www/html/Application/Home/Controller/IndexController.class.php 第 8 行.
NOTIC: [8] Undefined index: echostr /var/www/html/Application/Home/Controller/IndexController.class.php 第 9 行.
NOTIC: [8] Undefined index: signature /var/www/html/Application/Home/Controller/IndexController.class.php 第 10 行.
INFO: [ app_end ] --START--
INFO: Run Behavior\ShowPageTraceBehavior [ RunTime:0.000034s ]
INFO: [ app_end ] --END-- [ RunTime:0.000058s ]

[ 2017-04-10T19:46:04+08:00 ] 191.253.71.202 /
INFO: [ app_init ] --START--
INFO: Run Behavior\BuildLiteBehavior [ RunTime:0.000013s ]
INFO: [ app_init ] --END-- [ RunTime:0.000098s ]
INFO: [ app_begin ] --START--
INFO: Run Behavior\ReadHtmlCacheBehavior [ RunTime:0.000040s ]
INFO: [ app_begin ] --END-- [ RunTime:0.000073s ]
NOTIC: [2048] Declaration of Home\Controller\IndexController::show() should be compatible with Think\Controller::show($content, $charset = '', $contentType = '', $prefix = '') /var/www/html/Application/Home/Controller/IndexController.class.php 第 0 行.
NOTIC: [8] Undefined index: nonce /var/www/html/Application/Home/Controller/IndexController.class.php 第 6 行.
NOTIC: [8] Undefined index: timestamp /var/www/html/Application/Home/Controller/IndexController.class.php 第 8 行.
NOTIC: [8] Undefined index: echostr /var/www/html/Application/Home/Controller/IndexController.class.php 第 9 行.
NOTIC: [8] Undefined index: signature /var/www/html/Application/Home/Controller/IndexController.class.php 第 10 行.
INFO: [ app_end ] --START--
INFO: Run Behavior\ShowPageTraceBehavior [ RunTime:0.000035s ]
INFO: [ app_end ] --END-- [ RunTime:0.000059s ]

[ 2017-04-10T19:48:09+08:00 ] 143.137.65.191 /
INFO: [ app_init ] --START--
INFO: Run Behavior\BuildLiteBehavior [ RunTime:0.000016s ]
INFO: [ app_init ] --END-- [ RunTime:0.000122s ]
INFO: [ app_begin ] --START--
INFO: Run Behavior\ReadHtmlCacheBehavior [ RunTime:0.000042s ]
INFO: [ app_begin ] --END-- [ RunTime:0.000071s ]
NOTIC: [2048] Declaration of Home\Controller\IndexController::show() should be compatible with Think\Controller::show($content, $charset = '', $contentType = '', $prefix = '') /var/www/html/Application/Home/Controller/IndexController.class.php 第 0 行.
NOTIC: [8] Undefined index: nonce /var/www/html/Application/Home/Controller/IndexController.class.php 第 6 行.
NOTIC: [8] Undefined index: timestamp /var/www/html/Application/Home/Controller/IndexController.class.php 第 8 行.
NOTIC: [8] Undefined index: echostr /var/www/html/Application/Home/Controller/IndexController.class.php 第 9 行.
NOTIC: [8] Undefined index: signature /var/www/html/Application/Home/Controller/IndexController.class.php 第 10 行.
INFO: [ app_end ] --START--
INFO: Run Behavior\ShowPageTraceBehavior [ RunTime:0.000043s ]
INFO: [ app_end ] --END-- [ RunTime:0.000079s ]

[ 2017-04-10T20:03:04+08:00 ] 88.123.82.88 /
INFO: [ app_init ] --START--
INFO: Run Behavior\BuildLiteBehavior [ RunTime:0.000011s ]
INFO: [ app_init ] --END-- [ RunTime:0.000093s ]
INFO: [ app_begin ] --START--
INFO: Run Behavior\ReadHtmlCacheBehavior [ RunTime:0.000039s ]
INFO: [ app_begin ] --END-- [ RunTime:0.000067s ]
NOTIC: [2048] Declaration of Home\Controller\IndexController::show() should be compatible with Think\Controller::show($content, $charset = '', $contentType = '', $prefix = '') /var/www/html/Application/Home/Controller/IndexController.class.php 第 0 行.
NOTIC: [8] Undefined index: nonce /var/www/html/Application/Home/Controller/IndexController.class.php 第 6 行.
NOTIC: [8] Undefined index: timestamp /var/www/html/Application/Home/Controller/IndexController.class.php 第 8 行.
NOTIC: [8] Undefined index: echostr /var/www/html/Application/Home/Controller/IndexController.class.php 第 9 行.
NOTIC: [8] Undefined index: signature /var/www/html/Application/Home/Controller/IndexController.class.php 第 10 行.
INFO: [ app_end ] --START--
INFO: Run Behavior\ShowPageTraceBehavior [ RunTime:0.000043s ]
INFO: [ app_end ] --END-- [ RunTime:0.000071s ]

[ 2017-04-10T20:04:16+08:00 ] 191.253.69.120 /
INFO: [ app_init ] --START--
INFO: Run Behavior\BuildLiteBehavior [ RunTime:0.000010s ]
INFO: [ app_init ] --END-- [ RunTime:0.000081s ]
INFO: [ app_begin ] --START--
INFO: Run Behavior\ReadHtmlCacheBehavior [ RunTime:0.000036s ]
INFO: [ app_begin ] --END-- [ RunTime:0.000062s ]
NOTIC: [2048] Declaration of Home\Controller\IndexController::show() should be compatible with Think\Controller::show($content, $charset = '', $contentType = '', $prefix = '') /var/www/html/Application/Home/Controller/IndexController.class.php 第 0 行.
NOTIC: [8] Undefined index: nonce /var/www/html/Application/Home/Controller/IndexController.class.php 第 6 行.
NOTIC: [8] Undefined index: timestamp /var/www/html/Application/Home/Controller/IndexController.class.php 第 8 行.
NOTIC: [8] Undefined index: echostr /var/www/html/Application/Home/Controller/IndexController.class.php 第 9 行.
NOTIC: [8] Undefined index: signature /var/www/html/Application/Home/Controller/IndexController.class.php 第 10 行.
INFO: [ app_end ] --START--
INFO: Run Behavior\ShowPageTraceBehavior [ RunTime:0.000033s ]
INFO: [ app_end ] --END-- [ RunTime:0.000058s ]

[ 2017-04-10T20:09:26+08:00 ] 191.253.71.202 /
INFO: [ app_init ] --START--
INFO: Run Behavior\BuildLiteBehavior [ RunTime:0.000014s ]
INFO: [ app_init ] --END-- [ RunTime:0.000096s ]
INFO: [ app_begin ] --START--
INFO: Run Behavior\ReadHtmlCacheBehavior [ RunTime:0.000043s ]
INFO: [ app_begin ] --END-- [ RunTime:0.000081s ]
NOTIC: [2048] Declaration of Home\Controller\IndexController::show() should be compatible with Think\Controller::show($content, $charset = '', $contentType = '', $prefix = '') /var/www/html/Application/Home/Controller/IndexController.class.php 第 0 行.
NOTIC: [8] Undefined index: nonce /var/www/html/Application/Home/Controller/IndexController.class.php 第 6 行.
NOTIC: [8] Undefined index: timestamp /var/www/html/Application/Home/Controller/IndexController.class.php 第 8 行.
NOTIC: [8] Undefined index: echostr /var/www/html/Application/Home/Controller/IndexController.class.php 第 9 行.
NOTIC: [8] Undefined index: signature /var/www/html/Application/Home/Controller/IndexController.class.php 第 10 行.
INFO: [ app_end ] --START--
INFO: Run Behavior\ShowPageTraceBehavior [ RunTime:0.000044s ]
INFO: [ app_end ] --END-- [ RunTime:0.000078s ]

[ 2017-04-10T20:56:59+08:00 ] 191.253.71.202 /
INFO: [ app_init ] --START--
INFO: Run Behavior\BuildLiteBehavior [ RunTime:0.000015s ]
INFO: [ app_init ] --END-- [ RunTime:0.000103s ]
INFO: [ app_begin ] --START--
INFO: Run Behavior\ReadHtmlCacheBehavior [ RunTime:0.000028s ]
INFO: [ app_begin ] --END-- [ RunTime:0.000055s ]
NOTIC: [2048] Declaration of Home\Controller\IndexController::show() should be compatible with Think\Controller::show($content, $charset = '', $contentType = '', $prefix = '') /var/www/html/Application/Home/Controller/IndexController.class.php 第 0 行.
NOTIC: [8] Undefined index: nonce /var/www/html/Application/Home/Controller/IndexController.class.php 第 6 行.
NOTIC: [8] Undefined index: timestamp /var/www/html/Application/Home/Controller/IndexController.class.php 第 8 行.
NOTIC: [8] Undefined index: echostr /var/www/html/Application/Home/Controller/IndexController.class.php 第 9 行.
NOTIC: [8] Undefined index: signature /var/www/html/Application/Home/Controller/IndexController.class.php 第 10 行.
INFO: [ app_end ] --START--
INFO: Run Behavior\ShowPageTraceBehavior [ RunTime:0.000046s ]
INFO: [ app_end ] --END-- [ RunTime:0.000082s ]

[ 2017-04-10T21:35:50+08:00 ] 191.253.71.202 /
INFO: [ app_init ] --START--
INFO: Run Behavior\BuildLiteBehavior [ RunTime:0.000018s ]
INFO: [ app_init ] --END-- [ RunTime:0.000110s ]
INFO: [ app_begin ] --START--
INFO: Run Behavior\ReadHtmlCacheBehavior [ RunTime:0.000025s ]
INFO: [ app_begin ] --END-- [ RunTime:0.000052s ]
NOTIC: [2048] Declaration of Home\Controller\IndexController::show() should be compatible with Think\Controller::show($content, $charset = '', $contentType = '', $prefix = '') /var/www/html/Application/Home/Controller/IndexController.class.php 第 0 行.
NOTIC: [8] Undefined index: nonce /var/www/html/Application/Home/Controller/IndexController.class.php 第 6 行.
NOTIC: [8] Undefined index: timestamp /var/www/html/Application/Home/Controller/IndexController.class.php 第 8 行.
NOTIC: [8] Undefined index: echostr /var/www/html/Application/Home/Controller/IndexController.class.php 第 9 行.
NOTIC: [8] Undefined index: signature /var/www/html/Application/Home/Controller/IndexController.class.php 第 10 行.
INFO: [ app_end ] --START--
INFO: Run Behavior\ShowPageTraceBehavior [ RunTime:0.000031s ]
INFO: [ app_end ] --END-- [ RunTime:0.000054s ]

[ 2017-04-10T21:47:08+08:00 ] 125.27.233.205 /
INFO: [ app_init ] --START--
INFO: Run Behavior\BuildLiteBehavior [ RunTime:0.000010s ]
INFO: [ app_init ] --END-- [ RunTime:0.000068s ]
INFO: [ app_begin ] --START--
INFO: Run Behavior\ReadHtmlCacheBehavior [ RunTime:0.000029s ]
INFO: [ app_begin ] --END-- [ RunTime:0.000058s ]
NOTIC: [2048] Declaration of Home\Controller\IndexController::show() should be compatible with Think\Controller::show($content, $charset = '', $contentType = '', $prefix = '') /var/www/html/Application/Home/Controller/IndexController.class.php 第 0 行.
NOTIC: [8] Undefined index: nonce /var/www/html/Application/Home/Controller/IndexController.class.php 第 6 行.
NOTIC: [8] Undefined index: timestamp /var/www/html/Application/Home/Controller/IndexController.class.php 第 8 行.
NOTIC: [8] Undefined index: echostr /var/www/html/Application/Home/Controller/IndexController.class.php 第 9 行.
NOTIC: [8] Undefined index: signature /var/www/html/Application/Home/Controller/IndexController.class.php 第 10 行.
INFO: [ app_end ] --START--
INFO: Run Behavior\ShowPageTraceBehavior [ RunTime:0.000026s ]
INFO: [ app_end ] --END-- [ RunTime:0.000051s ]

[ 2017-04-10T21:58:47+08:00 ] 191.253.71.202 /
INFO: [ app_init ] --START--
INFO: Run Behavior\BuildLiteBehavior [ RunTime:0.000011s ]
INFO: [ app_init ] --END-- [ RunTime:0.000069s ]
INFO: [ app_begin ] --START--
INFO: Run Behavior\ReadHtmlCacheBehavior [ RunTime:0.000025s ]
INFO: [ app_begin ] --END-- [ RunTime:0.000050s ]
NOTIC: [2048] Declaration of Home\Controller\IndexController::show() should be compatible with Think\Controller::show($content, $charset = '', $contentType = '', $prefix = '') /var/www/html/Application/Home/Controller/IndexController.class.php 第 0 行.
NOTIC: [8] Undefined index: nonce /var/www/html/Application/Home/Controller/IndexController.class.php 第 6 行.
NOTIC: [8] Undefined index: timestamp /var/www/html/Application/Home/Controller/IndexController.class.php 第 8 行.
NOTIC: [8] Undefined index: echostr /var/www/html/Application/Home/Controller/IndexController.class.php 第 9 行.
NOTIC: [8] Undefined index: signature /var/www/html/Application/Home/Controller/IndexController.class.php 第 10 行.
INFO: [ app_end ] --START--
INFO: Run Behavior\ShowPageTraceBehavior [ RunTime:0.000027s ]
INFO: [ app_end ] --END-- [ RunTime:0.000047s ]

