[ 2017-04-08T00:00:57+08:00 ] 191.253.71.202 /
INFO: [ app_init ] --START--
INFO: Run Behavior\BuildLiteBehavior [ RunTime:0.000016s ]
INFO: [ app_init ] --END-- [ RunTime:0.000128s ]
INFO: [ app_begin ] --START--
INFO: Run Behavior\ReadHtmlCacheBehavior [ RunTime:0.000047s ]
INFO: [ app_begin ] --END-- [ RunTime:0.000093s ]
NOTIC: [2048] Declaration of Home\Controller\IndexController::show() should be compatible with Think\Controller::show($content, $charset = '', $contentType = '', $prefix = '') /var/www/html/Application/Home/Controller/IndexController.class.php 第 137 行.
NOTIC: [8] Undefined index: nonce /var/www/html/Application/Home/Controller/IndexController.class.php 第 6 行.
NOTIC: [8] Undefined index: timestamp /var/www/html/Application/Home/Controller/IndexController.class.php 第 8 行.
NOTIC: [8] Undefined index: echostr /var/www/html/Application/Home/Controller/IndexController.class.php 第 9 行.
NOTIC: [8] Undefined index: signature /var/www/html/Application/Home/Controller/IndexController.class.php 第 10 行.
INFO: [ app_end ] --START--
INFO: Run Behavior\ShowPageTraceBehavior [ RunTime:0.000049s ]
INFO: [ app_end ] --END-- [ RunTime:0.000089s ]

[ 2017-04-08T00:07:23+08:00 ] 191.253.71.202 /
INFO: [ app_init ] --START--
INFO: Run Behavior\BuildLiteBehavior [ RunTime:0.000020s ]
INFO: [ app_init ] --END-- [ RunTime:0.000140s ]
INFO: [ app_begin ] --START--
INFO: Run Behavior\ReadHtmlCacheBehavior [ RunTime:0.000053s ]
INFO: [ app_begin ] --END-- [ RunTime:0.000123s ]
NOTIC: [2048] Declaration of Home\Controller\IndexController::show() should be compatible with Think\Controller::show($content, $charset = '', $contentType = '', $prefix = '') /var/www/html/Application/Home/Controller/IndexController.class.php 第 0 行.
NOTIC: [8] Undefined index: nonce /var/www/html/Application/Home/Controller/IndexController.class.php 第 6 行.
NOTIC: [8] Undefined index: timestamp /var/www/html/Application/Home/Controller/IndexController.class.php 第 8 行.
NOTIC: [8] Undefined index: echostr /var/www/html/Application/Home/Controller/IndexController.class.php 第 9 行.
NOTIC: [8] Undefined index: signature /var/www/html/Application/Home/Controller/IndexController.class.php 第 10 行.
INFO: [ app_end ] --START--
INFO: Run Behavior\ShowPageTraceBehavior [ RunTime:0.000048s ]
INFO: [ app_end ] --END-- [ RunTime:0.000087s ]

[ 2017-04-08T00:09:12+08:00 ] 191.253.71.202 /
INFO: [ app_init ] --START--
INFO: Run Behavior\BuildLiteBehavior [ RunTime:0.000017s ]
INFO: [ app_init ] --END-- [ RunTime:0.000140s ]
INFO: [ app_begin ] --START--
INFO: Run Behavior\ReadHtmlCacheBehavior [ RunTime:0.000066s ]
INFO: [ app_begin ] --END-- [ RunTime:0.000111s ]
NOTIC: [2048] Declaration of Home\Controller\IndexController::show() should be compatible with Think\Controller::show($content, $charset = '', $contentType = '', $prefix = '') /var/www/html/Application/Home/Controller/IndexController.class.php 第 0 行.
NOTIC: [8] Undefined index: nonce /var/www/html/Application/Home/Controller/IndexController.class.php 第 6 行.
NOTIC: [8] Undefined index: timestamp /var/www/html/Application/Home/Controller/IndexController.class.php 第 8 行.
NOTIC: [8] Undefined index: echostr /var/www/html/Application/Home/Controller/IndexController.class.php 第 9 行.
NOTIC: [8] Undefined index: signature /var/www/html/Application/Home/Controller/IndexController.class.php 第 10 行.
INFO: [ app_end ] --START--
INFO: Run Behavior\ShowPageTraceBehavior [ RunTime:0.000049s ]
INFO: [ app_end ] --END-- [ RunTime:0.000090s ]

[ 2017-04-08T00:18:44+08:00 ] 191.253.70.127 /
INFO: [ app_init ] --START--
INFO: Run Behavior\BuildLiteBehavior [ RunTime:0.000012s ]
INFO: [ app_init ] --END-- [ RunTime:0.000085s ]
INFO: [ app_begin ] --START--
INFO: Run Behavior\ReadHtmlCacheBehavior [ RunTime:0.000039s ]
INFO: [ app_begin ] --END-- [ RunTime:0.000077s ]
NOTIC: [2048] Declaration of Home\Controller\IndexController::show() should be compatible with Think\Controller::show($content, $charset = '', $contentType = '', $prefix = '') /var/www/html/Application/Home/Controller/IndexController.class.php 第 0 行.
NOTIC: [8] Undefined index: nonce /var/www/html/Application/Home/Controller/IndexController.class.php 第 6 行.
NOTIC: [8] Undefined index: timestamp /var/www/html/Application/Home/Controller/IndexController.class.php 第 8 行.
NOTIC: [8] Undefined index: echostr /var/www/html/Application/Home/Controller/IndexController.class.php 第 9 行.
NOTIC: [8] Undefined index: signature /var/www/html/Application/Home/Controller/IndexController.class.php 第 10 行.
INFO: [ app_end ] --START--
INFO: Run Behavior\ShowPageTraceBehavior [ RunTime:0.000030s ]
INFO: [ app_end ] --END-- [ RunTime:0.000055s ]

[ 2017-04-08T00:34:58+08:00 ] 191.253.69.237 /
INFO: [ app_init ] --START--
INFO: Run Behavior\BuildLiteBehavior [ RunTime:0.000016s ]
INFO: [ app_init ] --END-- [ RunTime:0.000140s ]
INFO: [ app_begin ] --START--
INFO: Run Behavior\ReadHtmlCacheBehavior [ RunTime:0.000050s ]
INFO: [ app_begin ] --END-- [ RunTime:0.000095s ]
NOTIC: [2048] Declaration of Home\Controller\IndexController::show() should be compatible with Think\Controller::show($content, $charset = '', $contentType = '', $prefix = '') /var/www/html/Application/Home/Controller/IndexController.class.php 第 0 行.
NOTIC: [8] Undefined index: nonce /var/www/html/Application/Home/Controller/IndexController.class.php 第 6 行.
NOTIC: [8] Undefined index: timestamp /var/www/html/Application/Home/Controller/IndexController.class.php 第 8 行.
NOTIC: [8] Undefined index: echostr /var/www/html/Application/Home/Controller/IndexController.class.php 第 9 行.
NOTIC: [8] Undefined index: signature /var/www/html/Application/Home/Controller/IndexController.class.php 第 10 行.
INFO: [ app_end ] --START--
INFO: Run Behavior\ShowPageTraceBehavior [ RunTime:0.000066s ]
INFO: [ app_end ] --END-- [ RunTime:0.000108s ]

[ 2017-04-08T00:49:25+08:00 ] 191.253.71.202 /
INFO: [ app_init ] --START--
INFO: Run Behavior\BuildLiteBehavior [ RunTime:0.000015s ]
INFO: [ app_init ] --END-- [ RunTime:0.000151s ]
INFO: [ app_begin ] --START--
INFO: Run Behavior\ReadHtmlCacheBehavior [ RunTime:0.000042s ]
INFO: [ app_begin ] --END-- [ RunTime:0.000081s ]
NOTIC: [2048] Declaration of Home\Controller\IndexController::show() should be compatible with Think\Controller::show($content, $charset = '', $contentType = '', $prefix = '') /var/www/html/Application/Home/Controller/IndexController.class.php 第 0 行.
NOTIC: [8] Undefined index: nonce /var/www/html/Application/Home/Controller/IndexController.class.php 第 6 行.
NOTIC: [8] Undefined index: timestamp /var/www/html/Application/Home/Controller/IndexController.class.php 第 8 行.
NOTIC: [8] Undefined index: echostr /var/www/html/Application/Home/Controller/IndexController.class.php 第 9 行.
NOTIC: [8] Undefined index: signature /var/www/html/Application/Home/Controller/IndexController.class.php 第 10 行.
INFO: [ app_end ] --START--
INFO: Run Behavior\ShowPageTraceBehavior [ RunTime:0.000043s ]
INFO: [ app_end ] --END-- [ RunTime:0.000079s ]

[ 2017-04-08T02:18:53+08:00 ] 143.137.65.71 /
INFO: [ app_init ] --START--
INFO: Run Behavior\BuildLiteBehavior [ RunTime:0.000015s ]
INFO: [ app_init ] --END-- [ RunTime:0.000107s ]
INFO: [ app_begin ] --START--
INFO: Run Behavior\ReadHtmlCacheBehavior [ RunTime:0.000070s ]
INFO: [ app_begin ] --END-- [ RunTime:0.000109s ]
NOTIC: [2048] Declaration of Home\Controller\IndexController::show() should be compatible with Think\Controller::show($content, $charset = '', $contentType = '', $prefix = '') /var/www/html/Application/Home/Controller/IndexController.class.php 第 0 行.
NOTIC: [8] Undefined index: nonce /var/www/html/Application/Home/Controller/IndexController.class.php 第 6 行.
NOTIC: [8] Undefined index: timestamp /var/www/html/Application/Home/Controller/IndexController.class.php 第 8 行.
NOTIC: [8] Undefined index: echostr /var/www/html/Application/Home/Controller/IndexController.class.php 第 9 行.
NOTIC: [8] Undefined index: signature /var/www/html/Application/Home/Controller/IndexController.class.php 第 10 行.
INFO: [ app_end ] --START--
INFO: Run Behavior\ShowPageTraceBehavior [ RunTime:0.000039s ]
INFO: [ app_end ] --END-- [ RunTime:0.000072s ]

[ 2017-04-08T02:43:57+08:00 ] 191.253.68.210 /
INFO: [ app_init ] --START--
INFO: Run Behavior\BuildLiteBehavior [ RunTime:0.000010s ]
INFO: [ app_init ] --END-- [ RunTime:0.000068s ]
INFO: [ app_begin ] --START--
INFO: Run Behavior\ReadHtmlCacheBehavior [ RunTime:0.000029s ]
INFO: [ app_begin ] --END-- [ RunTime:0.000054s ]
NOTIC: [2048] Declaration of Home\Controller\IndexController::show() should be compatible with Think\Controller::show($content, $charset = '', $contentType = '', $prefix = '') /var/www/html/Application/Home/Controller/IndexController.class.php 第 0 行.
NOTIC: [8] Undefined index: nonce /var/www/html/Application/Home/Controller/IndexController.class.php 第 6 行.
NOTIC: [8] Undefined index: timestamp /var/www/html/Application/Home/Controller/IndexController.class.php 第 8 行.
NOTIC: [8] Undefined index: echostr /var/www/html/Application/Home/Controller/IndexController.class.php 第 9 行.
NOTIC: [8] Undefined index: signature /var/www/html/Application/Home/Controller/IndexController.class.php 第 10 行.
INFO: [ app_end ] --START--
INFO: Run Behavior\ShowPageTraceBehavior [ RunTime:0.000031s ]
INFO: [ app_end ] --END-- [ RunTime:0.000061s ]

[ 2017-04-08T02:48:49+08:00 ] 191.253.69.238 /
INFO: [ app_init ] --START--
INFO: Run Behavior\BuildLiteBehavior [ RunTime:0.000014s ]
INFO: [ app_init ] --END-- [ RunTime:0.000103s ]
INFO: [ app_begin ] --START--
INFO: Run Behavior\ReadHtmlCacheBehavior [ RunTime:0.000041s ]
INFO: [ app_begin ] --END-- [ RunTime:0.000078s ]
NOTIC: [2048] Declaration of Home\Controller\IndexController::show() should be compatible with Think\Controller::show($content, $charset = '', $contentType = '', $prefix = '') /var/www/html/Application/Home/Controller/IndexController.class.php 第 59 行.
NOTIC: [8] Undefined index: nonce /var/www/html/Application/Home/Controller/IndexController.class.php 第 6 行.
NOTIC: [8] Undefined index: timestamp /var/www/html/Application/Home/Controller/IndexController.class.php 第 8 行.
NOTIC: [8] Undefined index: echostr /var/www/html/Application/Home/Controller/IndexController.class.php 第 9 行.
NOTIC: [8] Undefined index: signature /var/www/html/Application/Home/Controller/IndexController.class.php 第 10 行.
INFO: [ app_end ] --START--
INFO: Run Behavior\ShowPageTraceBehavior [ RunTime:0.000039s ]
INFO: [ app_end ] --END-- [ RunTime:0.000072s ]

[ 2017-04-08T03:01:37+08:00 ] 191.253.71.202 /
INFO: [ app_init ] --START--
INFO: Run Behavior\BuildLiteBehavior [ RunTime:0.000016s ]
INFO: [ app_init ] --END-- [ RunTime:0.000132s ]
INFO: [ app_begin ] --START--
INFO: Run Behavior\ReadHtmlCacheBehavior [ RunTime:0.000049s ]
INFO: [ app_begin ] --END-- [ RunTime:0.000095s ]
NOTIC: [2048] Declaration of Home\Controller\IndexController::show() should be compatible with Think\Controller::show($content, $charset = '', $contentType = '', $prefix = '') /var/www/html/Application/Home/Controller/IndexController.class.php 第 137 行.
NOTIC: [8] Undefined index: nonce /var/www/html/Application/Home/Controller/IndexController.class.php 第 6 行.
NOTIC: [8] Undefined index: timestamp /var/www/html/Application/Home/Controller/IndexController.class.php 第 8 行.
NOTIC: [8] Undefined index: echostr /var/www/html/Application/Home/Controller/IndexController.class.php 第 9 行.
NOTIC: [8] Undefined index: signature /var/www/html/Application/Home/Controller/IndexController.class.php 第 10 行.
INFO: [ app_end ] --START--
INFO: Run Behavior\ShowPageTraceBehavior [ RunTime:0.000048s ]
INFO: [ app_end ] --END-- [ RunTime:0.000090s ]

[ 2017-04-08T03:05:16+08:00 ] 139.162.119.197 /
INFO: [ app_init ] --START--
INFO: Run Behavior\BuildLiteBehavior [ RunTime:0.000012s ]
INFO: [ app_init ] --END-- [ RunTime:0.000095s ]
INFO: [ app_begin ] --START--
INFO: Run Behavior\ReadHtmlCacheBehavior [ RunTime:0.000035s ]
INFO: [ app_begin ] --END-- [ RunTime:0.000067s ]
NOTIC: [2048] Declaration of Home\Controller\IndexController::show() should be compatible with Think\Controller::show($content, $charset = '', $contentType = '', $prefix = '') /var/www/html/Application/Home/Controller/IndexController.class.php 第 0 行.
NOTIC: [8] Undefined index: nonce /var/www/html/Application/Home/Controller/IndexController.class.php 第 6 行.
NOTIC: [8] Undefined index: timestamp /var/www/html/Application/Home/Controller/IndexController.class.php 第 8 行.
NOTIC: [8] Undefined index: echostr /var/www/html/Application/Home/Controller/IndexController.class.php 第 9 行.
NOTIC: [8] Undefined index: signature /var/www/html/Application/Home/Controller/IndexController.class.php 第 10 行.
INFO: [ app_end ] --START--
INFO: Run Behavior\ShowPageTraceBehavior [ RunTime:0.000035s ]
INFO: [ app_end ] --END-- [ RunTime:0.000063s ]

[ 2017-04-08T03:20:02+08:00 ] 191.253.70.124 /
INFO: [ app_init ] --START--
INFO: Run Behavior\BuildLiteBehavior [ RunTime:0.000014s ]
INFO: [ app_init ] --END-- [ RunTime:0.000108s ]
INFO: [ app_begin ] --START--
INFO: Run Behavior\ReadHtmlCacheBehavior [ RunTime:0.000032s ]
INFO: [ app_begin ] --END-- [ RunTime:0.000061s ]
NOTIC: [2048] Declaration of Home\Controller\IndexController::show() should be compatible with Think\Controller::show($content, $charset = '', $contentType = '', $prefix = '') /var/www/html/Application/Home/Controller/IndexController.class.php 第 0 行.
NOTIC: [8] Undefined index: nonce /var/www/html/Application/Home/Controller/IndexController.class.php 第 6 行.
NOTIC: [8] Undefined index: timestamp /var/www/html/Application/Home/Controller/IndexController.class.php 第 8 行.
NOTIC: [8] Undefined index: echostr /var/www/html/Application/Home/Controller/IndexController.class.php 第 9 行.
NOTIC: [8] Undefined index: signature /var/www/html/Application/Home/Controller/IndexController.class.php 第 10 行.
INFO: [ app_end ] --START--
INFO: Run Behavior\ShowPageTraceBehavior [ RunTime:0.000032s ]
INFO: [ app_end ] --END-- [ RunTime:0.000055s ]

[ 2017-04-08T03:32:16+08:00 ] 143.137.66.79 /
INFO: [ app_init ] --START--
INFO: Run Behavior\BuildLiteBehavior [ RunTime:0.000015s ]
INFO: [ app_init ] --END-- [ RunTime:0.000117s ]
INFO: [ app_begin ] --START--
INFO: Run Behavior\ReadHtmlCacheBehavior [ RunTime:0.000046s ]
INFO: [ app_begin ] --END-- [ RunTime:0.000087s ]
NOTIC: [2048] Declaration of Home\Controller\IndexController::show() should be compatible with Think\Controller::show($content, $charset = '', $contentType = '', $prefix = '') /var/www/html/Application/Home/Controller/IndexController.class.php 第 0 行.
NOTIC: [8] Undefined index: nonce /var/www/html/Application/Home/Controller/IndexController.class.php 第 6 行.
NOTIC: [8] Undefined index: timestamp /var/www/html/Application/Home/Controller/IndexController.class.php 第 8 行.
NOTIC: [8] Undefined index: echostr /var/www/html/Application/Home/Controller/IndexController.class.php 第 9 行.
NOTIC: [8] Undefined index: signature /var/www/html/Application/Home/Controller/IndexController.class.php 第 10 行.
INFO: [ app_end ] --START--
INFO: Run Behavior\ShowPageTraceBehavior [ RunTime:0.000060s ]
INFO: [ app_end ] --END-- [ RunTime:0.000098s ]

[ 2017-04-08T03:43:13+08:00 ] 36.79.15.193 /
INFO: [ app_init ] --START--
INFO: Run Behavior\BuildLiteBehavior [ RunTime:0.000014s ]
INFO: [ app_init ] --END-- [ RunTime:0.000106s ]
INFO: [ app_begin ] --START--
INFO: Run Behavior\ReadHtmlCacheBehavior [ RunTime:0.000053s ]
INFO: [ app_begin ] --END-- [ RunTime:0.000094s ]
NOTIC: [2048] Declaration of Home\Controller\IndexController::show() should be compatible with Think\Controller::show($content, $charset = '', $contentType = '', $prefix = '') /var/www/html/Application/Home/Controller/IndexController.class.php 第 0 行.
NOTIC: [8] Undefined index: nonce /var/www/html/Application/Home/Controller/IndexController.class.php 第 6 行.
NOTIC: [8] Undefined index: timestamp /var/www/html/Application/Home/Controller/IndexController.class.php 第 8 行.
NOTIC: [8] Undefined index: echostr /var/www/html/Application/Home/Controller/IndexController.class.php 第 9 行.
NOTIC: [8] Undefined index: signature /var/www/html/Application/Home/Controller/IndexController.class.php 第 10 行.
INFO: [ app_end ] --START--
INFO: Run Behavior\ShowPageTraceBehavior [ RunTime:0.000043s ]
INFO: [ app_end ] --END-- [ RunTime:0.000078s ]

[ 2017-04-08T04:03:05+08:00 ] 191.253.71.202 /
INFO: [ app_init ] --START--
INFO: Run Behavior\BuildLiteBehavior [ RunTime:0.000015s ]
INFO: [ app_init ] --END-- [ RunTime:0.000104s ]
INFO: [ app_begin ] --START--
INFO: Run Behavior\ReadHtmlCacheBehavior [ RunTime:0.000045s ]
INFO: [ app_begin ] --END-- [ RunTime:0.000086s ]
NOTIC: [2048] Declaration of Home\Controller\IndexController::show() should be compatible with Think\Controller::show($content, $charset = '', $contentType = '', $prefix = '') /var/www/html/Application/Home/Controller/IndexController.class.php 第 0 行.
NOTIC: [8] Undefined index: nonce /var/www/html/Application/Home/Controller/IndexController.class.php 第 6 行.
NOTIC: [8] Undefined index: timestamp /var/www/html/Application/Home/Controller/IndexController.class.php 第 8 行.
NOTIC: [8] Undefined index: echostr /var/www/html/Application/Home/Controller/IndexController.class.php 第 9 行.
NOTIC: [8] Undefined index: signature /var/www/html/Application/Home/Controller/IndexController.class.php 第 10 行.
INFO: [ app_end ] --START--
INFO: Run Behavior\ShowPageTraceBehavior [ RunTime:0.000045s ]
INFO: [ app_end ] --END-- [ RunTime:0.000082s ]

[ 2017-04-08T04:04:18+08:00 ] 191.253.71.202 /
INFO: [ app_init ] --START--
INFO: Run Behavior\BuildLiteBehavior [ RunTime:0.000011s ]
INFO: [ app_init ] --END-- [ RunTime:0.000072s ]
INFO: [ app_begin ] --START--
INFO: Run Behavior\ReadHtmlCacheBehavior [ RunTime:0.000030s ]
INFO: [ app_begin ] --END-- [ RunTime:0.000058s ]
NOTIC: [2048] Declaration of Home\Controller\IndexController::show() should be compatible with Think\Controller::show($content, $charset = '', $contentType = '', $prefix = '') /var/www/html/Application/Home/Controller/IndexController.class.php 第 0 行.
NOTIC: [8] Undefined index: nonce /var/www/html/Application/Home/Controller/IndexController.class.php 第 6 行.
NOTIC: [8] Undefined index: timestamp /var/www/html/Application/Home/Controller/IndexController.class.php 第 8 行.
NOTIC: [8] Undefined index: echostr /var/www/html/Application/Home/Controller/IndexController.class.php 第 9 行.
NOTIC: [8] Undefined index: signature /var/www/html/Application/Home/Controller/IndexController.class.php 第 10 行.
INFO: [ app_end ] --START--
INFO: Run Behavior\ShowPageTraceBehavior [ RunTime:0.000030s ]
INFO: [ app_end ] --END-- [ RunTime:0.000057s ]

[ 2017-04-08T04:07:03+08:00 ] 191.253.71.24 /
INFO: [ app_init ] --START--
INFO: Run Behavior\BuildLiteBehavior [ RunTime:0.000016s ]
INFO: [ app_init ] --END-- [ RunTime:0.000109s ]
INFO: [ app_begin ] --START--
INFO: Run Behavior\ReadHtmlCacheBehavior [ RunTime:0.000048s ]
INFO: [ app_begin ] --END-- [ RunTime:0.000093s ]
NOTIC: [2048] Declaration of Home\Controller\IndexController::show() should be compatible with Think\Controller::show($content, $charset = '', $contentType = '', $prefix = '') /var/www/html/Application/Home/Controller/IndexController.class.php 第 0 行.
NOTIC: [8] Undefined index: nonce /var/www/html/Application/Home/Controller/IndexController.class.php 第 6 行.
NOTIC: [8] Undefined index: timestamp /var/www/html/Application/Home/Controller/IndexController.class.php 第 8 行.
NOTIC: [8] Undefined index: echostr /var/www/html/Application/Home/Controller/IndexController.class.php 第 9 行.
NOTIC: [8] Undefined index: signature /var/www/html/Application/Home/Controller/IndexController.class.php 第 10 行.
INFO: [ app_end ] --START--
INFO: Run Behavior\ShowPageTraceBehavior [ RunTime:0.000099s ]
INFO: [ app_end ] --END-- [ RunTime:0.000144s ]

[ 2017-04-08T04:16:41+08:00 ] 191.253.71.202 /
INFO: [ app_init ] --START--
INFO: Run Behavior\BuildLiteBehavior [ RunTime:0.000013s ]
INFO: [ app_init ] --END-- [ RunTime:0.000106s ]
INFO: [ app_begin ] --START--
INFO: Run Behavior\ReadHtmlCacheBehavior [ RunTime:0.000041s ]
INFO: [ app_begin ] --END-- [ RunTime:0.000078s ]
NOTIC: [2048] Declaration of Home\Controller\IndexController::show() should be compatible with Think\Controller::show($content, $charset = '', $contentType = '', $prefix = '') /var/www/html/Application/Home/Controller/IndexController.class.php 第 59 行.
NOTIC: [8] Undefined index: nonce /var/www/html/Application/Home/Controller/IndexController.class.php 第 6 行.
NOTIC: [8] Undefined index: timestamp /var/www/html/Application/Home/Controller/IndexController.class.php 第 8 行.
NOTIC: [8] Undefined index: echostr /var/www/html/Application/Home/Controller/IndexController.class.php 第 9 行.
NOTIC: [8] Undefined index: signature /var/www/html/Application/Home/Controller/IndexController.class.php 第 10 行.
INFO: [ app_end ] --START--
INFO: Run Behavior\ShowPageTraceBehavior [ RunTime:0.000039s ]
INFO: [ app_end ] --END-- [ RunTime:0.000073s ]

[ 2017-04-08T04:47:13+08:00 ] 191.253.71.202 /
INFO: [ app_init ] --START--
INFO: Run Behavior\BuildLiteBehavior [ RunTime:0.000010s ]
INFO: [ app_init ] --END-- [ RunTime:0.000080s ]
INFO: [ app_begin ] --START--
INFO: Run Behavior\ReadHtmlCacheBehavior [ RunTime:0.000038s ]
INFO: [ app_begin ] --END-- [ RunTime:0.000064s ]
NOTIC: [2048] Declaration of Home\Controller\IndexController::show() should be compatible with Think\Controller::show($content, $charset = '', $contentType = '', $prefix = '') /var/www/html/Application/Home/Controller/IndexController.class.php 第 137 行.
NOTIC: [8] Undefined index: nonce /var/www/html/Application/Home/Controller/IndexController.class.php 第 6 行.
NOTIC: [8] Undefined index: timestamp /var/www/html/Application/Home/Controller/IndexController.class.php 第 8 行.
NOTIC: [8] Undefined index: echostr /var/www/html/Application/Home/Controller/IndexController.class.php 第 9 行.
NOTIC: [8] Undefined index: signature /var/www/html/Application/Home/Controller/IndexController.class.php 第 10 行.
INFO: [ app_end ] --START--
INFO: Run Behavior\ShowPageTraceBehavior [ RunTime:0.000041s ]
INFO: [ app_end ] --END-- [ RunTime:0.000065s ]

[ 2017-04-08T04:58:03+08:00 ] 191.253.71.46 /
INFO: [ app_init ] --START--
INFO: Run Behavior\BuildLiteBehavior [ RunTime:0.000016s ]
INFO: [ app_init ] --END-- [ RunTime:0.000124s ]
INFO: [ app_begin ] --START--
INFO: Run Behavior\ReadHtmlCacheBehavior [ RunTime:0.000079s ]
INFO: [ app_begin ] --END-- [ RunTime:0.000125s ]
NOTIC: [2048] Declaration of Home\Controller\IndexController::show() should be compatible with Think\Controller::show($content, $charset = '', $contentType = '', $prefix = '') /var/www/html/Application/Home/Controller/IndexController.class.php 第 0 行.
NOTIC: [8] Undefined index: nonce /var/www/html/Application/Home/Controller/IndexController.class.php 第 6 行.
NOTIC: [8] Undefined index: timestamp /var/www/html/Application/Home/Controller/IndexController.class.php 第 8 行.
NOTIC: [8] Undefined index: echostr /var/www/html/Application/Home/Controller/IndexController.class.php 第 9 行.
NOTIC: [8] Undefined index: signature /var/www/html/Application/Home/Controller/IndexController.class.php 第 10 行.
INFO: [ app_end ] --START--
INFO: Run Behavior\ShowPageTraceBehavior [ RunTime:0.000049s ]
INFO: [ app_end ] --END-- [ RunTime:0.000089s ]

[ 2017-04-08T05:11:35+08:00 ] 191.253.68.90 /
INFO: [ app_init ] --START--
INFO: Run Behavior\BuildLiteBehavior [ RunTime:0.000017s ]
INFO: [ app_init ] --END-- [ RunTime:0.000136s ]
INFO: [ app_begin ] --START--
INFO: Run Behavior\ReadHtmlCacheBehavior [ RunTime:0.000059s ]
INFO: [ app_begin ] --END-- [ RunTime:0.000105s ]
NOTIC: [2048] Declaration of Home\Controller\IndexController::show() should be compatible with Think\Controller::show($content, $charset = '', $contentType = '', $prefix = '') /var/www/html/Application/Home/Controller/IndexController.class.php 第 0 行.
NOTIC: [8] Undefined index: nonce /var/www/html/Application/Home/Controller/IndexController.class.php 第 6 行.
NOTIC: [8] Undefined index: timestamp /var/www/html/Application/Home/Controller/IndexController.class.php 第 8 行.
NOTIC: [8] Undefined index: echostr /var/www/html/Application/Home/Controller/IndexController.class.php 第 9 行.
NOTIC: [8] Undefined index: signature /var/www/html/Application/Home/Controller/IndexController.class.php 第 10 行.
INFO: [ app_end ] --START--
INFO: Run Behavior\ShowPageTraceBehavior [ RunTime:0.000051s ]
INFO: [ app_end ] --END-- [ RunTime:0.000092s ]

[ 2017-04-08T05:12:57+08:00 ] 139.162.124.167 /
INFO: [ app_init ] --START--
INFO: Run Behavior\BuildLiteBehavior [ RunTime:0.000014s ]
INFO: [ app_init ] --END-- [ RunTime:0.000100s ]
INFO: [ app_begin ] --START--
INFO: Run Behavior\ReadHtmlCacheBehavior [ RunTime:0.000050s ]
INFO: [ app_begin ] --END-- [ RunTime:0.000086s ]
NOTIC: [2048] Declaration of Home\Controller\IndexController::show() should be compatible with Think\Controller::show($content, $charset = '', $contentType = '', $prefix = '') /var/www/html/Application/Home/Controller/IndexController.class.php 第 0 行.
NOTIC: [8] Undefined index: nonce /var/www/html/Application/Home/Controller/IndexController.class.php 第 6 行.
NOTIC: [8] Undefined index: timestamp /var/www/html/Application/Home/Controller/IndexController.class.php 第 8 行.
NOTIC: [8] Undefined index: echostr /var/www/html/Application/Home/Controller/IndexController.class.php 第 9 行.
NOTIC: [8] Undefined index: signature /var/www/html/Application/Home/Controller/IndexController.class.php 第 10 行.
INFO: [ app_end ] --START--
INFO: Run Behavior\ShowPageTraceBehavior [ RunTime:0.000038s ]
INFO: [ app_end ] --END-- [ RunTime:0.000070s ]

[ 2017-04-08T05:13:28+08:00 ] 191.253.71.202 /
INFO: [ app_init ] --START--
INFO: Run Behavior\BuildLiteBehavior [ RunTime:0.000016s ]
INFO: [ app_init ] --END-- [ RunTime:0.000103s ]
INFO: [ app_begin ] --START--
INFO: Run Behavior\ReadHtmlCacheBehavior [ RunTime:0.000047s ]
INFO: [ app_begin ] --END-- [ RunTime:0.000088s ]
NOTIC: [2048] Declaration of Home\Controller\IndexController::show() should be compatible with Think\Controller::show($content, $charset = '', $contentType = '', $prefix = '') /var/www/html/Application/Home/Controller/IndexController.class.php 第 0 行.
NOTIC: [8] Undefined index: nonce /var/www/html/Application/Home/Controller/IndexController.class.php 第 6 行.
NOTIC: [8] Undefined index: timestamp /var/www/html/Application/Home/Controller/IndexController.class.php 第 8 行.
NOTIC: [8] Undefined index: echostr /var/www/html/Application/Home/Controller/IndexController.class.php 第 9 行.
NOTIC: [8] Undefined index: signature /var/www/html/Application/Home/Controller/IndexController.class.php 第 10 行.
INFO: [ app_end ] --START--
INFO: Run Behavior\ShowPageTraceBehavior [ RunTime:0.000045s ]
INFO: [ app_end ] --END-- [ RunTime:0.000082s ]

[ 2017-04-08T05:14:03+08:00 ] 191.253.71.202 /
INFO: [ app_init ] --START--
INFO: Run Behavior\BuildLiteBehavior [ RunTime:0.000010s ]
INFO: [ app_init ] --END-- [ RunTime:0.000078s ]
INFO: [ app_begin ] --START--
INFO: Run Behavior\ReadHtmlCacheBehavior [ RunTime:0.000029s ]
INFO: [ app_begin ] --END-- [ RunTime:0.000055s ]
NOTIC: [2048] Declaration of Home\Controller\IndexController::show() should be compatible with Think\Controller::show($content, $charset = '', $contentType = '', $prefix = '') /var/www/html/Application/Home/Controller/IndexController.class.php 第 0 行.
NOTIC: [8] Undefined index: nonce /var/www/html/Application/Home/Controller/IndexController.class.php 第 6 行.
NOTIC: [8] Undefined index: timestamp /var/www/html/Application/Home/Controller/IndexController.class.php 第 8 行.
NOTIC: [8] Undefined index: echostr /var/www/html/Application/Home/Controller/IndexController.class.php 第 9 行.
NOTIC: [8] Undefined index: signature /var/www/html/Application/Home/Controller/IndexController.class.php 第 10 行.
INFO: [ app_end ] --START--
INFO: Run Behavior\ShowPageTraceBehavior [ RunTime:0.000028s ]
INFO: [ app_end ] --END-- [ RunTime:0.000051s ]

[ 2017-04-08T05:23:36+08:00 ] 191.253.71.202 /
INFO: [ app_init ] --START--
INFO: Run Behavior\BuildLiteBehavior [ RunTime:0.000011s ]
INFO: [ app_init ] --END-- [ RunTime:0.000069s ]
INFO: [ app_begin ] --START--
INFO: Run Behavior\ReadHtmlCacheBehavior [ RunTime:0.000030s ]
INFO: [ app_begin ] --END-- [ RunTime:0.000057s ]
NOTIC: [2048] Declaration of Home\Controller\IndexController::show() should be compatible with Think\Controller::show($content, $charset = '', $contentType = '', $prefix = '') /var/www/html/Application/Home/Controller/IndexController.class.php 第 0 行.
NOTIC: [8] Undefined index: nonce /var/www/html/Application/Home/Controller/IndexController.class.php 第 6 行.
NOTIC: [8] Undefined index: timestamp /var/www/html/Application/Home/Controller/IndexController.class.php 第 8 行.
NOTIC: [8] Undefined index: echostr /var/www/html/Application/Home/Controller/IndexController.class.php 第 9 行.
NOTIC: [8] Undefined index: signature /var/www/html/Application/Home/Controller/IndexController.class.php 第 10 行.
INFO: [ app_end ] --START--
INFO: Run Behavior\ShowPageTraceBehavior [ RunTime:0.000029s ]
INFO: [ app_end ] --END-- [ RunTime:0.000050s ]

[ 2017-04-08T05:26:36+08:00 ] 191.253.71.202 /
INFO: [ app_init ] --START--
INFO: Run Behavior\BuildLiteBehavior [ RunTime:0.000015s ]
INFO: [ app_init ] --END-- [ RunTime:0.000119s ]
INFO: [ app_begin ] --START--
INFO: Run Behavior\ReadHtmlCacheBehavior [ RunTime:0.000047s ]
INFO: [ app_begin ] --END-- [ RunTime:0.000102s ]
NOTIC: [2048] Declaration of Home\Controller\IndexController::show() should be compatible with Think\Controller::show($content, $charset = '', $contentType = '', $prefix = '') /var/www/html/Application/Home/Controller/IndexController.class.php 第 59 行.
NOTIC: [8] Undefined index: nonce /var/www/html/Application/Home/Controller/IndexController.class.php 第 6 行.
NOTIC: [8] Undefined index: timestamp /var/www/html/Application/Home/Controller/IndexController.class.php 第 8 行.
NOTIC: [8] Undefined index: echostr /var/www/html/Application/Home/Controller/IndexController.class.php 第 9 行.
NOTIC: [8] Undefined index: signature /var/www/html/Application/Home/Controller/IndexController.class.php 第 10 行.
INFO: [ app_end ] --START--
INFO: Run Behavior\ShowPageTraceBehavior [ RunTime:0.000050s ]
INFO: [ app_end ] --END-- [ RunTime:0.000090s ]

[ 2017-04-08T05:30:05+08:00 ] 191.253.71.202 /
INFO: [ app_init ] --START--
INFO: Run Behavior\BuildLiteBehavior [ RunTime:0.000010s ]
INFO: [ app_init ] --END-- [ RunTime:0.000080s ]
INFO: [ app_begin ] --START--
INFO: Run Behavior\ReadHtmlCacheBehavior [ RunTime:0.000029s ]
INFO: [ app_begin ] --END-- [ RunTime:0.000054s ]
NOTIC: [2048] Declaration of Home\Controller\IndexController::show() should be compatible with Think\Controller::show($content, $charset = '', $contentType = '', $prefix = '') /var/www/html/Application/Home/Controller/IndexController.class.php 第 137 行.
NOTIC: [8] Undefined index: nonce /var/www/html/Application/Home/Controller/IndexController.class.php 第 6 行.
NOTIC: [8] Undefined index: timestamp /var/www/html/Application/Home/Controller/IndexController.class.php 第 8 行.
NOTIC: [8] Undefined index: echostr /var/www/html/Application/Home/Controller/IndexController.class.php 第 9 行.
NOTIC: [8] Undefined index: signature /var/www/html/Application/Home/Controller/IndexController.class.php 第 10 行.
INFO: [ app_end ] --START--
INFO: Run Behavior\ShowPageTraceBehavior [ RunTime:0.000030s ]
INFO: [ app_end ] --END-- [ RunTime:0.000065s ]

[ 2017-04-08T05:33:08+08:00 ] 191.253.71.202 /
INFO: [ app_init ] --START--
INFO: Run Behavior\BuildLiteBehavior [ RunTime:0.000011s ]
INFO: [ app_init ] --END-- [ RunTime:0.000088s ]
INFO: [ app_begin ] --START--
INFO: Run Behavior\ReadHtmlCacheBehavior [ RunTime:0.000041s ]
INFO: [ app_begin ] --END-- [ RunTime:0.000068s ]
NOTIC: [2048] Declaration of Home\Controller\IndexController::show() should be compatible with Think\Controller::show($content, $charset = '', $contentType = '', $prefix = '') /var/www/html/Application/Home/Controller/IndexController.class.php 第 0 行.
NOTIC: [8] Undefined index: nonce /var/www/html/Application/Home/Controller/IndexController.class.php 第 6 行.
NOTIC: [8] Undefined index: timestamp /var/www/html/Application/Home/Controller/IndexController.class.php 第 8 行.
NOTIC: [8] Undefined index: echostr /var/www/html/Application/Home/Controller/IndexController.class.php 第 9 行.
NOTIC: [8] Undefined index: signature /var/www/html/Application/Home/Controller/IndexController.class.php 第 10 行.
INFO: [ app_end ] --START--
INFO: Run Behavior\ShowPageTraceBehavior [ RunTime:0.000032s ]
INFO: [ app_end ] --END-- [ RunTime:0.000056s ]

[ 2017-04-08T05:38:43+08:00 ] 191.253.69.123 /
INFO: [ app_init ] --START--
INFO: Run Behavior\BuildLiteBehavior [ RunTime:0.000012s ]
INFO: [ app_init ] --END-- [ RunTime:0.000091s ]
INFO: [ app_begin ] --START--
INFO: Run Behavior\ReadHtmlCacheBehavior [ RunTime:0.000037s ]
INFO: [ app_begin ] --END-- [ RunTime:0.000070s ]
NOTIC: [2048] Declaration of Home\Controller\IndexController::show() should be compatible with Think\Controller::show($content, $charset = '', $contentType = '', $prefix = '') /var/www/html/Application/Home/Controller/IndexController.class.php 第 0 行.
NOTIC: [8] Undefined index: nonce /var/www/html/Application/Home/Controller/IndexController.class.php 第 6 行.
NOTIC: [8] Undefined index: timestamp /var/www/html/Application/Home/Controller/IndexController.class.php 第 8 行.
NOTIC: [8] Undefined index: echostr /var/www/html/Application/Home/Controller/IndexController.class.php 第 9 行.
NOTIC: [8] Undefined index: signature /var/www/html/Application/Home/Controller/IndexController.class.php 第 10 行.
INFO: [ app_end ] --START--
INFO: Run Behavior\ShowPageTraceBehavior [ RunTime:0.000037s ]
INFO: [ app_end ] --END-- [ RunTime:0.000065s ]

[ 2017-04-08T05:51:44+08:00 ] 191.253.71.162 /
INFO: [ app_init ] --START--
INFO: Run Behavior\BuildLiteBehavior [ RunTime:0.000015s ]
INFO: [ app_init ] --END-- [ RunTime:0.000104s ]
INFO: [ app_begin ] --START--
INFO: Run Behavior\ReadHtmlCacheBehavior [ RunTime:0.000039s ]
INFO: [ app_begin ] --END-- [ RunTime:0.000071s ]
NOTIC: [2048] Declaration of Home\Controller\IndexController::show() should be compatible with Think\Controller::show($content, $charset = '', $contentType = '', $prefix = '') /var/www/html/Application/Home/Controller/IndexController.class.php 第 0 行.
NOTIC: [8] Undefined index: nonce /var/www/html/Application/Home/Controller/IndexController.class.php 第 6 行.
NOTIC: [8] Undefined index: timestamp /var/www/html/Application/Home/Controller/IndexController.class.php 第 8 行.
NOTIC: [8] Undefined index: echostr /var/www/html/Application/Home/Controller/IndexController.class.php 第 9 行.
NOTIC: [8] Undefined index: signature /var/www/html/Application/Home/Controller/IndexController.class.php 第 10 行.
INFO: [ app_end ] --START--
INFO: Run Behavior\ShowPageTraceBehavior [ RunTime:0.000033s ]
INFO: [ app_end ] --END-- [ RunTime:0.000057s ]

[ 2017-04-08T07:02:26+08:00 ] 209.126.136.2 /
INFO: [ app_init ] --START--
INFO: Run Behavior\BuildLiteBehavior [ RunTime:0.000011s ]
INFO: [ app_init ] --END-- [ RunTime:0.000071s ]
INFO: [ app_begin ] --START--
INFO: Run Behavior\ReadHtmlCacheBehavior [ RunTime:0.000032s ]
INFO: [ app_begin ] --END-- [ RunTime:0.000060s ]
NOTIC: [2048] Declaration of Home\Controller\IndexController::show() should be compatible with Think\Controller::show($content, $charset = '', $contentType = '', $prefix = '') /var/www/html/Application/Home/Controller/IndexController.class.php 第 0 行.
NOTIC: [8] Undefined index: nonce /var/www/html/Application/Home/Controller/IndexController.class.php 第 6 行.
NOTIC: [8] Undefined index: timestamp /var/www/html/Application/Home/Controller/IndexController.class.php 第 8 行.
NOTIC: [8] Undefined index: echostr /var/www/html/Application/Home/Controller/IndexController.class.php 第 9 行.
NOTIC: [8] Undefined index: signature /var/www/html/Application/Home/Controller/IndexController.class.php 第 10 行.
INFO: [ app_end ] --START--
INFO: Run Behavior\ShowPageTraceBehavior [ RunTime:0.000028s ]
INFO: [ app_end ] --END-- [ RunTime:0.000057s ]

[ 2017-04-08T07:04:52+08:00 ] 191.253.71.202 /
INFO: [ app_init ] --START--
INFO: Run Behavior\BuildLiteBehavior [ RunTime:0.000024s ]
INFO: [ app_init ] --END-- [ RunTime:0.000158s ]
INFO: [ app_begin ] --START--
INFO: Run Behavior\ReadHtmlCacheBehavior [ RunTime:0.000081s ]
INFO: [ app_begin ] --END-- [ RunTime:0.000126s ]
NOTIC: [2048] Declaration of Home\Controller\IndexController::show() should be compatible with Think\Controller::show($content, $charset = '', $contentType = '', $prefix = '') /var/www/html/Application/Home/Controller/IndexController.class.php 第 0 行.
NOTIC: [8] Undefined index: nonce /var/www/html/Application/Home/Controller/IndexController.class.php 第 6 行.
NOTIC: [8] Undefined index: timestamp /var/www/html/Application/Home/Controller/IndexController.class.php 第 8 行.
NOTIC: [8] Undefined index: echostr /var/www/html/Application/Home/Controller/IndexController.class.php 第 9 行.
NOTIC: [8] Undefined index: signature /var/www/html/Application/Home/Controller/IndexController.class.php 第 10 行.
INFO: [ app_end ] --START--
INFO: Run Behavior\ShowPageTraceBehavior [ RunTime:0.000053s ]
INFO: [ app_end ] --END-- [ RunTime:0.000100s ]

[ 2017-04-08T07:26:13+08:00 ] 191.253.71.202 /
INFO: [ app_init ] --START--
INFO: Run Behavior\BuildLiteBehavior [ RunTime:0.000011s ]
INFO: [ app_init ] --END-- [ RunTime:0.000081s ]
INFO: [ app_begin ] --START--
INFO: Run Behavior\ReadHtmlCacheBehavior [ RunTime:0.000035s ]
INFO: [ app_begin ] --END-- [ RunTime:0.000065s ]
NOTIC: [2048] Declaration of Home\Controller\IndexController::show() should be compatible with Think\Controller::show($content, $charset = '', $contentType = '', $prefix = '') /var/www/html/Application/Home/Controller/IndexController.class.php 第 0 行.
NOTIC: [8] Undefined index: nonce /var/www/html/Application/Home/Controller/IndexController.class.php 第 6 行.
NOTIC: [8] Undefined index: timestamp /var/www/html/Application/Home/Controller/IndexController.class.php 第 8 行.
NOTIC: [8] Undefined index: echostr /var/www/html/Application/Home/Controller/IndexController.class.php 第 9 行.
NOTIC: [8] Undefined index: signature /var/www/html/Application/Home/Controller/IndexController.class.php 第 10 行.
INFO: [ app_end ] --START--
INFO: Run Behavior\ShowPageTraceBehavior [ RunTime:0.000036s ]
INFO: [ app_end ] --END-- [ RunTime:0.000063s ]

[ 2017-04-08T08:42:01+08:00 ] 191.253.71.202 /
INFO: [ app_init ] --START--
INFO: Run Behavior\BuildLiteBehavior [ RunTime:0.000011s ]
INFO: [ app_init ] --END-- [ RunTime:0.000071s ]
INFO: [ app_begin ] --START--
INFO: Run Behavior\ReadHtmlCacheBehavior [ RunTime:0.000040s ]
INFO: [ app_begin ] --END-- [ RunTime:0.000067s ]
NOTIC: [2048] Declaration of Home\Controller\IndexController::show() should be compatible with Think\Controller::show($content, $charset = '', $contentType = '', $prefix = '') /var/www/html/Application/Home/Controller/IndexController.class.php 第 0 行.
NOTIC: [8] Undefined index: nonce /var/www/html/Application/Home/Controller/IndexController.class.php 第 6 行.
NOTIC: [8] Undefined index: timestamp /var/www/html/Application/Home/Controller/IndexController.class.php 第 8 行.
NOTIC: [8] Undefined index: echostr /var/www/html/Application/Home/Controller/IndexController.class.php 第 9 行.
NOTIC: [8] Undefined index: signature /var/www/html/Application/Home/Controller/IndexController.class.php 第 10 行.
INFO: [ app_end ] --START--
INFO: Run Behavior\ShowPageTraceBehavior [ RunTime:0.000031s ]
INFO: [ app_end ] --END-- [ RunTime:0.000055s ]

[ 2017-04-08T08:52:08+08:00 ] 191.253.71.202 /
INFO: [ app_init ] --START--
INFO: Run Behavior\BuildLiteBehavior [ RunTime:0.000022s ]
INFO: [ app_init ] --END-- [ RunTime:0.000126s ]
INFO: [ app_begin ] --START--
INFO: Run Behavior\ReadHtmlCacheBehavior [ RunTime:0.000054s ]
INFO: [ app_begin ] --END-- [ RunTime:0.000106s ]
NOTIC: [2048] Declaration of Home\Controller\IndexController::show() should be compatible with Think\Controller::show($content, $charset = '', $contentType = '', $prefix = '') /var/www/html/Application/Home/Controller/IndexController.class.php 第 0 行.
NOTIC: [8] Undefined index: nonce /var/www/html/Application/Home/Controller/IndexController.class.php 第 6 行.
NOTIC: [8] Undefined index: timestamp /var/www/html/Application/Home/Controller/IndexController.class.php 第 8 行.
NOTIC: [8] Undefined index: echostr /var/www/html/Application/Home/Controller/IndexController.class.php 第 9 行.
NOTIC: [8] Undefined index: signature /var/www/html/Application/Home/Controller/IndexController.class.php 第 10 行.
INFO: [ app_end ] --START--
INFO: Run Behavior\ShowPageTraceBehavior [ RunTime:0.000044s ]
INFO: [ app_end ] --END-- [ RunTime:0.000083s ]

[ 2017-04-08T09:07:17+08:00 ] 191.253.71.202 /
INFO: [ app_init ] --START--
INFO: Run Behavior\BuildLiteBehavior [ RunTime:0.000013s ]
INFO: [ app_init ] --END-- [ RunTime:0.000094s ]
INFO: [ app_begin ] --START--
INFO: Run Behavior\ReadHtmlCacheBehavior [ RunTime:0.000060s ]
INFO: [ app_begin ] --END-- [ RunTime:0.000097s ]
NOTIC: [2048] Declaration of Home\Controller\IndexController::show() should be compatible with Think\Controller::show($content, $charset = '', $contentType = '', $prefix = '') /var/www/html/Application/Home/Controller/IndexController.class.php 第 0 行.
NOTIC: [8] Undefined index: nonce /var/www/html/Application/Home/Controller/IndexController.class.php 第 6 行.
NOTIC: [8] Undefined index: timestamp /var/www/html/Application/Home/Controller/IndexController.class.php 第 8 行.
NOTIC: [8] Undefined index: echostr /var/www/html/Application/Home/Controller/IndexController.class.php 第 9 行.
NOTIC: [8] Undefined index: signature /var/www/html/Application/Home/Controller/IndexController.class.php 第 10 行.
INFO: [ app_end ] --START--
INFO: Run Behavior\ShowPageTraceBehavior [ RunTime:0.000039s ]
INFO: [ app_end ] --END-- [ RunTime:0.000071s ]

[ 2017-04-08T09:23:15+08:00 ] 191.253.71.202 /
INFO: [ app_init ] --START--
INFO: Run Behavior\BuildLiteBehavior [ RunTime:0.000013s ]
INFO: [ app_init ] --END-- [ RunTime:0.000076s ]
INFO: [ app_begin ] --START--
INFO: Run Behavior\ReadHtmlCacheBehavior [ RunTime:0.000031s ]
INFO: [ app_begin ] --END-- [ RunTime:0.000060s ]
NOTIC: [2048] Declaration of Home\Controller\IndexController::show() should be compatible with Think\Controller::show($content, $charset = '', $contentType = '', $prefix = '') /var/www/html/Application/Home/Controller/IndexController.class.php 第 0 行.
NOTIC: [8] Undefined index: nonce /var/www/html/Application/Home/Controller/IndexController.class.php 第 6 行.
NOTIC: [8] Undefined index: timestamp /var/www/html/Application/Home/Controller/IndexController.class.php 第 8 行.
NOTIC: [8] Undefined index: echostr /var/www/html/Application/Home/Controller/IndexController.class.php 第 9 行.
NOTIC: [8] Undefined index: signature /var/www/html/Application/Home/Controller/IndexController.class.php 第 10 行.
INFO: [ app_end ] --START--
INFO: Run Behavior\ShowPageTraceBehavior [ RunTime:0.000030s ]
INFO: [ app_end ] --END-- [ RunTime:0.000054s ]

[ 2017-04-08T11:03:20+08:00 ] 191.253.71.202 /
INFO: [ app_init ] --START--
INFO: Run Behavior\BuildLiteBehavior [ RunTime:0.000015s ]
INFO: [ app_init ] --END-- [ RunTime:0.000102s ]
INFO: [ app_begin ] --START--
INFO: Run Behavior\ReadHtmlCacheBehavior [ RunTime:0.000048s ]
INFO: [ app_begin ] --END-- [ RunTime:0.000092s ]
NOTIC: [2048] Declaration of Home\Controller\IndexController::show() should be compatible with Think\Controller::show($content, $charset = '', $contentType = '', $prefix = '') /var/www/html/Application/Home/Controller/IndexController.class.php 第 0 行.
NOTIC: [8] Undefined index: nonce /var/www/html/Application/Home/Controller/IndexController.class.php 第 6 行.
NOTIC: [8] Undefined index: timestamp /var/www/html/Application/Home/Controller/IndexController.class.php 第 8 行.
NOTIC: [8] Undefined index: echostr /var/www/html/Application/Home/Controller/IndexController.class.php 第 9 行.
NOTIC: [8] Undefined index: signature /var/www/html/Application/Home/Controller/IndexController.class.php 第 10 行.
INFO: [ app_end ] --START--
INFO: Run Behavior\ShowPageTraceBehavior [ RunTime:0.000047s ]
INFO: [ app_end ] --END-- [ RunTime:0.000086s ]

[ 2017-04-08T12:50:41+08:00 ] 143.137.65.221 /
INFO: [ app_init ] --START--
INFO: Run Behavior\BuildLiteBehavior [ RunTime:0.000018s ]
INFO: [ app_init ] --END-- [ RunTime:0.000118s ]
INFO: [ app_begin ] --START--
INFO: Run Behavior\ReadHtmlCacheBehavior [ RunTime:0.000052s ]
INFO: [ app_begin ] --END-- [ RunTime:0.000103s ]
NOTIC: [2048] Declaration of Home\Controller\IndexController::show() should be compatible with Think\Controller::show($content, $charset = '', $contentType = '', $prefix = '') /var/www/html/Application/Home/Controller/IndexController.class.php 第 0 行.
NOTIC: [8] Undefined index: nonce /var/www/html/Application/Home/Controller/IndexController.class.php 第 6 行.
NOTIC: [8] Undefined index: timestamp /var/www/html/Application/Home/Controller/IndexController.class.php 第 8 行.
NOTIC: [8] Undefined index: echostr /var/www/html/Application/Home/Controller/IndexController.class.php 第 9 行.
NOTIC: [8] Undefined index: signature /var/www/html/Application/Home/Controller/IndexController.class.php 第 10 行.
INFO: [ app_end ] --START--
INFO: Run Behavior\ShowPageTraceBehavior [ RunTime:0.000054s ]
INFO: [ app_end ] --END-- [ RunTime:0.000111s ]

[ 2017-04-08T13:11:53+08:00 ] 191.253.71.202 /
INFO: [ app_init ] --START--
INFO: Run Behavior\BuildLiteBehavior [ RunTime:0.000013s ]
INFO: [ app_init ] --END-- [ RunTime:0.000106s ]
INFO: [ app_begin ] --START--
INFO: Run Behavior\ReadHtmlCacheBehavior [ RunTime:0.000040s ]
INFO: [ app_begin ] --END-- [ RunTime:0.000075s ]
NOTIC: [2048] Declaration of Home\Controller\IndexController::show() should be compatible with Think\Controller::show($content, $charset = '', $contentType = '', $prefix = '') /var/www/html/Application/Home/Controller/IndexController.class.php 第 59 行.
NOTIC: [8] Undefined index: nonce /var/www/html/Application/Home/Controller/IndexController.class.php 第 6 行.
NOTIC: [8] Undefined index: timestamp /var/www/html/Application/Home/Controller/IndexController.class.php 第 8 行.
NOTIC: [8] Undefined index: echostr /var/www/html/Application/Home/Controller/IndexController.class.php 第 9 行.
NOTIC: [8] Undefined index: signature /var/www/html/Application/Home/Controller/IndexController.class.php 第 10 行.
INFO: [ app_end ] --START--
INFO: Run Behavior\ShowPageTraceBehavior [ RunTime:0.000038s ]
INFO: [ app_end ] --END-- [ RunTime:0.000069s ]

[ 2017-04-08T13:26:50+08:00 ] 191.253.71.202 /
INFO: [ app_init ] --START--
INFO: Run Behavior\BuildLiteBehavior [ RunTime:0.000015s ]
INFO: [ app_init ] --END-- [ RunTime:0.000112s ]
INFO: [ app_begin ] --START--
INFO: Run Behavior\ReadHtmlCacheBehavior [ RunTime:0.000059s ]
INFO: [ app_begin ] --END-- [ RunTime:0.000103s ]
NOTIC: [2048] Declaration of Home\Controller\IndexController::show() should be compatible with Think\Controller::show($content, $charset = '', $contentType = '', $prefix = '') /var/www/html/Application/Home/Controller/IndexController.class.php 第 137 行.
NOTIC: [8] Undefined index: nonce /var/www/html/Application/Home/Controller/IndexController.class.php 第 6 行.
NOTIC: [8] Undefined index: timestamp /var/www/html/Application/Home/Controller/IndexController.class.php 第 8 行.
NOTIC: [8] Undefined index: echostr /var/www/html/Application/Home/Controller/IndexController.class.php 第 9 行.
NOTIC: [8] Undefined index: signature /var/www/html/Application/Home/Controller/IndexController.class.php 第 10 行.
INFO: [ app_end ] --START--
INFO: Run Behavior\ShowPageTraceBehavior [ RunTime:0.000047s ]
INFO: [ app_end ] --END-- [ RunTime:0.000085s ]

[ 2017-04-08T13:28:17+08:00 ] 191.253.71.202 /
INFO: [ app_init ] --START--
INFO: Run Behavior\BuildLiteBehavior [ RunTime:0.000012s ]
INFO: [ app_init ] --END-- [ RunTime:0.000088s ]
INFO: [ app_begin ] --START--
INFO: Run Behavior\ReadHtmlCacheBehavior [ RunTime:0.000036s ]
INFO: [ app_begin ] --END-- [ RunTime:0.000070s ]
NOTIC: [2048] Declaration of Home\Controller\IndexController::show() should be compatible with Think\Controller::show($content, $charset = '', $contentType = '', $prefix = '') /var/www/html/Application/Home/Controller/IndexController.class.php 第 0 行.
NOTIC: [8] Undefined index: nonce /var/www/html/Application/Home/Controller/IndexController.class.php 第 6 行.
NOTIC: [8] Undefined index: timestamp /var/www/html/Application/Home/Controller/IndexController.class.php 第 8 行.
NOTIC: [8] Undefined index: echostr /var/www/html/Application/Home/Controller/IndexController.class.php 第 9 行.
NOTIC: [8] Undefined index: signature /var/www/html/Application/Home/Controller/IndexController.class.php 第 10 行.
INFO: [ app_end ] --START--
INFO: Run Behavior\ShowPageTraceBehavior [ RunTime:0.000038s ]
INFO: [ app_end ] --END-- [ RunTime:0.000069s ]

[ 2017-04-08T13:37:31+08:00 ] 191.253.71.202 /
INFO: [ app_init ] --START--
INFO: Run Behavior\BuildLiteBehavior [ RunTime:0.000014s ]
INFO: [ app_init ] --END-- [ RunTime:0.000129s ]
INFO: [ app_begin ] --START--
INFO: Run Behavior\ReadHtmlCacheBehavior [ RunTime:0.000055s ]
INFO: [ app_begin ] --END-- [ RunTime:0.000095s ]
NOTIC: [2048] Declaration of Home\Controller\IndexController::show() should be compatible with Think\Controller::show($content, $charset = '', $contentType = '', $prefix = '') /var/www/html/Application/Home/Controller/IndexController.class.php 第 0 行.
NOTIC: [8] Undefined index: nonce /var/www/html/Application/Home/Controller/IndexController.class.php 第 6 行.
NOTIC: [8] Undefined index: timestamp /var/www/html/Application/Home/Controller/IndexController.class.php 第 8 行.
NOTIC: [8] Undefined index: echostr /var/www/html/Application/Home/Controller/IndexController.class.php 第 9 行.
NOTIC: [8] Undefined index: signature /var/www/html/Application/Home/Controller/IndexController.class.php 第 10 行.
INFO: [ app_end ] --START--
INFO: Run Behavior\ShowPageTraceBehavior [ RunTime:0.000048s ]
INFO: [ app_end ] --END-- [ RunTime:0.000086s ]

[ 2017-04-08T13:41:50+08:00 ] 191.253.71.202 /
INFO: [ app_init ] --START--
INFO: Run Behavior\BuildLiteBehavior [ RunTime:0.000021s ]
INFO: [ app_init ] --END-- [ RunTime:0.000105s ]
INFO: [ app_begin ] --START--
INFO: Run Behavior\ReadHtmlCacheBehavior [ RunTime:0.000043s ]
INFO: [ app_begin ] --END-- [ RunTime:0.000074s ]
NOTIC: [2048] Declaration of Home\Controller\IndexController::show() should be compatible with Think\Controller::show($content, $charset = '', $contentType = '', $prefix = '') /var/www/html/Application/Home/Controller/IndexController.class.php 第 0 行.
NOTIC: [8] Undefined index: nonce /var/www/html/Application/Home/Controller/IndexController.class.php 第 6 行.
NOTIC: [8] Undefined index: timestamp /var/www/html/Application/Home/Controller/IndexController.class.php 第 8 行.
NOTIC: [8] Undefined index: echostr /var/www/html/Application/Home/Controller/IndexController.class.php 第 9 行.
NOTIC: [8] Undefined index: signature /var/www/html/Application/Home/Controller/IndexController.class.php 第 10 行.
INFO: [ app_end ] --START--
INFO: Run Behavior\ShowPageTraceBehavior [ RunTime:0.000032s ]
INFO: [ app_end ] --END-- [ RunTime:0.000058s ]

[ 2017-04-08T14:01:22+08:00 ] 191.253.71.202 /
INFO: [ app_init ] --START--
INFO: Run Behavior\BuildLiteBehavior [ RunTime:0.000010s ]
INFO: [ app_init ] --END-- [ RunTime:0.000069s ]
INFO: [ app_begin ] --START--
INFO: Run Behavior\ReadHtmlCacheBehavior [ RunTime:0.000039s ]
INFO: [ app_begin ] --END-- [ RunTime:0.000064s ]
NOTIC: [2048] Declaration of Home\Controller\IndexController::show() should be compatible with Think\Controller::show($content, $charset = '', $contentType = '', $prefix = '') /var/www/html/Application/Home/Controller/IndexController.class.php 第 0 行.
NOTIC: [8] Undefined index: nonce /var/www/html/Application/Home/Controller/IndexController.class.php 第 6 行.
NOTIC: [8] Undefined index: timestamp /var/www/html/Application/Home/Controller/IndexController.class.php 第 8 行.
NOTIC: [8] Undefined index: echostr /var/www/html/Application/Home/Controller/IndexController.class.php 第 9 行.
NOTIC: [8] Undefined index: signature /var/www/html/Application/Home/Controller/IndexController.class.php 第 10 行.
INFO: [ app_end ] --START--
INFO: Run Behavior\ShowPageTraceBehavior [ RunTime:0.000029s ]
INFO: [ app_end ] --END-- [ RunTime:0.000055s ]

[ 2017-04-08T14:02:39+08:00 ] 191.253.71.202 /
INFO: [ app_init ] --START--
INFO: Run Behavior\BuildLiteBehavior [ RunTime:0.000012s ]
INFO: [ app_init ] --END-- [ RunTime:0.000094s ]
INFO: [ app_begin ] --START--
INFO: Run Behavior\ReadHtmlCacheBehavior [ RunTime:0.000032s ]
INFO: [ app_begin ] --END-- [ RunTime:0.000059s ]
NOTIC: [2048] Declaration of Home\Controller\IndexController::show() should be compatible with Think\Controller::show($content, $charset = '', $contentType = '', $prefix = '') /var/www/html/Application/Home/Controller/IndexController.class.php 第 0 行.
NOTIC: [8] Undefined index: nonce /var/www/html/Application/Home/Controller/IndexController.class.php 第 6 行.
NOTIC: [8] Undefined index: timestamp /var/www/html/Application/Home/Controller/IndexController.class.php 第 8 行.
NOTIC: [8] Undefined index: echostr /var/www/html/Application/Home/Controller/IndexController.class.php 第 9 行.
NOTIC: [8] Undefined index: signature /var/www/html/Application/Home/Controller/IndexController.class.php 第 10 行.
INFO: [ app_end ] --START--
INFO: Run Behavior\ShowPageTraceBehavior [ RunTime:0.000029s ]
INFO: [ app_end ] --END-- [ RunTime:0.000051s ]

[ 2017-04-08T14:40:46+08:00 ] 191.253.71.202 /
INFO: [ app_init ] --START--
INFO: Run Behavior\BuildLiteBehavior [ RunTime:0.000014s ]
INFO: [ app_init ] --END-- [ RunTime:0.000097s ]
INFO: [ app_begin ] --START--
INFO: Run Behavior\ReadHtmlCacheBehavior [ RunTime:0.000046s ]
INFO: [ app_begin ] --END-- [ RunTime:0.000088s ]
NOTIC: [2048] Declaration of Home\Controller\IndexController::show() should be compatible with Think\Controller::show($content, $charset = '', $contentType = '', $prefix = '') /var/www/html/Application/Home/Controller/IndexController.class.php 第 0 行.
NOTIC: [8] Undefined index: nonce /var/www/html/Application/Home/Controller/IndexController.class.php 第 6 行.
NOTIC: [8] Undefined index: timestamp /var/www/html/Application/Home/Controller/IndexController.class.php 第 8 行.
NOTIC: [8] Undefined index: echostr /var/www/html/Application/Home/Controller/IndexController.class.php 第 9 行.
NOTIC: [8] Undefined index: signature /var/www/html/Application/Home/Controller/IndexController.class.php 第 10 行.
INFO: [ app_end ] --START--
INFO: Run Behavior\ShowPageTraceBehavior [ RunTime:0.000045s ]
INFO: [ app_end ] --END-- [ RunTime:0.000082s ]

[ 2017-04-08T14:42:16+08:00 ] 191.253.71.202 /
INFO: [ app_init ] --START--
INFO: Run Behavior\BuildLiteBehavior [ RunTime:0.000015s ]
INFO: [ app_init ] --END-- [ RunTime:0.000103s ]
INFO: [ app_begin ] --START--
INFO: Run Behavior\ReadHtmlCacheBehavior [ RunTime:0.000046s ]
INFO: [ app_begin ] --END-- [ RunTime:0.000089s ]
NOTIC: [2048] Declaration of Home\Controller\IndexController::show() should be compatible with Think\Controller::show($content, $charset = '', $contentType = '', $prefix = '') /var/www/html/Application/Home/Controller/IndexController.class.php 第 0 行.
NOTIC: [8] Undefined index: nonce /var/www/html/Application/Home/Controller/IndexController.class.php 第 6 行.
NOTIC: [8] Undefined index: timestamp /var/www/html/Application/Home/Controller/IndexController.class.php 第 8 行.
NOTIC: [8] Undefined index: echostr /var/www/html/Application/Home/Controller/IndexController.class.php 第 9 行.
NOTIC: [8] Undefined index: signature /var/www/html/Application/Home/Controller/IndexController.class.php 第 10 行.
INFO: [ app_end ] --START--
INFO: Run Behavior\ShowPageTraceBehavior [ RunTime:0.000050s ]
INFO: [ app_end ] --END-- [ RunTime:0.000091s ]

[ 2017-04-08T15:02:52+08:00 ] 191.253.71.202 /
INFO: [ app_init ] --START--
INFO: Run Behavior\BuildLiteBehavior [ RunTime:0.000013s ]
INFO: [ app_init ] --END-- [ RunTime:0.000099s ]
INFO: [ app_begin ] --START--
INFO: Run Behavior\ReadHtmlCacheBehavior [ RunTime:0.000037s ]
INFO: [ app_begin ] --END-- [ RunTime:0.000073s ]
NOTIC: [2048] Declaration of Home\Controller\IndexController::show() should be compatible with Think\Controller::show($content, $charset = '', $contentType = '', $prefix = '') /var/www/html/Application/Home/Controller/IndexController.class.php 第 59 行.
NOTIC: [8] Undefined index: nonce /var/www/html/Application/Home/Controller/IndexController.class.php 第 6 行.
NOTIC: [8] Undefined index: timestamp /var/www/html/Application/Home/Controller/IndexController.class.php 第 8 行.
NOTIC: [8] Undefined index: echostr /var/www/html/Application/Home/Controller/IndexController.class.php 第 9 行.
NOTIC: [8] Undefined index: signature /var/www/html/Application/Home/Controller/IndexController.class.php 第 10 行.
INFO: [ app_end ] --START--
INFO: Run Behavior\ShowPageTraceBehavior [ RunTime:0.000037s ]
INFO: [ app_end ] --END-- [ RunTime:0.000068s ]

[ 2017-04-08T15:36:01+08:00 ] 191.253.69.134 /
INFO: [ app_init ] --START--
INFO: Run Behavior\BuildLiteBehavior [ RunTime:0.000010s ]
INFO: [ app_init ] --END-- [ RunTime:0.000079s ]
INFO: [ app_begin ] --START--
INFO: Run Behavior\ReadHtmlCacheBehavior [ RunTime:0.000030s ]
INFO: [ app_begin ] --END-- [ RunTime:0.000056s ]
NOTIC: [2048] Declaration of Home\Controller\IndexController::show() should be compatible with Think\Controller::show($content, $charset = '', $contentType = '', $prefix = '') /var/www/html/Application/Home/Controller/IndexController.class.php 第 137 行.
NOTIC: [8] Undefined index: nonce /var/www/html/Application/Home/Controller/IndexController.class.php 第 6 行.
NOTIC: [8] Undefined index: timestamp /var/www/html/Application/Home/Controller/IndexController.class.php 第 8 行.
NOTIC: [8] Undefined index: echostr /var/www/html/Application/Home/Controller/IndexController.class.php 第 9 行.
NOTIC: [8] Undefined index: signature /var/www/html/Application/Home/Controller/IndexController.class.php 第 10 行.
INFO: [ app_end ] --START--
INFO: Run Behavior\ShowPageTraceBehavior [ RunTime:0.000031s ]
INFO: [ app_end ] --END-- [ RunTime:0.000054s ]

[ 2017-04-08T16:46:07+08:00 ] 191.253.71.202 /
INFO: [ app_init ] --START--
INFO: Run Behavior\BuildLiteBehavior [ RunTime:0.000011s ]
INFO: [ app_init ] --END-- [ RunTime:0.000087s ]
INFO: [ app_begin ] --START--
INFO: Run Behavior\ReadHtmlCacheBehavior [ RunTime:0.000034s ]
INFO: [ app_begin ] --END-- [ RunTime:0.000064s ]
NOTIC: [2048] Declaration of Home\Controller\IndexController::show() should be compatible with Think\Controller::show($content, $charset = '', $contentType = '', $prefix = '') /var/www/html/Application/Home/Controller/IndexController.class.php 第 0 行.
NOTIC: [8] Undefined index: nonce /var/www/html/Application/Home/Controller/IndexController.class.php 第 6 行.
NOTIC: [8] Undefined index: timestamp /var/www/html/Application/Home/Controller/IndexController.class.php 第 8 行.
NOTIC: [8] Undefined index: echostr /var/www/html/Application/Home/Controller/IndexController.class.php 第 9 行.
NOTIC: [8] Undefined index: signature /var/www/html/Application/Home/Controller/IndexController.class.php 第 10 行.
INFO: [ app_end ] --START--
INFO: Run Behavior\ShowPageTraceBehavior [ RunTime:0.000032s ]
INFO: [ app_end ] --END-- [ RunTime:0.000058s ]

[ 2017-04-08T17:16:43+08:00 ] 191.253.71.202 /
INFO: [ app_init ] --START--
INFO: Run Behavior\BuildLiteBehavior [ RunTime:0.000012s ]
INFO: [ app_init ] --END-- [ RunTime:0.000082s ]
INFO: [ app_begin ] --START--
INFO: Run Behavior\ReadHtmlCacheBehavior [ RunTime:0.000046s ]
INFO: [ app_begin ] --END-- [ RunTime:0.000080s ]
NOTIC: [2048] Declaration of Home\Controller\IndexController::show() should be compatible with Think\Controller::show($content, $charset = '', $contentType = '', $prefix = '') /var/www/html/Application/Home/Controller/IndexController.class.php 第 0 行.
NOTIC: [8] Undefined index: nonce /var/www/html/Application/Home/Controller/IndexController.class.php 第 6 行.
NOTIC: [8] Undefined index: timestamp /var/www/html/Application/Home/Controller/IndexController.class.php 第 8 行.
NOTIC: [8] Undefined index: echostr /var/www/html/Application/Home/Controller/IndexController.class.php 第 9 行.
NOTIC: [8] Undefined index: signature /var/www/html/Application/Home/Controller/IndexController.class.php 第 10 行.
INFO: [ app_end ] --START--
INFO: Run Behavior\ShowPageTraceBehavior [ RunTime:0.000036s ]
INFO: [ app_end ] --END-- [ RunTime:0.000066s ]

[ 2017-04-08T17:17:16+08:00 ] 191.253.71.202 /
INFO: [ app_init ] --START--
INFO: Run Behavior\BuildLiteBehavior [ RunTime:0.000013s ]
INFO: [ app_init ] --END-- [ RunTime:0.000085s ]
INFO: [ app_begin ] --START--
INFO: Run Behavior\ReadHtmlCacheBehavior [ RunTime:0.000047s ]
INFO: [ app_begin ] --END-- [ RunTime:0.000087s ]
NOTIC: [2048] Declaration of Home\Controller\IndexController::show() should be compatible with Think\Controller::show($content, $charset = '', $contentType = '', $prefix = '') /var/www/html/Application/Home/Controller/IndexController.class.php 第 0 行.
NOTIC: [8] Undefined index: nonce /var/www/html/Application/Home/Controller/IndexController.class.php 第 6 行.
NOTIC: [8] Undefined index: timestamp /var/www/html/Application/Home/Controller/IndexController.class.php 第 8 行.
NOTIC: [8] Undefined index: echostr /var/www/html/Application/Home/Controller/IndexController.class.php 第 9 行.
NOTIC: [8] Undefined index: signature /var/www/html/Application/Home/Controller/IndexController.class.php 第 10 行.
INFO: [ app_end ] --START--
INFO: Run Behavior\ShowPageTraceBehavior [ RunTime:0.000036s ]
INFO: [ app_end ] --END-- [ RunTime:0.000064s ]

[ 2017-04-08T17:19:45+08:00 ] 191.253.71.116 /
INFO: [ app_init ] --START--
INFO: Run Behavior\BuildLiteBehavior [ RunTime:0.000010s ]
INFO: [ app_init ] --END-- [ RunTime:0.000077s ]
INFO: [ app_begin ] --START--
INFO: Run Behavior\ReadHtmlCacheBehavior [ RunTime:0.000030s ]
INFO: [ app_begin ] --END-- [ RunTime:0.000054s ]
NOTIC: [2048] Declaration of Home\Controller\IndexController::show() should be compatible with Think\Controller::show($content, $charset = '', $contentType = '', $prefix = '') /var/www/html/Application/Home/Controller/IndexController.class.php 第 0 行.
NOTIC: [8] Undefined index: nonce /var/www/html/Application/Home/Controller/IndexController.class.php 第 6 行.
NOTIC: [8] Undefined index: timestamp /var/www/html/Application/Home/Controller/IndexController.class.php 第 8 行.
NOTIC: [8] Undefined index: echostr /var/www/html/Application/Home/Controller/IndexController.class.php 第 9 行.
NOTIC: [8] Undefined index: signature /var/www/html/Application/Home/Controller/IndexController.class.php 第 10 行.
INFO: [ app_end ] --START--
INFO: Run Behavior\ShowPageTraceBehavior [ RunTime:0.000029s ]
INFO: [ app_end ] --END-- [ RunTime:0.000050s ]

[ 2017-04-08T18:02:02+08:00 ] 191.253.71.202 /
INFO: [ app_init ] --START--
INFO: Run Behavior\BuildLiteBehavior [ RunTime:0.000014s ]
INFO: [ app_init ] --END-- [ RunTime:0.000097s ]
INFO: [ app_begin ] --START--
INFO: Run Behavior\ReadHtmlCacheBehavior [ RunTime:0.000038s ]
INFO: [ app_begin ] --END-- [ RunTime:0.000072s ]
NOTIC: [2048] Declaration of Home\Controller\IndexController::show() should be compatible with Think\Controller::show($content, $charset = '', $contentType = '', $prefix = '') /var/www/html/Application/Home/Controller/IndexController.class.php 第 0 行.
NOTIC: [8] Undefined index: nonce /var/www/html/Application/Home/Controller/IndexController.class.php 第 6 行.
NOTIC: [8] Undefined index: timestamp /var/www/html/Application/Home/Controller/IndexController.class.php 第 8 行.
NOTIC: [8] Undefined index: echostr /var/www/html/Application/Home/Controller/IndexController.class.php 第 9 行.
NOTIC: [8] Undefined index: signature /var/www/html/Application/Home/Controller/IndexController.class.php 第 10 行.
INFO: [ app_end ] --START--
INFO: Run Behavior\ShowPageTraceBehavior [ RunTime:0.000038s ]
INFO: [ app_end ] --END-- [ RunTime:0.000069s ]

[ 2017-04-08T18:10:01+08:00 ] 191.253.71.202 /
INFO: [ app_init ] --START--
INFO: Run Behavior\BuildLiteBehavior [ RunTime:0.000017s ]
INFO: [ app_init ] --END-- [ RunTime:0.000126s ]
INFO: [ app_begin ] --START--
INFO: Run Behavior\ReadHtmlCacheBehavior [ RunTime:0.000054s ]
INFO: [ app_begin ] --END-- [ RunTime:0.000105s ]
NOTIC: [2048] Declaration of Home\Controller\IndexController::show() should be compatible with Think\Controller::show($content, $charset = '', $contentType = '', $prefix = '') /var/www/html/Application/Home/Controller/IndexController.class.php 第 0 行.
NOTIC: [8] Undefined index: nonce /var/www/html/Application/Home/Controller/IndexController.class.php 第 6 行.
NOTIC: [8] Undefined index: timestamp /var/www/html/Application/Home/Controller/IndexController.class.php 第 8 行.
NOTIC: [8] Undefined index: echostr /var/www/html/Application/Home/Controller/IndexController.class.php 第 9 行.
NOTIC: [8] Undefined index: signature /var/www/html/Application/Home/Controller/IndexController.class.php 第 10 行.
INFO: [ app_end ] --START--
INFO: Run Behavior\ShowPageTraceBehavior [ RunTime:0.000049s ]
INFO: [ app_end ] --END-- [ RunTime:0.000091s ]

[ 2017-04-08T18:26:47+08:00 ] 191.253.71.202 /
INFO: [ app_init ] --START--
INFO: Run Behavior\BuildLiteBehavior [ RunTime:0.000010s ]
INFO: [ app_init ] --END-- [ RunTime:0.000069s ]
INFO: [ app_begin ] --START--
INFO: Run Behavior\ReadHtmlCacheBehavior [ RunTime:0.000029s ]
INFO: [ app_begin ] --END-- [ RunTime:0.000055s ]
NOTIC: [2048] Declaration of Home\Controller\IndexController::show() should be compatible with Think\Controller::show($content, $charset = '', $contentType = '', $prefix = '') /var/www/html/Application/Home/Controller/IndexController.class.php 第 0 行.
NOTIC: [8] Undefined index: nonce /var/www/html/Application/Home/Controller/IndexController.class.php 第 6 行.
NOTIC: [8] Undefined index: timestamp /var/www/html/Application/Home/Controller/IndexController.class.php 第 8 行.
NOTIC: [8] Undefined index: echostr /var/www/html/Application/Home/Controller/IndexController.class.php 第 9 行.
NOTIC: [8] Undefined index: signature /var/www/html/Application/Home/Controller/IndexController.class.php 第 10 行.
INFO: [ app_end ] --START--
INFO: Run Behavior\ShowPageTraceBehavior [ RunTime:0.000030s ]
INFO: [ app_end ] --END-- [ RunTime:0.000053s ]

[ 2017-04-08T18:41:17+08:00 ] 191.253.71.202 /
INFO: [ app_init ] --START--
INFO: Run Behavior\BuildLiteBehavior [ RunTime:0.000012s ]
INFO: [ app_init ] --END-- [ RunTime:0.000093s ]
INFO: [ app_begin ] --START--
INFO: Run Behavior\ReadHtmlCacheBehavior [ RunTime:0.000036s ]
INFO: [ app_begin ] --END-- [ RunTime:0.000069s ]
NOTIC: [2048] Declaration of Home\Controller\IndexController::show() should be compatible with Think\Controller::show($content, $charset = '', $contentType = '', $prefix = '') /var/www/html/Application/Home/Controller/IndexController.class.php 第 59 行.
NOTIC: [8] Undefined index: nonce /var/www/html/Application/Home/Controller/IndexController.class.php 第 6 行.
NOTIC: [8] Undefined index: timestamp /var/www/html/Application/Home/Controller/IndexController.class.php 第 8 行.
NOTIC: [8] Undefined index: echostr /var/www/html/Application/Home/Controller/IndexController.class.php 第 9 行.
NOTIC: [8] Undefined index: signature /var/www/html/Application/Home/Controller/IndexController.class.php 第 10 行.
INFO: [ app_end ] --START--
INFO: Run Behavior\ShowPageTraceBehavior [ RunTime:0.000038s ]
INFO: [ app_end ] --END-- [ RunTime:0.000067s ]

[ 2017-04-08T19:11:31+08:00 ] 191.253.71.202 /
INFO: [ app_init ] --START--
INFO: Run Behavior\BuildLiteBehavior [ RunTime:0.000010s ]
INFO: [ app_init ] --END-- [ RunTime:0.000079s ]
INFO: [ app_begin ] --START--
INFO: Run Behavior\ReadHtmlCacheBehavior [ RunTime:0.000037s ]
INFO: [ app_begin ] --END-- [ RunTime:0.000064s ]
NOTIC: [2048] Declaration of Home\Controller\IndexController::show() should be compatible with Think\Controller::show($content, $charset = '', $contentType = '', $prefix = '') /var/www/html/Application/Home/Controller/IndexController.class.php 第 137 行.
NOTIC: [8] Undefined index: nonce /var/www/html/Application/Home/Controller/IndexController.class.php 第 6 行.
NOTIC: [8] Undefined index: timestamp /var/www/html/Application/Home/Controller/IndexController.class.php 第 8 行.
NOTIC: [8] Undefined index: echostr /var/www/html/Application/Home/Controller/IndexController.class.php 第 9 行.
NOTIC: [8] Undefined index: signature /var/www/html/Application/Home/Controller/IndexController.class.php 第 10 行.
INFO: [ app_end ] --START--
INFO: Run Behavior\ShowPageTraceBehavior [ RunTime:0.000030s ]
INFO: [ app_end ] --END-- [ RunTime:0.000054s ]

[ 2017-04-08T19:38:12+08:00 ] 24.139.24.71 /
INFO: [ app_init ] --START--
INFO: Run Behavior\BuildLiteBehavior [ RunTime:0.000016s ]
INFO: [ app_init ] --END-- [ RunTime:0.000127s ]
INFO: [ app_begin ] --START--
INFO: Run Behavior\ReadHtmlCacheBehavior [ RunTime:0.000060s ]
INFO: [ app_begin ] --END-- [ RunTime:0.000104s ]
NOTIC: [2048] Declaration of Home\Controller\IndexController::show() should be compatible with Think\Controller::show($content, $charset = '', $contentType = '', $prefix = '') /var/www/html/Application/Home/Controller/IndexController.class.php 第 0 行.
NOTIC: [8] Undefined index: nonce /var/www/html/Application/Home/Controller/IndexController.class.php 第 6 行.
NOTIC: [8] Undefined index: timestamp /var/www/html/Application/Home/Controller/IndexController.class.php 第 8 行.
NOTIC: [8] Undefined index: echostr /var/www/html/Application/Home/Controller/IndexController.class.php 第 9 行.
NOTIC: [8] Undefined index: signature /var/www/html/Application/Home/Controller/IndexController.class.php 第 10 行.
INFO: [ app_end ] --START--
INFO: Run Behavior\ShowPageTraceBehavior [ RunTime:0.000056s ]
INFO: [ app_end ] --END-- [ RunTime:0.000093s ]

[ 2017-04-08T19:38:40+08:00 ] 24.139.24.71 /
INFO: [ app_init ] --START--
INFO: Run Behavior\BuildLiteBehavior [ RunTime:0.000015s ]
INFO: [ app_init ] --END-- [ RunTime:0.000097s ]
INFO: [ app_begin ] --START--
INFO: Run Behavior\ReadHtmlCacheBehavior [ RunTime:0.000071s ]
INFO: [ app_begin ] --END-- [ RunTime:0.000114s ]
NOTIC: [2048] Declaration of Home\Controller\IndexController::show() should be compatible with Think\Controller::show($content, $charset = '', $contentType = '', $prefix = '') /var/www/html/Application/Home/Controller/IndexController.class.php 第 0 行.
NOTIC: [8] Undefined index: nonce /var/www/html/Application/Home/Controller/IndexController.class.php 第 6 行.
NOTIC: [8] Undefined index: timestamp /var/www/html/Application/Home/Controller/IndexController.class.php 第 8 行.
NOTIC: [8] Undefined index: echostr /var/www/html/Application/Home/Controller/IndexController.class.php 第 9 行.
NOTIC: [8] Undefined index: signature /var/www/html/Application/Home/Controller/IndexController.class.php 第 10 行.
INFO: [ app_end ] --START--
INFO: Run Behavior\ShowPageTraceBehavior [ RunTime:0.000043s ]
INFO: [ app_end ] --END-- [ RunTime:0.000079s ]

[ 2017-04-08T22:38:20+08:00 ] 191.253.71.202 /
INFO: [ app_init ] --START--
INFO: Run Behavior\BuildLiteBehavior [ RunTime:0.000027s ]
INFO: [ app_init ] --END-- [ RunTime:0.000148s ]
INFO: [ app_begin ] --START--
INFO: Run Behavior\ReadHtmlCacheBehavior [ RunTime:0.000048s ]
INFO: [ app_begin ] --END-- [ RunTime:0.000093s ]
NOTIC: [2048] Declaration of Home\Controller\IndexController::show() should be compatible with Think\Controller::show($content, $charset = '', $contentType = '', $prefix = '') /var/www/html/Application/Home/Controller/IndexController.class.php 第 0 行.
NOTIC: [8] Undefined index: nonce /var/www/html/Application/Home/Controller/IndexController.class.php 第 6 行.
NOTIC: [8] Undefined index: timestamp /var/www/html/Application/Home/Controller/IndexController.class.php 第 8 行.
NOTIC: [8] Undefined index: echostr /var/www/html/Application/Home/Controller/IndexController.class.php 第 9 行.
NOTIC: [8] Undefined index: signature /var/www/html/Application/Home/Controller/IndexController.class.php 第 10 行.
INFO: [ app_end ] --START--
INFO: Run Behavior\ShowPageTraceBehavior [ RunTime:0.000051s ]
INFO: [ app_end ] --END-- [ RunTime:0.000092s ]

[ 2017-04-08T23:00:01+08:00 ] 191.253.71.202 /
INFO: [ app_init ] --START--
INFO: Run Behavior\BuildLiteBehavior [ RunTime:0.000013s ]
INFO: [ app_init ] --END-- [ RunTime:0.000083s ]
INFO: [ app_begin ] --START--
INFO: Run Behavior\ReadHtmlCacheBehavior [ RunTime:0.000036s ]
INFO: [ app_begin ] --END-- [ RunTime:0.000068s ]
NOTIC: [2048] Declaration of Home\Controller\IndexController::show() should be compatible with Think\Controller::show($content, $charset = '', $contentType = '', $prefix = '') /var/www/html/Application/Home/Controller/IndexController.class.php 第 0 行.
NOTIC: [8] Undefined index: nonce /var/www/html/Application/Home/Controller/IndexController.class.php 第 6 行.
NOTIC: [8] Undefined index: timestamp /var/www/html/Application/Home/Controller/IndexController.class.php 第 8 行.
NOTIC: [8] Undefined index: echostr /var/www/html/Application/Home/Controller/IndexController.class.php 第 9 行.
NOTIC: [8] Undefined index: signature /var/www/html/Application/Home/Controller/IndexController.class.php 第 10 行.
INFO: [ app_end ] --START--
INFO: Run Behavior\ShowPageTraceBehavior [ RunTime:0.000036s ]
INFO: [ app_end ] --END-- [ RunTime:0.000066s ]

[ 2017-04-08T23:02:31+08:00 ] 191.253.71.202 /
INFO: [ app_init ] --START--
INFO: Run Behavior\BuildLiteBehavior [ RunTime:0.000013s ]
INFO: [ app_init ] --END-- [ RunTime:0.000090s ]
INFO: [ app_begin ] --START--
INFO: Run Behavior\ReadHtmlCacheBehavior [ RunTime:0.000040s ]
INFO: [ app_begin ] --END-- [ RunTime:0.000077s ]
NOTIC: [2048] Declaration of Home\Controller\IndexController::show() should be compatible with Think\Controller::show($content, $charset = '', $contentType = '', $prefix = '') /var/www/html/Application/Home/Controller/IndexController.class.php 第 0 行.
NOTIC: [8] Undefined index: nonce /var/www/html/Application/Home/Controller/IndexController.class.php 第 6 行.
NOTIC: [8] Undefined index: timestamp /var/www/html/Application/Home/Controller/IndexController.class.php 第 8 行.
NOTIC: [8] Undefined index: echostr /var/www/html/Application/Home/Controller/IndexController.class.php 第 9 行.
NOTIC: [8] Undefined index: signature /var/www/html/Application/Home/Controller/IndexController.class.php 第 10 行.
INFO: [ app_end ] --START--
INFO: Run Behavior\ShowPageTraceBehavior [ RunTime:0.000040s ]
INFO: [ app_end ] --END-- [ RunTime:0.000074s ]

[ 2017-04-08T23:58:45+08:00 ] 191.253.71.202 /
INFO: [ app_init ] --START--
INFO: Run Behavior\BuildLiteBehavior [ RunTime:0.000014s ]
INFO: [ app_init ] --END-- [ RunTime:0.000099s ]
INFO: [ app_begin ] --START--
INFO: Run Behavior\ReadHtmlCacheBehavior [ RunTime:0.000038s ]
INFO: [ app_begin ] --END-- [ RunTime:0.000072s ]
NOTIC: [2048] Declaration of Home\Controller\IndexController::show() should be compatible with Think\Controller::show($content, $charset = '', $contentType = '', $prefix = '') /var/www/html/Application/Home/Controller/IndexController.class.php 第 238 行.
NOTIC: [8] Undefined index: nonce /var/www/html/Application/Home/Controller/IndexController.class.php 第 6 行.
NOTIC: [8] Undefined index: timestamp /var/www/html/Application/Home/Controller/IndexController.class.php 第 8 行.
NOTIC: [8] Undefined index: echostr /var/www/html/Application/Home/Controller/IndexController.class.php 第 9 行.
NOTIC: [8] Undefined index: signature /var/www/html/Application/Home/Controller/IndexController.class.php 第 10 行.
INFO: [ app_end ] --START--
INFO: Run Behavior\ShowPageTraceBehavior [ RunTime:0.000090s ]
INFO: [ app_end ] --END-- [ RunTime:0.000125s ]

