[ 2017-04-06T00:16:35+08:00 ] 143.137.66.65 /
INFO: [ app_init ] --START--
INFO: Run Behavior\BuildLiteBehavior [ RunTime:0.000012s ]
INFO: [ app_init ] --END-- [ RunTime:0.000099s ]
INFO: [ app_begin ] --START--
INFO: Run Behavior\ReadHtmlCacheBehavior [ RunTime:0.000034s ]
INFO: [ app_begin ] --END-- [ RunTime:0.000061s ]
NOTIC: [2048] Declaration of Home\Controller\IndexController::show() should be compatible with Think\Controller::show($content, $charset = '', $contentType = '', $prefix = '') /var/www/html/Application/Home/Controller/IndexController.class.php 第 0 行.
NOTIC: [8] Undefined index: nonce /var/www/html/Application/Home/Controller/IndexController.class.php 第 6 行.
NOTIC: [8] Undefined index: timestamp /var/www/html/Application/Home/Controller/IndexController.class.php 第 8 行.
NOTIC: [8] Undefined index: echostr /var/www/html/Application/Home/Controller/IndexController.class.php 第 9 行.
NOTIC: [8] Undefined index: signature /var/www/html/Application/Home/Controller/IndexController.class.php 第 10 行.
INFO: [ app_end ] --START--
INFO: Run Behavior\ShowPageTraceBehavior [ RunTime:0.000031s ]
INFO: [ app_end ] --END-- [ RunTime:0.000055s ]

[ 2017-04-06T00:17:54+08:00 ] 191.253.71.202 /
INFO: [ app_init ] --START--
INFO: Run Behavior\BuildLiteBehavior [ RunTime:0.000015s ]
INFO: [ app_init ] --END-- [ RunTime:0.000147s ]
INFO: [ app_begin ] --START--
INFO: Run Behavior\ReadHtmlCacheBehavior [ RunTime:0.000047s ]
INFO: [ app_begin ] --END-- [ RunTime:0.000092s ]
NOTIC: [2048] Declaration of Home\Controller\IndexController::show() should be compatible with Think\Controller::show($content, $charset = '', $contentType = '', $prefix = '') /var/www/html/Application/Home/Controller/IndexController.class.php 第 59 行.
NOTIC: [8] Undefined index: nonce /var/www/html/Application/Home/Controller/IndexController.class.php 第 6 行.
NOTIC: [8] Undefined index: timestamp /var/www/html/Application/Home/Controller/IndexController.class.php 第 8 行.
NOTIC: [8] Undefined index: echostr /var/www/html/Application/Home/Controller/IndexController.class.php 第 9 行.
NOTIC: [8] Undefined index: signature /var/www/html/Application/Home/Controller/IndexController.class.php 第 10 行.
INFO: [ app_end ] --START--
INFO: Run Behavior\ShowPageTraceBehavior [ RunTime:0.000050s ]
INFO: [ app_end ] --END-- [ RunTime:0.000089s ]

[ 2017-04-06T00:27:39+08:00 ] 191.253.71.202 /
INFO: [ app_init ] --START--
INFO: Run Behavior\BuildLiteBehavior [ RunTime:0.000014s ]
INFO: [ app_init ] --END-- [ RunTime:0.000104s ]
INFO: [ app_begin ] --START--
INFO: Run Behavior\ReadHtmlCacheBehavior [ RunTime:0.000049s ]
INFO: [ app_begin ] --END-- [ RunTime:0.000088s ]
NOTIC: [2048] Declaration of Home\Controller\IndexController::show() should be compatible with Think\Controller::show($content, $charset = '', $contentType = '', $prefix = '') /var/www/html/Application/Home/Controller/IndexController.class.php 第 59 行.
NOTIC: [8] Undefined index: nonce /var/www/html/Application/Home/Controller/IndexController.class.php 第 6 行.
NOTIC: [8] Undefined index: timestamp /var/www/html/Application/Home/Controller/IndexController.class.php 第 8 行.
NOTIC: [8] Undefined index: echostr /var/www/html/Application/Home/Controller/IndexController.class.php 第 9 行.
NOTIC: [8] Undefined index: signature /var/www/html/Application/Home/Controller/IndexController.class.php 第 10 行.
INFO: [ app_end ] --START--
INFO: Run Behavior\ShowPageTraceBehavior [ RunTime:0.000038s ]
INFO: [ app_end ] --END-- [ RunTime:0.000072s ]

[ 2017-04-06T00:58:14+08:00 ] 191.253.71.202 /
INFO: [ app_init ] --START--
INFO: Run Behavior\BuildLiteBehavior [ RunTime:0.000014s ]
INFO: [ app_init ] --END-- [ RunTime:0.000099s ]
INFO: [ app_begin ] --START--
INFO: Run Behavior\ReadHtmlCacheBehavior [ RunTime:0.000042s ]
INFO: [ app_begin ] --END-- [ RunTime:0.000095s ]
NOTIC: [2048] Declaration of Home\Controller\IndexController::show() should be compatible with Think\Controller::show($content, $charset = '', $contentType = '', $prefix = '') /var/www/html/Application/Home/Controller/IndexController.class.php 第 0 行.
NOTIC: [8] Undefined index: nonce /var/www/html/Application/Home/Controller/IndexController.class.php 第 6 行.
NOTIC: [8] Undefined index: timestamp /var/www/html/Application/Home/Controller/IndexController.class.php 第 8 行.
NOTIC: [8] Undefined index: echostr /var/www/html/Application/Home/Controller/IndexController.class.php 第 9 行.
NOTIC: [8] Undefined index: signature /var/www/html/Application/Home/Controller/IndexController.class.php 第 10 行.
INFO: [ app_end ] --START--
INFO: Run Behavior\ShowPageTraceBehavior [ RunTime:0.000040s ]
INFO: [ app_end ] --END-- [ RunTime:0.000075s ]

[ 2017-04-06T01:36:05+08:00 ] 191.253.71.202 /
INFO: [ app_init ] --START--
INFO: Run Behavior\BuildLiteBehavior [ RunTime:0.000016s ]
INFO: [ app_init ] --END-- [ RunTime:0.000120s ]
INFO: [ app_begin ] --START--
INFO: Run Behavior\ReadHtmlCacheBehavior [ RunTime:0.000059s ]
INFO: [ app_begin ] --END-- [ RunTime:0.000118s ]
NOTIC: [2048] Declaration of Home\Controller\IndexController::show() should be compatible with Think\Controller::show($content, $charset = '', $contentType = '', $prefix = '') /var/www/html/Application/Home/Controller/IndexController.class.php 第 0 行.
NOTIC: [8] Undefined index: nonce /var/www/html/Application/Home/Controller/IndexController.class.php 第 6 行.
NOTIC: [8] Undefined index: timestamp /var/www/html/Application/Home/Controller/IndexController.class.php 第 8 行.
NOTIC: [8] Undefined index: echostr /var/www/html/Application/Home/Controller/IndexController.class.php 第 9 行.
NOTIC: [8] Undefined index: signature /var/www/html/Application/Home/Controller/IndexController.class.php 第 10 行.
INFO: [ app_end ] --START--
INFO: Run Behavior\ShowPageTraceBehavior [ RunTime:0.000050s ]
INFO: [ app_end ] --END-- [ RunTime:0.000092s ]

[ 2017-04-06T02:28:32+08:00 ] 143.137.64.88 /
INFO: [ app_init ] --START--
INFO: Run Behavior\BuildLiteBehavior [ RunTime:0.000014s ]
INFO: [ app_init ] --END-- [ RunTime:0.000098s ]
INFO: [ app_begin ] --START--
INFO: Run Behavior\ReadHtmlCacheBehavior [ RunTime:0.000039s ]
INFO: [ app_begin ] --END-- [ RunTime:0.000075s ]
NOTIC: [2048] Declaration of Home\Controller\IndexController::show() should be compatible with Think\Controller::show($content, $charset = '', $contentType = '', $prefix = '') /var/www/html/Application/Home/Controller/IndexController.class.php 第 59 行.
NOTIC: [8] Undefined index: nonce /var/www/html/Application/Home/Controller/IndexController.class.php 第 6 行.
NOTIC: [8] Undefined index: timestamp /var/www/html/Application/Home/Controller/IndexController.class.php 第 8 行.
NOTIC: [8] Undefined index: echostr /var/www/html/Application/Home/Controller/IndexController.class.php 第 9 行.
NOTIC: [8] Undefined index: signature /var/www/html/Application/Home/Controller/IndexController.class.php 第 10 行.
INFO: [ app_end ] --START--
INFO: Run Behavior\ShowPageTraceBehavior [ RunTime:0.000038s ]
INFO: [ app_end ] --END-- [ RunTime:0.000070s ]

[ 2017-04-06T03:00:44+08:00 ] 191.253.69.117 /
INFO: [ app_init ] --START--
INFO: Run Behavior\BuildLiteBehavior [ RunTime:0.000014s ]
INFO: [ app_init ] --END-- [ RunTime:0.000101s ]
INFO: [ app_begin ] --START--
INFO: Run Behavior\ReadHtmlCacheBehavior [ RunTime:0.000047s ]
INFO: [ app_begin ] --END-- [ RunTime:0.000084s ]
NOTIC: [2048] Declaration of Home\Controller\IndexController::show() should be compatible with Think\Controller::show($content, $charset = '', $contentType = '', $prefix = '') /var/www/html/Application/Home/Controller/IndexController.class.php 第 59 行.
NOTIC: [8] Undefined index: nonce /var/www/html/Application/Home/Controller/IndexController.class.php 第 6 行.
NOTIC: [8] Undefined index: timestamp /var/www/html/Application/Home/Controller/IndexController.class.php 第 8 行.
NOTIC: [8] Undefined index: echostr /var/www/html/Application/Home/Controller/IndexController.class.php 第 9 行.
NOTIC: [8] Undefined index: signature /var/www/html/Application/Home/Controller/IndexController.class.php 第 10 行.
INFO: [ app_end ] --START--
INFO: Run Behavior\ShowPageTraceBehavior [ RunTime:0.000060s ]
INFO: [ app_end ] --END-- [ RunTime:0.000099s ]

[ 2017-04-06T03:08:30+08:00 ] 191.253.71.202 /
INFO: [ app_init ] --START--
INFO: Run Behavior\BuildLiteBehavior [ RunTime:0.000015s ]
INFO: [ app_init ] --END-- [ RunTime:0.000105s ]
INFO: [ app_begin ] --START--
INFO: Run Behavior\ReadHtmlCacheBehavior [ RunTime:0.000047s ]
INFO: [ app_begin ] --END-- [ RunTime:0.000090s ]
NOTIC: [2048] Declaration of Home\Controller\IndexController::show() should be compatible with Think\Controller::show($content, $charset = '', $contentType = '', $prefix = '') /var/www/html/Application/Home/Controller/IndexController.class.php 第 0 行.
NOTIC: [8] Undefined index: nonce /var/www/html/Application/Home/Controller/IndexController.class.php 第 6 行.
NOTIC: [8] Undefined index: timestamp /var/www/html/Application/Home/Controller/IndexController.class.php 第 8 行.
NOTIC: [8] Undefined index: echostr /var/www/html/Application/Home/Controller/IndexController.class.php 第 9 行.
NOTIC: [8] Undefined index: signature /var/www/html/Application/Home/Controller/IndexController.class.php 第 10 行.
INFO: [ app_end ] --START--
INFO: Run Behavior\ShowPageTraceBehavior [ RunTime:0.000046s ]
INFO: [ app_end ] --END-- [ RunTime:0.000084s ]

[ 2017-04-06T03:15:54+08:00 ] 191.253.71.202 /
INFO: [ app_init ] --START--
INFO: Run Behavior\BuildLiteBehavior [ RunTime:0.000016s ]
INFO: [ app_init ] --END-- [ RunTime:0.000119s ]
INFO: [ app_begin ] --START--
INFO: Run Behavior\ReadHtmlCacheBehavior [ RunTime:0.000047s ]
INFO: [ app_begin ] --END-- [ RunTime:0.000088s ]
NOTIC: [2048] Declaration of Home\Controller\IndexController::show() should be compatible with Think\Controller::show($content, $charset = '', $contentType = '', $prefix = '') /var/www/html/Application/Home/Controller/IndexController.class.php 第 0 行.
NOTIC: [8] Undefined index: nonce /var/www/html/Application/Home/Controller/IndexController.class.php 第 6 行.
NOTIC: [8] Undefined index: timestamp /var/www/html/Application/Home/Controller/IndexController.class.php 第 8 行.
NOTIC: [8] Undefined index: echostr /var/www/html/Application/Home/Controller/IndexController.class.php 第 9 行.
NOTIC: [8] Undefined index: signature /var/www/html/Application/Home/Controller/IndexController.class.php 第 10 行.
INFO: [ app_end ] --START--
INFO: Run Behavior\ShowPageTraceBehavior [ RunTime:0.000061s ]
INFO: [ app_end ] --END-- [ RunTime:0.000099s ]

[ 2017-04-06T03:16:36+08:00 ] 191.253.71.202 /
INFO: [ app_init ] --START--
INFO: Run Behavior\BuildLiteBehavior [ RunTime:0.000012s ]
INFO: [ app_init ] --END-- [ RunTime:0.000093s ]
INFO: [ app_begin ] --START--
INFO: Run Behavior\ReadHtmlCacheBehavior [ RunTime:0.000037s ]
INFO: [ app_begin ] --END-- [ RunTime:0.000068s ]
NOTIC: [2048] Declaration of Home\Controller\IndexController::show() should be compatible with Think\Controller::show($content, $charset = '', $contentType = '', $prefix = '') /var/www/html/Application/Home/Controller/IndexController.class.php 第 0 行.
NOTIC: [8] Undefined index: nonce /var/www/html/Application/Home/Controller/IndexController.class.php 第 6 行.
NOTIC: [8] Undefined index: timestamp /var/www/html/Application/Home/Controller/IndexController.class.php 第 8 行.
NOTIC: [8] Undefined index: echostr /var/www/html/Application/Home/Controller/IndexController.class.php 第 9 行.
NOTIC: [8] Undefined index: signature /var/www/html/Application/Home/Controller/IndexController.class.php 第 10 行.
INFO: [ app_end ] --START--
INFO: Run Behavior\ShowPageTraceBehavior [ RunTime:0.000034s ]
INFO: [ app_end ] --END-- [ RunTime:0.000063s ]

[ 2017-04-06T03:25:08+08:00 ] 191.253.71.202 /
INFO: [ app_init ] --START--
INFO: Run Behavior\BuildLiteBehavior [ RunTime:0.000017s ]
INFO: [ app_init ] --END-- [ RunTime:0.000122s ]
INFO: [ app_begin ] --START--
INFO: Run Behavior\ReadHtmlCacheBehavior [ RunTime:0.000060s ]
INFO: [ app_begin ] --END-- [ RunTime:0.000107s ]
NOTIC: [2048] Declaration of Home\Controller\IndexController::show() should be compatible with Think\Controller::show($content, $charset = '', $contentType = '', $prefix = '') /var/www/html/Application/Home/Controller/IndexController.class.php 第 0 行.
NOTIC: [8] Undefined index: nonce /var/www/html/Application/Home/Controller/IndexController.class.php 第 6 行.
NOTIC: [8] Undefined index: timestamp /var/www/html/Application/Home/Controller/IndexController.class.php 第 8 行.
NOTIC: [8] Undefined index: echostr /var/www/html/Application/Home/Controller/IndexController.class.php 第 9 行.
NOTIC: [8] Undefined index: signature /var/www/html/Application/Home/Controller/IndexController.class.php 第 10 行.
INFO: [ app_end ] --START--
INFO: Run Behavior\ShowPageTraceBehavior [ RunTime:0.000049s ]
INFO: [ app_end ] --END-- [ RunTime:0.000090s ]

[ 2017-04-06T03:46:52+08:00 ] 191.253.71.202 /
INFO: [ app_init ] --START--
INFO: Run Behavior\BuildLiteBehavior [ RunTime:0.000015s ]
INFO: [ app_init ] --END-- [ RunTime:0.000114s ]
INFO: [ app_begin ] --START--
INFO: Run Behavior\ReadHtmlCacheBehavior [ RunTime:0.000048s ]
INFO: [ app_begin ] --END-- [ RunTime:0.000094s ]
NOTIC: [2048] Declaration of Home\Controller\IndexController::show() should be compatible with Think\Controller::show($content, $charset = '', $contentType = '', $prefix = '') /var/www/html/Application/Home/Controller/IndexController.class.php 第 59 行.
NOTIC: [8] Undefined index: nonce /var/www/html/Application/Home/Controller/IndexController.class.php 第 6 行.
NOTIC: [8] Undefined index: timestamp /var/www/html/Application/Home/Controller/IndexController.class.php 第 8 行.
NOTIC: [8] Undefined index: echostr /var/www/html/Application/Home/Controller/IndexController.class.php 第 9 行.
NOTIC: [8] Undefined index: signature /var/www/html/Application/Home/Controller/IndexController.class.php 第 10 行.
INFO: [ app_end ] --START--
INFO: Run Behavior\ShowPageTraceBehavior [ RunTime:0.000046s ]
INFO: [ app_end ] --END-- [ RunTime:0.000084s ]

[ 2017-04-06T03:50:58+08:00 ] 191.253.71.202 /
INFO: [ app_init ] --START--
INFO: Run Behavior\BuildLiteBehavior [ RunTime:0.000012s ]
INFO: [ app_init ] --END-- [ RunTime:0.000088s ]
INFO: [ app_begin ] --START--
INFO: Run Behavior\ReadHtmlCacheBehavior [ RunTime:0.000042s ]
INFO: [ app_begin ] --END-- [ RunTime:0.000090s ]
NOTIC: [2048] Declaration of Home\Controller\IndexController::show() should be compatible with Think\Controller::show($content, $charset = '', $contentType = '', $prefix = '') /var/www/html/Application/Home/Controller/IndexController.class.php 第 59 行.
NOTIC: [8] Undefined index: nonce /var/www/html/Application/Home/Controller/IndexController.class.php 第 6 行.
NOTIC: [8] Undefined index: timestamp /var/www/html/Application/Home/Controller/IndexController.class.php 第 8 行.
NOTIC: [8] Undefined index: echostr /var/www/html/Application/Home/Controller/IndexController.class.php 第 9 行.
NOTIC: [8] Undefined index: signature /var/www/html/Application/Home/Controller/IndexController.class.php 第 10 行.
INFO: [ app_end ] --START--
INFO: Run Behavior\ShowPageTraceBehavior [ RunTime:0.000038s ]
INFO: [ app_end ] --END-- [ RunTime:0.000069s ]

[ 2017-04-06T04:11:41+08:00 ] 191.253.71.202 /
INFO: [ app_init ] --START--
INFO: Run Behavior\BuildLiteBehavior [ RunTime:0.000033s ]
INFO: [ app_init ] --END-- [ RunTime:0.000098s ]
INFO: [ app_begin ] --START--
INFO: Run Behavior\ReadHtmlCacheBehavior [ RunTime:0.000035s ]
INFO: [ app_begin ] --END-- [ RunTime:0.000073s ]
NOTIC: [2048] Declaration of Home\Controller\IndexController::show() should be compatible with Think\Controller::show($content, $charset = '', $contentType = '', $prefix = '') /var/www/html/Application/Home/Controller/IndexController.class.php 第 0 行.
NOTIC: [8] Undefined index: nonce /var/www/html/Application/Home/Controller/IndexController.class.php 第 6 行.
NOTIC: [8] Undefined index: timestamp /var/www/html/Application/Home/Controller/IndexController.class.php 第 8 行.
NOTIC: [8] Undefined index: echostr /var/www/html/Application/Home/Controller/IndexController.class.php 第 9 行.
NOTIC: [8] Undefined index: signature /var/www/html/Application/Home/Controller/IndexController.class.php 第 10 行.
INFO: [ app_end ] --START--
INFO: Run Behavior\ShowPageTraceBehavior [ RunTime:0.000031s ]
INFO: [ app_end ] --END-- [ RunTime:0.000056s ]

[ 2017-04-06T04:17:43+08:00 ] 191.253.71.202 /
INFO: [ app_init ] --START--
INFO: Run Behavior\BuildLiteBehavior [ RunTime:0.000016s ]
INFO: [ app_init ] --END-- [ RunTime:0.000123s ]
INFO: [ app_begin ] --START--
INFO: Run Behavior\ReadHtmlCacheBehavior [ RunTime:0.000057s ]
INFO: [ app_begin ] --END-- [ RunTime:0.000106s ]
NOTIC: [2048] Declaration of Home\Controller\IndexController::show() should be compatible with Think\Controller::show($content, $charset = '', $contentType = '', $prefix = '') /var/www/html/Application/Home/Controller/IndexController.class.php 第 0 行.
NOTIC: [8] Undefined index: nonce /var/www/html/Application/Home/Controller/IndexController.class.php 第 6 行.
NOTIC: [8] Undefined index: timestamp /var/www/html/Application/Home/Controller/IndexController.class.php 第 8 行.
NOTIC: [8] Undefined index: echostr /var/www/html/Application/Home/Controller/IndexController.class.php 第 9 行.
NOTIC: [8] Undefined index: signature /var/www/html/Application/Home/Controller/IndexController.class.php 第 10 行.
INFO: [ app_end ] --START--
INFO: Run Behavior\ShowPageTraceBehavior [ RunTime:0.000051s ]
INFO: [ app_end ] --END-- [ RunTime:0.000091s ]

[ 2017-04-06T04:23:55+08:00 ] 191.253.71.202 /
INFO: [ app_init ] --START--
INFO: Run Behavior\BuildLiteBehavior [ RunTime:0.000016s ]
INFO: [ app_init ] --END-- [ RunTime:0.000121s ]
INFO: [ app_begin ] --START--
INFO: Run Behavior\ReadHtmlCacheBehavior [ RunTime:0.000060s ]
INFO: [ app_begin ] --END-- [ RunTime:0.000106s ]
NOTIC: [2048] Declaration of Home\Controller\IndexController::show() should be compatible with Think\Controller::show($content, $charset = '', $contentType = '', $prefix = '') /var/www/html/Application/Home/Controller/IndexController.class.php 第 0 行.
NOTIC: [8] Undefined index: nonce /var/www/html/Application/Home/Controller/IndexController.class.php 第 6 行.
NOTIC: [8] Undefined index: timestamp /var/www/html/Application/Home/Controller/IndexController.class.php 第 8 行.
NOTIC: [8] Undefined index: echostr /var/www/html/Application/Home/Controller/IndexController.class.php 第 9 行.
NOTIC: [8] Undefined index: signature /var/www/html/Application/Home/Controller/IndexController.class.php 第 10 行.
INFO: [ app_end ] --START--
INFO: Run Behavior\ShowPageTraceBehavior [ RunTime:0.000050s ]
INFO: [ app_end ] --END-- [ RunTime:0.000090s ]

[ 2017-04-06T04:47:00+08:00 ] 191.253.71.202 /
INFO: [ app_init ] --START--
INFO: Run Behavior\BuildLiteBehavior [ RunTime:0.000037s ]
INFO: [ app_init ] --END-- [ RunTime:0.000136s ]
INFO: [ app_begin ] --START--
INFO: Run Behavior\ReadHtmlCacheBehavior [ RunTime:0.000057s ]
INFO: [ app_begin ] --END-- [ RunTime:0.000103s ]
NOTIC: [2048] Declaration of Home\Controller\IndexController::show() should be compatible with Think\Controller::show($content, $charset = '', $contentType = '', $prefix = '') /var/www/html/Application/Home/Controller/IndexController.class.php 第 0 行.
NOTIC: [8] Undefined index: nonce /var/www/html/Application/Home/Controller/IndexController.class.php 第 6 行.
NOTIC: [8] Undefined index: timestamp /var/www/html/Application/Home/Controller/IndexController.class.php 第 8 行.
NOTIC: [8] Undefined index: echostr /var/www/html/Application/Home/Controller/IndexController.class.php 第 9 行.
NOTIC: [8] Undefined index: signature /var/www/html/Application/Home/Controller/IndexController.class.php 第 10 行.
INFO: [ app_end ] --START--
INFO: Run Behavior\ShowPageTraceBehavior [ RunTime:0.000044s ]
INFO: [ app_end ] --END-- [ RunTime:0.000082s ]

[ 2017-04-06T04:58:17+08:00 ] 191.253.69.22 /
INFO: [ app_init ] --START--
INFO: Run Behavior\BuildLiteBehavior [ RunTime:0.000015s ]
INFO: [ app_init ] --END-- [ RunTime:0.000106s ]
INFO: [ app_begin ] --START--
INFO: Run Behavior\ReadHtmlCacheBehavior [ RunTime:0.000047s ]
INFO: [ app_begin ] --END-- [ RunTime:0.000088s ]
NOTIC: [2048] Declaration of Home\Controller\IndexController::show() should be compatible with Think\Controller::show($content, $charset = '', $contentType = '', $prefix = '') /var/www/html/Application/Home/Controller/IndexController.class.php 第 59 行.
NOTIC: [8] Undefined index: nonce /var/www/html/Application/Home/Controller/IndexController.class.php 第 6 行.
NOTIC: [8] Undefined index: timestamp /var/www/html/Application/Home/Controller/IndexController.class.php 第 8 行.
NOTIC: [8] Undefined index: echostr /var/www/html/Application/Home/Controller/IndexController.class.php 第 9 行.
NOTIC: [8] Undefined index: signature /var/www/html/Application/Home/Controller/IndexController.class.php 第 10 行.
INFO: [ app_end ] --START--
INFO: Run Behavior\ShowPageTraceBehavior [ RunTime:0.000043s ]
INFO: [ app_end ] --END-- [ RunTime:0.000082s ]

[ 2017-04-06T05:24:25+08:00 ] 191.253.71.202 /
INFO: [ app_init ] --START--
INFO: Run Behavior\BuildLiteBehavior [ RunTime:0.000016s ]
INFO: [ app_init ] --END-- [ RunTime:0.000122s ]
INFO: [ app_begin ] --START--
INFO: Run Behavior\ReadHtmlCacheBehavior [ RunTime:0.000056s ]
INFO: [ app_begin ] --END-- [ RunTime:0.000103s ]
NOTIC: [2048] Declaration of Home\Controller\IndexController::show() should be compatible with Think\Controller::show($content, $charset = '', $contentType = '', $prefix = '') /var/www/html/Application/Home/Controller/IndexController.class.php 第 59 行.
NOTIC: [8] Undefined index: nonce /var/www/html/Application/Home/Controller/IndexController.class.php 第 6 行.
NOTIC: [8] Undefined index: timestamp /var/www/html/Application/Home/Controller/IndexController.class.php 第 8 行.
NOTIC: [8] Undefined index: echostr /var/www/html/Application/Home/Controller/IndexController.class.php 第 9 行.
NOTIC: [8] Undefined index: signature /var/www/html/Application/Home/Controller/IndexController.class.php 第 10 行.
INFO: [ app_end ] --START--
INFO: Run Behavior\ShowPageTraceBehavior [ RunTime:0.000050s ]
INFO: [ app_end ] --END-- [ RunTime:0.000093s ]

[ 2017-04-06T05:30:27+08:00 ] 176.136.35.38 /
INFO: [ app_init ] --START--
INFO: Run Behavior\BuildLiteBehavior [ RunTime:0.000016s ]
INFO: [ app_init ] --END-- [ RunTime:0.000106s ]
INFO: [ app_begin ] --START--
INFO: Run Behavior\ReadHtmlCacheBehavior [ RunTime:0.000046s ]
INFO: [ app_begin ] --END-- [ RunTime:0.000087s ]
NOTIC: [2048] Declaration of Home\Controller\IndexController::show() should be compatible with Think\Controller::show($content, $charset = '', $contentType = '', $prefix = '') /var/www/html/Application/Home/Controller/IndexController.class.php 第 0 行.
NOTIC: [8] Undefined index: nonce /var/www/html/Application/Home/Controller/IndexController.class.php 第 6 行.
NOTIC: [8] Undefined index: timestamp /var/www/html/Application/Home/Controller/IndexController.class.php 第 8 行.
NOTIC: [8] Undefined index: echostr /var/www/html/Application/Home/Controller/IndexController.class.php 第 9 行.
NOTIC: [8] Undefined index: signature /var/www/html/Application/Home/Controller/IndexController.class.php 第 10 行.
INFO: [ app_end ] --START--
INFO: Run Behavior\ShowPageTraceBehavior [ RunTime:0.000048s ]
INFO: [ app_end ] --END-- [ RunTime:0.000092s ]

[ 2017-04-06T07:42:48+08:00 ] 191.253.71.202 /
INFO: [ app_init ] --START--
INFO: Run Behavior\BuildLiteBehavior [ RunTime:0.000015s ]
INFO: [ app_init ] --END-- [ RunTime:0.000114s ]
INFO: [ app_begin ] --START--
INFO: Run Behavior\ReadHtmlCacheBehavior [ RunTime:0.000044s ]
INFO: [ app_begin ] --END-- [ RunTime:0.000084s ]
NOTIC: [2048] Declaration of Home\Controller\IndexController::show() should be compatible with Think\Controller::show($content, $charset = '', $contentType = '', $prefix = '') /var/www/html/Application/Home/Controller/IndexController.class.php 第 0 行.
NOTIC: [8] Undefined index: nonce /var/www/html/Application/Home/Controller/IndexController.class.php 第 6 行.
NOTIC: [8] Undefined index: timestamp /var/www/html/Application/Home/Controller/IndexController.class.php 第 8 行.
NOTIC: [8] Undefined index: echostr /var/www/html/Application/Home/Controller/IndexController.class.php 第 9 行.
NOTIC: [8] Undefined index: signature /var/www/html/Application/Home/Controller/IndexController.class.php 第 10 行.
INFO: [ app_end ] --START--
INFO: Run Behavior\ShowPageTraceBehavior [ RunTime:0.000046s ]
INFO: [ app_end ] --END-- [ RunTime:0.000084s ]

[ 2017-04-06T08:06:36+08:00 ] 109.209.209.184 /
INFO: [ app_init ] --START--
INFO: Run Behavior\BuildLiteBehavior [ RunTime:0.000015s ]
INFO: [ app_init ] --END-- [ RunTime:0.000127s ]
INFO: [ app_begin ] --START--
INFO: Run Behavior\ReadHtmlCacheBehavior [ RunTime:0.000056s ]
INFO: [ app_begin ] --END-- [ RunTime:0.000100s ]
NOTIC: [2048] Declaration of Home\Controller\IndexController::show() should be compatible with Think\Controller::show($content, $charset = '', $contentType = '', $prefix = '') /var/www/html/Application/Home/Controller/IndexController.class.php 第 0 行.
NOTIC: [8] Undefined index: nonce /var/www/html/Application/Home/Controller/IndexController.class.php 第 6 行.
NOTIC: [8] Undefined index: timestamp /var/www/html/Application/Home/Controller/IndexController.class.php 第 8 行.
NOTIC: [8] Undefined index: echostr /var/www/html/Application/Home/Controller/IndexController.class.php 第 9 行.
NOTIC: [8] Undefined index: signature /var/www/html/Application/Home/Controller/IndexController.class.php 第 10 行.
INFO: [ app_end ] --START--
INFO: Run Behavior\ShowPageTraceBehavior [ RunTime:0.000047s ]
INFO: [ app_end ] --END-- [ RunTime:0.000093s ]

[ 2017-04-06T08:07:23+08:00 ] 92.88.100.36 /
INFO: [ app_init ] --START--
INFO: Run Behavior\BuildLiteBehavior [ RunTime:0.000015s ]
INFO: [ app_init ] --END-- [ RunTime:0.000133s ]
INFO: [ app_begin ] --START--
INFO: Run Behavior\ReadHtmlCacheBehavior [ RunTime:0.000057s ]
INFO: [ app_begin ] --END-- [ RunTime:0.000100s ]
NOTIC: [2048] Declaration of Home\Controller\IndexController::show() should be compatible with Think\Controller::show($content, $charset = '', $contentType = '', $prefix = '') /var/www/html/Application/Home/Controller/IndexController.class.php 第 0 行.
NOTIC: [8] Undefined index: nonce /var/www/html/Application/Home/Controller/IndexController.class.php 第 6 行.
NOTIC: [8] Undefined index: timestamp /var/www/html/Application/Home/Controller/IndexController.class.php 第 8 行.
NOTIC: [8] Undefined index: echostr /var/www/html/Application/Home/Controller/IndexController.class.php 第 9 行.
NOTIC: [8] Undefined index: signature /var/www/html/Application/Home/Controller/IndexController.class.php 第 10 行.
INFO: [ app_end ] --START--
INFO: Run Behavior\ShowPageTraceBehavior [ RunTime:0.000046s ]
INFO: [ app_end ] --END-- [ RunTime:0.000084s ]

[ 2017-04-06T08:41:05+08:00 ] 143.137.66.220 /
INFO: [ app_init ] --START--
INFO: Run Behavior\BuildLiteBehavior [ RunTime:0.000016s ]
INFO: [ app_init ] --END-- [ RunTime:0.000110s ]
INFO: [ app_begin ] --START--
INFO: Run Behavior\ReadHtmlCacheBehavior [ RunTime:0.000049s ]
INFO: [ app_begin ] --END-- [ RunTime:0.000094s ]
NOTIC: [2048] Declaration of Home\Controller\IndexController::show() should be compatible with Think\Controller::show($content, $charset = '', $contentType = '', $prefix = '') /var/www/html/Application/Home/Controller/IndexController.class.php 第 59 行.
NOTIC: [8] Undefined index: nonce /var/www/html/Application/Home/Controller/IndexController.class.php 第 6 行.
NOTIC: [8] Undefined index: timestamp /var/www/html/Application/Home/Controller/IndexController.class.php 第 8 行.
NOTIC: [8] Undefined index: echostr /var/www/html/Application/Home/Controller/IndexController.class.php 第 9 行.
NOTIC: [8] Undefined index: signature /var/www/html/Application/Home/Controller/IndexController.class.php 第 10 行.
INFO: [ app_end ] --START--
INFO: Run Behavior\ShowPageTraceBehavior [ RunTime:0.000047s ]
INFO: [ app_end ] --END-- [ RunTime:0.000088s ]

[ 2017-04-06T08:51:37+08:00 ] 196.52.43.56 /
INFO: [ app_init ] --START--
INFO: Run Behavior\BuildLiteBehavior [ RunTime:0.000015s ]
INFO: [ app_init ] --END-- [ RunTime:0.000099s ]
INFO: [ app_begin ] --START--
INFO: Run Behavior\ReadHtmlCacheBehavior [ RunTime:0.000043s ]
INFO: [ app_begin ] --END-- [ RunTime:0.000083s ]
NOTIC: [2048] Declaration of Home\Controller\IndexController::show() should be compatible with Think\Controller::show($content, $charset = '', $contentType = '', $prefix = '') /var/www/html/Application/Home/Controller/IndexController.class.php 第 0 行.
NOTIC: [8] Undefined index: nonce /var/www/html/Application/Home/Controller/IndexController.class.php 第 6 行.
NOTIC: [8] Undefined index: timestamp /var/www/html/Application/Home/Controller/IndexController.class.php 第 8 行.
NOTIC: [8] Undefined index: echostr /var/www/html/Application/Home/Controller/IndexController.class.php 第 9 行.
NOTIC: [8] Undefined index: signature /var/www/html/Application/Home/Controller/IndexController.class.php 第 10 行.
INFO: [ app_end ] --START--
INFO: Run Behavior\ShowPageTraceBehavior [ RunTime:0.000057s ]
INFO: [ app_end ] --END-- [ RunTime:0.000092s ]

[ 2017-04-06T09:04:59+08:00 ] 143.137.65.7 /
INFO: [ app_init ] --START--
INFO: Run Behavior\BuildLiteBehavior [ RunTime:0.000011s ]
INFO: [ app_init ] --END-- [ RunTime:0.000080s ]
INFO: [ app_begin ] --START--
INFO: Run Behavior\ReadHtmlCacheBehavior [ RunTime:0.000031s ]
INFO: [ app_begin ] --END-- [ RunTime:0.000058s ]
NOTIC: [2048] Declaration of Home\Controller\IndexController::show() should be compatible with Think\Controller::show($content, $charset = '', $contentType = '', $prefix = '') /var/www/html/Application/Home/Controller/IndexController.class.php 第 0 行.
NOTIC: [8] Undefined index: nonce /var/www/html/Application/Home/Controller/IndexController.class.php 第 6 行.
NOTIC: [8] Undefined index: timestamp /var/www/html/Application/Home/Controller/IndexController.class.php 第 8 行.
NOTIC: [8] Undefined index: echostr /var/www/html/Application/Home/Controller/IndexController.class.php 第 9 行.
NOTIC: [8] Undefined index: signature /var/www/html/Application/Home/Controller/IndexController.class.php 第 10 行.
INFO: [ app_end ] --START--
INFO: Run Behavior\ShowPageTraceBehavior [ RunTime:0.000028s ]
INFO: [ app_end ] --END-- [ RunTime:0.000052s ]

[ 2017-04-06T10:51:19+08:00 ] 191.253.71.202 /
INFO: [ app_init ] --START--
INFO: Run Behavior\BuildLiteBehavior [ RunTime:0.000011s ]
INFO: [ app_init ] --END-- [ RunTime:0.000072s ]
INFO: [ app_begin ] --START--
INFO: Run Behavior\ReadHtmlCacheBehavior [ RunTime:0.000031s ]
INFO: [ app_begin ] --END-- [ RunTime:0.000056s ]
NOTIC: [2048] Declaration of Home\Controller\IndexController::show() should be compatible with Think\Controller::show($content, $charset = '', $contentType = '', $prefix = '') /var/www/html/Application/Home/Controller/IndexController.class.php 第 0 行.
NOTIC: [8] Undefined index: nonce /var/www/html/Application/Home/Controller/IndexController.class.php 第 6 行.
NOTIC: [8] Undefined index: timestamp /var/www/html/Application/Home/Controller/IndexController.class.php 第 8 行.
NOTIC: [8] Undefined index: echostr /var/www/html/Application/Home/Controller/IndexController.class.php 第 9 行.
NOTIC: [8] Undefined index: signature /var/www/html/Application/Home/Controller/IndexController.class.php 第 10 行.
INFO: [ app_end ] --START--
INFO: Run Behavior\ShowPageTraceBehavior [ RunTime:0.000028s ]
INFO: [ app_end ] --END-- [ RunTime:0.000050s ]

[ 2017-04-06T12:10:19+08:00 ] 191.253.71.202 /
INFO: [ app_init ] --START--
INFO: Run Behavior\BuildLiteBehavior [ RunTime:0.000013s ]
INFO: [ app_init ] --END-- [ RunTime:0.000090s ]
INFO: [ app_begin ] --START--
INFO: Run Behavior\ReadHtmlCacheBehavior [ RunTime:0.000038s ]
INFO: [ app_begin ] --END-- [ RunTime:0.000073s ]
NOTIC: [2048] Declaration of Home\Controller\IndexController::show() should be compatible with Think\Controller::show($content, $charset = '', $contentType = '', $prefix = '') /var/www/html/Application/Home/Controller/IndexController.class.php 第 0 行.
NOTIC: [8] Undefined index: nonce /var/www/html/Application/Home/Controller/IndexController.class.php 第 6 行.
NOTIC: [8] Undefined index: timestamp /var/www/html/Application/Home/Controller/IndexController.class.php 第 8 行.
NOTIC: [8] Undefined index: echostr /var/www/html/Application/Home/Controller/IndexController.class.php 第 9 行.
NOTIC: [8] Undefined index: signature /var/www/html/Application/Home/Controller/IndexController.class.php 第 10 行.
INFO: [ app_end ] --START--
INFO: Run Behavior\ShowPageTraceBehavior [ RunTime:0.000043s ]
INFO: [ app_end ] --END-- [ RunTime:0.000076s ]

[ 2017-04-06T12:17:48+08:00 ] 191.253.71.202 /
INFO: [ app_init ] --START--
INFO: Run Behavior\BuildLiteBehavior [ RunTime:0.000012s ]
INFO: [ app_init ] --END-- [ RunTime:0.000092s ]
INFO: [ app_begin ] --START--
INFO: Run Behavior\ReadHtmlCacheBehavior [ RunTime:0.000035s ]
INFO: [ app_begin ] --END-- [ RunTime:0.000064s ]
NOTIC: [2048] Declaration of Home\Controller\IndexController::show() should be compatible with Think\Controller::show($content, $charset = '', $contentType = '', $prefix = '') /var/www/html/Application/Home/Controller/IndexController.class.php 第 0 行.
NOTIC: [8] Undefined index: nonce /var/www/html/Application/Home/Controller/IndexController.class.php 第 6 行.
NOTIC: [8] Undefined index: timestamp /var/www/html/Application/Home/Controller/IndexController.class.php 第 8 行.
NOTIC: [8] Undefined index: echostr /var/www/html/Application/Home/Controller/IndexController.class.php 第 9 行.
NOTIC: [8] Undefined index: signature /var/www/html/Application/Home/Controller/IndexController.class.php 第 10 行.
INFO: [ app_end ] --START--
INFO: Run Behavior\ShowPageTraceBehavior [ RunTime:0.000032s ]
INFO: [ app_end ] --END-- [ RunTime:0.000059s ]

[ 2017-04-06T12:21:41+08:00 ] 185.110.132.232 /
INFO: [ app_init ] --START--
INFO: Run Behavior\BuildLiteBehavior [ RunTime:0.000011s ]
INFO: [ app_init ] --END-- [ RunTime:0.000081s ]
INFO: [ app_begin ] --START--
INFO: Run Behavior\ReadHtmlCacheBehavior [ RunTime:0.000037s ]
INFO: [ app_begin ] --END-- [ RunTime:0.000063s ]
NOTIC: [2048] Declaration of Home\Controller\IndexController::show() should be compatible with Think\Controller::show($content, $charset = '', $contentType = '', $prefix = '') /var/www/html/Application/Home/Controller/IndexController.class.php 第 0 行.
NOTIC: [8] Undefined index: nonce /var/www/html/Application/Home/Controller/IndexController.class.php 第 6 行.
NOTIC: [8] Undefined index: timestamp /var/www/html/Application/Home/Controller/IndexController.class.php 第 8 行.
NOTIC: [8] Undefined index: echostr /var/www/html/Application/Home/Controller/IndexController.class.php 第 9 行.
NOTIC: [8] Undefined index: signature /var/www/html/Application/Home/Controller/IndexController.class.php 第 10 行.
INFO: [ app_end ] --START--
INFO: Run Behavior\ShowPageTraceBehavior [ RunTime:0.000030s ]
INFO: [ app_end ] --END-- [ RunTime:0.000053s ]

[ 2017-04-06T12:46:46+08:00 ] 191.253.71.202 /
INFO: [ app_init ] --START--
INFO: Run Behavior\BuildLiteBehavior [ RunTime:0.000011s ]
INFO: [ app_init ] --END-- [ RunTime:0.000081s ]
INFO: [ app_begin ] --START--
INFO: Run Behavior\ReadHtmlCacheBehavior [ RunTime:0.000039s ]
INFO: [ app_begin ] --END-- [ RunTime:0.000065s ]
NOTIC: [2048] Declaration of Home\Controller\IndexController::show() should be compatible with Think\Controller::show($content, $charset = '', $contentType = '', $prefix = '') /var/www/html/Application/Home/Controller/IndexController.class.php 第 0 行.
NOTIC: [8] Undefined index: nonce /var/www/html/Application/Home/Controller/IndexController.class.php 第 6 行.
NOTIC: [8] Undefined index: timestamp /var/www/html/Application/Home/Controller/IndexController.class.php 第 8 行.
NOTIC: [8] Undefined index: echostr /var/www/html/Application/Home/Controller/IndexController.class.php 第 9 行.
NOTIC: [8] Undefined index: signature /var/www/html/Application/Home/Controller/IndexController.class.php 第 10 行.
INFO: [ app_end ] --START--
INFO: Run Behavior\ShowPageTraceBehavior [ RunTime:0.000028s ]
INFO: [ app_end ] --END-- [ RunTime:0.000052s ]

[ 2017-04-06T12:55:34+08:00 ] 191.253.71.202 /
INFO: [ app_init ] --START--
INFO: Run Behavior\BuildLiteBehavior [ RunTime:0.000010s ]
INFO: [ app_init ] --END-- [ RunTime:0.000078s ]
INFO: [ app_begin ] --START--
INFO: Run Behavior\ReadHtmlCacheBehavior [ RunTime:0.000030s ]
INFO: [ app_begin ] --END-- [ RunTime:0.000055s ]
NOTIC: [2048] Declaration of Home\Controller\IndexController::show() should be compatible with Think\Controller::show($content, $charset = '', $contentType = '', $prefix = '') /var/www/html/Application/Home/Controller/IndexController.class.php 第 59 行.
NOTIC: [8] Undefined index: nonce /var/www/html/Application/Home/Controller/IndexController.class.php 第 6 行.
NOTIC: [8] Undefined index: timestamp /var/www/html/Application/Home/Controller/IndexController.class.php 第 8 行.
NOTIC: [8] Undefined index: echostr /var/www/html/Application/Home/Controller/IndexController.class.php 第 9 行.
NOTIC: [8] Undefined index: signature /var/www/html/Application/Home/Controller/IndexController.class.php 第 10 行.
INFO: [ app_end ] --START--
INFO: Run Behavior\ShowPageTraceBehavior [ RunTime:0.000029s ]
INFO: [ app_end ] --END-- [ RunTime:0.000051s ]

[ 2017-04-06T13:00:30+08:00 ] 191.253.71.202 /
INFO: [ app_init ] --START--
INFO: Run Behavior\BuildLiteBehavior [ RunTime:0.000014s ]
INFO: [ app_init ] --END-- [ RunTime:0.000107s ]
INFO: [ app_begin ] --START--
INFO: Run Behavior\ReadHtmlCacheBehavior [ RunTime:0.000052s ]
INFO: [ app_begin ] --END-- [ RunTime:0.000095s ]
NOTIC: [2048] Declaration of Home\Controller\IndexController::show() should be compatible with Think\Controller::show($content, $charset = '', $contentType = '', $prefix = '') /var/www/html/Application/Home/Controller/IndexController.class.php 第 137 行.
NOTIC: [8] Undefined index: nonce /var/www/html/Application/Home/Controller/IndexController.class.php 第 6 行.
NOTIC: [8] Undefined index: timestamp /var/www/html/Application/Home/Controller/IndexController.class.php 第 8 行.
NOTIC: [8] Undefined index: echostr /var/www/html/Application/Home/Controller/IndexController.class.php 第 9 行.
NOTIC: [8] Undefined index: signature /var/www/html/Application/Home/Controller/IndexController.class.php 第 10 行.
INFO: [ app_end ] --START--
INFO: Run Behavior\ShowPageTraceBehavior [ RunTime:0.000045s ]
INFO: [ app_end ] --END-- [ RunTime:0.000079s ]

[ 2017-04-06T13:04:48+08:00 ] 191.253.71.202 /
INFO: [ app_init ] --START--
INFO: Run Behavior\BuildLiteBehavior [ RunTime:0.000026s ]
INFO: [ app_init ] --END-- [ RunTime:0.000111s ]
INFO: [ app_begin ] --START--
INFO: Run Behavior\ReadHtmlCacheBehavior [ RunTime:0.000040s ]
INFO: [ app_begin ] --END-- [ RunTime:0.000078s ]
NOTIC: [2048] Declaration of Home\Controller\IndexController::show() should be compatible with Think\Controller::show($content, $charset = '', $contentType = '', $prefix = '') /var/www/html/Application/Home/Controller/IndexController.class.php 第 0 行.
NOTIC: [8] Undefined index: nonce /var/www/html/Application/Home/Controller/IndexController.class.php 第 6 行.
NOTIC: [8] Undefined index: timestamp /var/www/html/Application/Home/Controller/IndexController.class.php 第 8 行.
NOTIC: [8] Undefined index: echostr /var/www/html/Application/Home/Controller/IndexController.class.php 第 9 行.
NOTIC: [8] Undefined index: signature /var/www/html/Application/Home/Controller/IndexController.class.php 第 10 行.
INFO: [ app_end ] --START--
INFO: Run Behavior\ShowPageTraceBehavior [ RunTime:0.000040s ]
INFO: [ app_end ] --END-- [ RunTime:0.000071s ]

[ 2017-04-06T13:23:47+08:00 ] 191.253.71.202 /
INFO: [ app_init ] --START--
INFO: Run Behavior\BuildLiteBehavior [ RunTime:0.000013s ]
INFO: [ app_init ] --END-- [ RunTime:0.000100s ]
INFO: [ app_begin ] --START--
INFO: Run Behavior\ReadHtmlCacheBehavior [ RunTime:0.000041s ]
INFO: [ app_begin ] --END-- [ RunTime:0.000077s ]
NOTIC: [2048] Declaration of Home\Controller\IndexController::show() should be compatible with Think\Controller::show($content, $charset = '', $contentType = '', $prefix = '') /var/www/html/Application/Home/Controller/IndexController.class.php 第 0 行.
NOTIC: [8] Undefined index: nonce /var/www/html/Application/Home/Controller/IndexController.class.php 第 6 行.
NOTIC: [8] Undefined index: timestamp /var/www/html/Application/Home/Controller/IndexController.class.php 第 8 行.
NOTIC: [8] Undefined index: echostr /var/www/html/Application/Home/Controller/IndexController.class.php 第 9 行.
NOTIC: [8] Undefined index: signature /var/www/html/Application/Home/Controller/IndexController.class.php 第 10 行.
INFO: [ app_end ] --START--
INFO: Run Behavior\ShowPageTraceBehavior [ RunTime:0.000037s ]
INFO: [ app_end ] --END-- [ RunTime:0.000069s ]

[ 2017-04-06T13:28:09+08:00 ] 191.253.71.202 /
INFO: [ app_init ] --START--
INFO: Run Behavior\BuildLiteBehavior [ RunTime:0.000012s ]
INFO: [ app_init ] --END-- [ RunTime:0.000104s ]
INFO: [ app_begin ] --START--
INFO: Run Behavior\ReadHtmlCacheBehavior [ RunTime:0.000047s ]
INFO: [ app_begin ] --END-- [ RunTime:0.000083s ]
NOTIC: [2048] Declaration of Home\Controller\IndexController::show() should be compatible with Think\Controller::show($content, $charset = '', $contentType = '', $prefix = '') /var/www/html/Application/Home/Controller/IndexController.class.php 第 0 行.
NOTIC: [8] Undefined index: nonce /var/www/html/Application/Home/Controller/IndexController.class.php 第 6 行.
NOTIC: [8] Undefined index: timestamp /var/www/html/Application/Home/Controller/IndexController.class.php 第 8 行.
NOTIC: [8] Undefined index: echostr /var/www/html/Application/Home/Controller/IndexController.class.php 第 9 行.
NOTIC: [8] Undefined index: signature /var/www/html/Application/Home/Controller/IndexController.class.php 第 10 行.
INFO: [ app_end ] --START--
INFO: Run Behavior\ShowPageTraceBehavior [ RunTime:0.000038s ]
INFO: [ app_end ] --END-- [ RunTime:0.000069s ]

[ 2017-04-06T13:47:05+08:00 ] 191.253.71.202 /
INFO: [ app_init ] --START--
INFO: Run Behavior\BuildLiteBehavior [ RunTime:0.000015s ]
INFO: [ app_init ] --END-- [ RunTime:0.000114s ]
INFO: [ app_begin ] --START--
INFO: Run Behavior\ReadHtmlCacheBehavior [ RunTime:0.000043s ]
INFO: [ app_begin ] --END-- [ RunTime:0.000082s ]
NOTIC: [2048] Declaration of Home\Controller\IndexController::show() should be compatible with Think\Controller::show($content, $charset = '', $contentType = '', $prefix = '') /var/www/html/Application/Home/Controller/IndexController.class.php 第 59 行.
NOTIC: [8] Undefined index: nonce /var/www/html/Application/Home/Controller/IndexController.class.php 第 6 行.
NOTIC: [8] Undefined index: timestamp /var/www/html/Application/Home/Controller/IndexController.class.php 第 8 行.
NOTIC: [8] Undefined index: echostr /var/www/html/Application/Home/Controller/IndexController.class.php 第 9 行.
NOTIC: [8] Undefined index: signature /var/www/html/Application/Home/Controller/IndexController.class.php 第 10 行.
INFO: [ app_end ] --START--
INFO: Run Behavior\ShowPageTraceBehavior [ RunTime:0.000044s ]
INFO: [ app_end ] --END-- [ RunTime:0.000081s ]

[ 2017-04-06T13:58:23+08:00 ] 191.253.71.202 /
INFO: [ app_init ] --START--
INFO: Run Behavior\BuildLiteBehavior [ RunTime:0.000013s ]
INFO: [ app_init ] --END-- [ RunTime:0.000097s ]
INFO: [ app_begin ] --START--
INFO: Run Behavior\ReadHtmlCacheBehavior [ RunTime:0.000046s ]
INFO: [ app_begin ] --END-- [ RunTime:0.000080s ]
NOTIC: [2048] Declaration of Home\Controller\IndexController::show() should be compatible with Think\Controller::show($content, $charset = '', $contentType = '', $prefix = '') /var/www/html/Application/Home/Controller/IndexController.class.php 第 137 行.
NOTIC: [8] Undefined index: nonce /var/www/html/Application/Home/Controller/IndexController.class.php 第 6 行.
NOTIC: [8] Undefined index: timestamp /var/www/html/Application/Home/Controller/IndexController.class.php 第 8 行.
NOTIC: [8] Undefined index: echostr /var/www/html/Application/Home/Controller/IndexController.class.php 第 9 行.
NOTIC: [8] Undefined index: signature /var/www/html/Application/Home/Controller/IndexController.class.php 第 10 行.
INFO: [ app_end ] --START--
INFO: Run Behavior\ShowPageTraceBehavior [ RunTime:0.000035s ]
INFO: [ app_end ] --END-- [ RunTime:0.000065s ]

[ 2017-04-06T14:05:07+08:00 ] 191.253.71.202 /
INFO: [ app_init ] --START--
INFO: Run Behavior\BuildLiteBehavior [ RunTime:0.000015s ]
INFO: [ app_init ] --END-- [ RunTime:0.000107s ]
INFO: [ app_begin ] --START--
INFO: Run Behavior\ReadHtmlCacheBehavior [ RunTime:0.000047s ]
INFO: [ app_begin ] --END-- [ RunTime:0.000103s ]
NOTIC: [2048] Declaration of Home\Controller\IndexController::show() should be compatible with Think\Controller::show($content, $charset = '', $contentType = '', $prefix = '') /var/www/html/Application/Home/Controller/IndexController.class.php 第 0 行.
NOTIC: [8] Undefined index: nonce /var/www/html/Application/Home/Controller/IndexController.class.php 第 6 行.
NOTIC: [8] Undefined index: timestamp /var/www/html/Application/Home/Controller/IndexController.class.php 第 8 行.
NOTIC: [8] Undefined index: echostr /var/www/html/Application/Home/Controller/IndexController.class.php 第 9 行.
NOTIC: [8] Undefined index: signature /var/www/html/Application/Home/Controller/IndexController.class.php 第 10 行.
INFO: [ app_end ] --START--
INFO: Run Behavior\ShowPageTraceBehavior [ RunTime:0.000062s ]
INFO: [ app_end ] --END-- [ RunTime:0.000154s ]

[ 2017-04-06T14:09:09+08:00 ] 191.253.71.202 /
INFO: [ app_init ] --START--
INFO: Run Behavior\BuildLiteBehavior [ RunTime:0.000043s ]
INFO: [ app_init ] --END-- [ RunTime:0.000253s ]
INFO: [ app_begin ] --START--
INFO: Run Behavior\ReadHtmlCacheBehavior [ RunTime:0.000048s ]
INFO: [ app_begin ] --END-- [ RunTime:0.000105s ]
NOTIC: [2048] Declaration of Home\Controller\IndexController::show() should be compatible with Think\Controller::show($content, $charset = '', $contentType = '', $prefix = '') /var/www/html/Application/Home/Controller/IndexController.class.php 第 0 行.
NOTIC: [8] Undefined index: nonce /var/www/html/Application/Home/Controller/IndexController.class.php 第 6 行.
NOTIC: [8] Undefined index: timestamp /var/www/html/Application/Home/Controller/IndexController.class.php 第 8 行.
NOTIC: [8] Undefined index: echostr /var/www/html/Application/Home/Controller/IndexController.class.php 第 9 行.
NOTIC: [8] Undefined index: signature /var/www/html/Application/Home/Controller/IndexController.class.php 第 10 行.
INFO: [ app_end ] --START--
INFO: Run Behavior\ShowPageTraceBehavior [ RunTime:0.000075s ]
INFO: [ app_end ] --END-- [ RunTime:0.000121s ]

[ 2017-04-06T14:23:58+08:00 ] 191.253.71.202 /
INFO: [ app_init ] --START--
INFO: Run Behavior\BuildLiteBehavior [ RunTime:0.000016s ]
INFO: [ app_init ] --END-- [ RunTime:0.000124s ]
INFO: [ app_begin ] --START--
INFO: Run Behavior\ReadHtmlCacheBehavior [ RunTime:0.000060s ]
INFO: [ app_begin ] --END-- [ RunTime:0.000107s ]
NOTIC: [2048] Declaration of Home\Controller\IndexController::show() should be compatible with Think\Controller::show($content, $charset = '', $contentType = '', $prefix = '') /var/www/html/Application/Home/Controller/IndexController.class.php 第 0 行.
NOTIC: [8] Undefined index: nonce /var/www/html/Application/Home/Controller/IndexController.class.php 第 6 行.
NOTIC: [8] Undefined index: timestamp /var/www/html/Application/Home/Controller/IndexController.class.php 第 8 行.
NOTIC: [8] Undefined index: echostr /var/www/html/Application/Home/Controller/IndexController.class.php 第 9 行.
NOTIC: [8] Undefined index: signature /var/www/html/Application/Home/Controller/IndexController.class.php 第 10 行.
INFO: [ app_end ] --START--
INFO: Run Behavior\ShowPageTraceBehavior [ RunTime:0.000048s ]
INFO: [ app_end ] --END-- [ RunTime:0.000088s ]

[ 2017-04-06T14:52:11+08:00 ] 175.156.144.2 /
INFO: [ app_init ] --START--
INFO: Run Behavior\BuildLiteBehavior [ RunTime:0.000012s ]
INFO: [ app_init ] --END-- [ RunTime:0.000093s ]
INFO: [ app_begin ] --START--
INFO: Run Behavior\ReadHtmlCacheBehavior [ RunTime:0.000043s ]
INFO: [ app_begin ] --END-- [ RunTime:0.000074s ]
NOTIC: [2048] Declaration of Home\Controller\IndexController::show() should be compatible with Think\Controller::show($content, $charset = '', $contentType = '', $prefix = '') /var/www/html/Application/Home/Controller/IndexController.class.php 第 0 行.
NOTIC: [8] Undefined index: nonce /var/www/html/Application/Home/Controller/IndexController.class.php 第 6 行.
NOTIC: [8] Undefined index: timestamp /var/www/html/Application/Home/Controller/IndexController.class.php 第 8 行.
NOTIC: [8] Undefined index: echostr /var/www/html/Application/Home/Controller/IndexController.class.php 第 9 行.
NOTIC: [8] Undefined index: signature /var/www/html/Application/Home/Controller/IndexController.class.php 第 10 行.
INFO: [ app_end ] --START--
INFO: Run Behavior\ShowPageTraceBehavior [ RunTime:0.000034s ]
INFO: [ app_end ] --END-- [ RunTime:0.000061s ]

[ 2017-04-06T15:25:53+08:00 ] 191.253.71.202 /
INFO: [ app_init ] --START--
INFO: Run Behavior\BuildLiteBehavior [ RunTime:0.000010s ]
INFO: [ app_init ] --END-- [ RunTime:0.000077s ]
INFO: [ app_begin ] --START--
INFO: Run Behavior\ReadHtmlCacheBehavior [ RunTime:0.000037s ]
INFO: [ app_begin ] --END-- [ RunTime:0.000064s ]
NOTIC: [2048] Declaration of Home\Controller\IndexController::show() should be compatible with Think\Controller::show($content, $charset = '', $contentType = '', $prefix = '') /var/www/html/Application/Home/Controller/IndexController.class.php 第 59 行.
NOTIC: [8] Undefined index: nonce /var/www/html/Application/Home/Controller/IndexController.class.php 第 6 行.
NOTIC: [8] Undefined index: timestamp /var/www/html/Application/Home/Controller/IndexController.class.php 第 8 行.
NOTIC: [8] Undefined index: echostr /var/www/html/Application/Home/Controller/IndexController.class.php 第 9 行.
NOTIC: [8] Undefined index: signature /var/www/html/Application/Home/Controller/IndexController.class.php 第 10 行.
INFO: [ app_end ] --START--
INFO: Run Behavior\ShowPageTraceBehavior [ RunTime:0.000028s ]
INFO: [ app_end ] --END-- [ RunTime:0.000051s ]

[ 2017-04-06T15:52:58+08:00 ] 191.253.71.202 /
INFO: [ app_init ] --START--
INFO: Run Behavior\BuildLiteBehavior [ RunTime:0.000011s ]
INFO: [ app_init ] --END-- [ RunTime:0.000081s ]
INFO: [ app_begin ] --START--
INFO: Run Behavior\ReadHtmlCacheBehavior [ RunTime:0.000042s ]
INFO: [ app_begin ] --END-- [ RunTime:0.000068s ]
NOTIC: [2048] Declaration of Home\Controller\IndexController::show() should be compatible with Think\Controller::show($content, $charset = '', $contentType = '', $prefix = '') /var/www/html/Application/Home/Controller/IndexController.class.php 第 137 行.
NOTIC: [8] Undefined index: nonce /var/www/html/Application/Home/Controller/IndexController.class.php 第 6 行.
NOTIC: [8] Undefined index: timestamp /var/www/html/Application/Home/Controller/IndexController.class.php 第 8 行.
NOTIC: [8] Undefined index: echostr /var/www/html/Application/Home/Controller/IndexController.class.php 第 9 行.
NOTIC: [8] Undefined index: signature /var/www/html/Application/Home/Controller/IndexController.class.php 第 10 行.
INFO: [ app_end ] --START--
INFO: Run Behavior\ShowPageTraceBehavior [ RunTime:0.000028s ]
INFO: [ app_end ] --END-- [ RunTime:0.000049s ]

[ 2017-04-06T16:06:22+08:00 ] 191.253.71.202 /
INFO: [ app_init ] --START--
INFO: Run Behavior\BuildLiteBehavior [ RunTime:0.000014s ]
INFO: [ app_init ] --END-- [ RunTime:0.000094s ]
INFO: [ app_begin ] --START--
INFO: Run Behavior\ReadHtmlCacheBehavior [ RunTime:0.000042s ]
INFO: [ app_begin ] --END-- [ RunTime:0.000081s ]
NOTIC: [2048] Declaration of Home\Controller\IndexController::show() should be compatible with Think\Controller::show($content, $charset = '', $contentType = '', $prefix = '') /var/www/html/Application/Home/Controller/IndexController.class.php 第 0 行.
NOTIC: [8] Undefined index: nonce /var/www/html/Application/Home/Controller/IndexController.class.php 第 6 行.
NOTIC: [8] Undefined index: timestamp /var/www/html/Application/Home/Controller/IndexController.class.php 第 8 行.
NOTIC: [8] Undefined index: echostr /var/www/html/Application/Home/Controller/IndexController.class.php 第 9 行.
NOTIC: [8] Undefined index: signature /var/www/html/Application/Home/Controller/IndexController.class.php 第 10 行.
INFO: [ app_end ] --START--
INFO: Run Behavior\ShowPageTraceBehavior [ RunTime:0.000039s ]
INFO: [ app_end ] --END-- [ RunTime:0.000072s ]

[ 2017-04-06T16:13:59+08:00 ] 191.253.71.202 /
INFO: [ app_init ] --START--
INFO: Run Behavior\BuildLiteBehavior [ RunTime:0.000012s ]
INFO: [ app_init ] --END-- [ RunTime:0.000083s ]
INFO: [ app_begin ] --START--
INFO: Run Behavior\ReadHtmlCacheBehavior [ RunTime:0.000030s ]
INFO: [ app_begin ] --END-- [ RunTime:0.000057s ]
NOTIC: [2048] Declaration of Home\Controller\IndexController::show() should be compatible with Think\Controller::show($content, $charset = '', $contentType = '', $prefix = '') /var/www/html/Application/Home/Controller/IndexController.class.php 第 0 行.
NOTIC: [8] Undefined index: nonce /var/www/html/Application/Home/Controller/IndexController.class.php 第 6 行.
NOTIC: [8] Undefined index: timestamp /var/www/html/Application/Home/Controller/IndexController.class.php 第 8 行.
NOTIC: [8] Undefined index: echostr /var/www/html/Application/Home/Controller/IndexController.class.php 第 9 行.
NOTIC: [8] Undefined index: signature /var/www/html/Application/Home/Controller/IndexController.class.php 第 10 行.
INFO: [ app_end ] --START--
INFO: Run Behavior\ShowPageTraceBehavior [ RunTime:0.000030s ]
INFO: [ app_end ] --END-- [ RunTime:0.000053s ]

[ 2017-04-06T16:22:53+08:00 ] 191.253.71.202 /
INFO: [ app_init ] --START--
INFO: Run Behavior\BuildLiteBehavior [ RunTime:0.000016s ]
INFO: [ app_init ] --END-- [ RunTime:0.000124s ]
INFO: [ app_begin ] --START--
INFO: Run Behavior\ReadHtmlCacheBehavior [ RunTime:0.000062s ]
INFO: [ app_begin ] --END-- [ RunTime:0.000107s ]
NOTIC: [2048] Declaration of Home\Controller\IndexController::show() should be compatible with Think\Controller::show($content, $charset = '', $contentType = '', $prefix = '') /var/www/html/Application/Home/Controller/IndexController.class.php 第 0 行.
NOTIC: [8] Undefined index: nonce /var/www/html/Application/Home/Controller/IndexController.class.php 第 6 行.
NOTIC: [8] Undefined index: timestamp /var/www/html/Application/Home/Controller/IndexController.class.php 第 8 行.
NOTIC: [8] Undefined index: echostr /var/www/html/Application/Home/Controller/IndexController.class.php 第 9 行.
NOTIC: [8] Undefined index: signature /var/www/html/Application/Home/Controller/IndexController.class.php 第 10 行.
INFO: [ app_end ] --START--
INFO: Run Behavior\ShowPageTraceBehavior [ RunTime:0.000050s ]
INFO: [ app_end ] --END-- [ RunTime:0.000091s ]

[ 2017-04-06T17:11:09+08:00 ] 191.253.71.202 /
INFO: [ app_init ] --START--
INFO: Run Behavior\BuildLiteBehavior [ RunTime:0.000010s ]
INFO: [ app_init ] --END-- [ RunTime:0.000083s ]
INFO: [ app_begin ] --START--
INFO: Run Behavior\ReadHtmlCacheBehavior [ RunTime:0.000040s ]
INFO: [ app_begin ] --END-- [ RunTime:0.000067s ]
NOTIC: [2048] Declaration of Home\Controller\IndexController::show() should be compatible with Think\Controller::show($content, $charset = '', $contentType = '', $prefix = '') /var/www/html/Application/Home/Controller/IndexController.class.php 第 0 行.
NOTIC: [8] Undefined index: nonce /var/www/html/Application/Home/Controller/IndexController.class.php 第 6 行.
NOTIC: [8] Undefined index: timestamp /var/www/html/Application/Home/Controller/IndexController.class.php 第 8 行.
NOTIC: [8] Undefined index: echostr /var/www/html/Application/Home/Controller/IndexController.class.php 第 9 行.
NOTIC: [8] Undefined index: signature /var/www/html/Application/Home/Controller/IndexController.class.php 第 10 行.
INFO: [ app_end ] --START--
INFO: Run Behavior\ShowPageTraceBehavior [ RunTime:0.000028s ]
INFO: [ app_end ] --END-- [ RunTime:0.000051s ]

[ 2017-04-06T17:14:07+08:00 ] 191.253.71.202 /
INFO: [ app_init ] --START--
INFO: Run Behavior\BuildLiteBehavior [ RunTime:0.000016s ]
INFO: [ app_init ] --END-- [ RunTime:0.000119s ]
INFO: [ app_begin ] --START--
INFO: Run Behavior\ReadHtmlCacheBehavior [ RunTime:0.000046s ]
INFO: [ app_begin ] --END-- [ RunTime:0.000089s ]
NOTIC: [2048] Declaration of Home\Controller\IndexController::show() should be compatible with Think\Controller::show($content, $charset = '', $contentType = '', $prefix = '') /var/www/html/Application/Home/Controller/IndexController.class.php 第 59 行.
NOTIC: [8] Undefined index: nonce /var/www/html/Application/Home/Controller/IndexController.class.php 第 6 行.
NOTIC: [8] Undefined index: timestamp /var/www/html/Application/Home/Controller/IndexController.class.php 第 8 行.
NOTIC: [8] Undefined index: echostr /var/www/html/Application/Home/Controller/IndexController.class.php 第 9 行.
NOTIC: [8] Undefined index: signature /var/www/html/Application/Home/Controller/IndexController.class.php 第 10 行.
INFO: [ app_end ] --START--
INFO: Run Behavior\ShowPageTraceBehavior [ RunTime:0.000046s ]
INFO: [ app_end ] --END-- [ RunTime:0.000083s ]

[ 2017-04-06T18:19:56+08:00 ] 191.253.71.202 /
INFO: [ app_init ] --START--
INFO: Run Behavior\BuildLiteBehavior [ RunTime:0.000010s ]
INFO: [ app_init ] --END-- [ RunTime:0.000080s ]
INFO: [ app_begin ] --START--
INFO: Run Behavior\ReadHtmlCacheBehavior [ RunTime:0.000037s ]
INFO: [ app_begin ] --END-- [ RunTime:0.000063s ]
NOTIC: [2048] Declaration of Home\Controller\IndexController::show() should be compatible with Think\Controller::show($content, $charset = '', $contentType = '', $prefix = '') /var/www/html/Application/Home/Controller/IndexController.class.php 第 137 行.
NOTIC: [8] Undefined index: nonce /var/www/html/Application/Home/Controller/IndexController.class.php 第 6 行.
NOTIC: [8] Undefined index: timestamp /var/www/html/Application/Home/Controller/IndexController.class.php 第 8 行.
NOTIC: [8] Undefined index: echostr /var/www/html/Application/Home/Controller/IndexController.class.php 第 9 行.
NOTIC: [8] Undefined index: signature /var/www/html/Application/Home/Controller/IndexController.class.php 第 10 行.
INFO: [ app_end ] --START--
INFO: Run Behavior\ShowPageTraceBehavior [ RunTime:0.000028s ]
INFO: [ app_end ] --END-- [ RunTime:0.000051s ]

[ 2017-04-06T19:15:46+08:00 ] 191.253.71.202 /
INFO: [ app_init ] --START--
INFO: Run Behavior\BuildLiteBehavior [ RunTime:0.000017s ]
INFO: [ app_init ] --END-- [ RunTime:0.000127s ]
INFO: [ app_begin ] --START--
INFO: Run Behavior\ReadHtmlCacheBehavior [ RunTime:0.000045s ]
INFO: [ app_begin ] --END-- [ RunTime:0.000088s ]
NOTIC: [2048] Declaration of Home\Controller\IndexController::show() should be compatible with Think\Controller::show($content, $charset = '', $contentType = '', $prefix = '') /var/www/html/Application/Home/Controller/IndexController.class.php 第 0 行.
NOTIC: [8] Undefined index: nonce /var/www/html/Application/Home/Controller/IndexController.class.php 第 6 行.
NOTIC: [8] Undefined index: timestamp /var/www/html/Application/Home/Controller/IndexController.class.php 第 8 行.
NOTIC: [8] Undefined index: echostr /var/www/html/Application/Home/Controller/IndexController.class.php 第 9 行.
NOTIC: [8] Undefined index: signature /var/www/html/Application/Home/Controller/IndexController.class.php 第 10 行.
INFO: [ app_end ] --START--
INFO: Run Behavior\ShowPageTraceBehavior [ RunTime:0.000045s ]
INFO: [ app_end ] --END-- [ RunTime:0.000083s ]

[ 2017-04-06T19:51:52+08:00 ] 191.253.71.202 /
INFO: [ app_init ] --START--
INFO: Run Behavior\BuildLiteBehavior [ RunTime:0.000024s ]
INFO: [ app_init ] --END-- [ RunTime:0.000201s ]
INFO: [ app_begin ] --START--
INFO: Run Behavior\ReadHtmlCacheBehavior [ RunTime:0.000042s ]
INFO: [ app_begin ] --END-- [ RunTime:0.000077s ]
NOTIC: [2048] Declaration of Home\Controller\IndexController::show() should be compatible with Think\Controller::show($content, $charset = '', $contentType = '', $prefix = '') /var/www/html/Application/Home/Controller/IndexController.class.php 第 0 行.
NOTIC: [8] Undefined index: nonce /var/www/html/Application/Home/Controller/IndexController.class.php 第 6 行.
NOTIC: [8] Undefined index: timestamp /var/www/html/Application/Home/Controller/IndexController.class.php 第 8 行.
NOTIC: [8] Undefined index: echostr /var/www/html/Application/Home/Controller/IndexController.class.php 第 9 行.
NOTIC: [8] Undefined index: signature /var/www/html/Application/Home/Controller/IndexController.class.php 第 10 行.
INFO: [ app_end ] --START--
INFO: Run Behavior\ShowPageTraceBehavior [ RunTime:0.000085s ]
INFO: [ app_end ] --END-- [ RunTime:0.000130s ]

[ 2017-04-06T20:00:15+08:00 ] 191.253.71.202 /
INFO: [ app_init ] --START--
INFO: Run Behavior\BuildLiteBehavior [ RunTime:0.000015s ]
INFO: [ app_init ] --END-- [ RunTime:0.000134s ]
INFO: [ app_begin ] --START--
INFO: Run Behavior\ReadHtmlCacheBehavior [ RunTime:0.000058s ]
INFO: [ app_begin ] --END-- [ RunTime:0.000101s ]
NOTIC: [2048] Declaration of Home\Controller\IndexController::show() should be compatible with Think\Controller::show($content, $charset = '', $contentType = '', $prefix = '') /var/www/html/Application/Home/Controller/IndexController.class.php 第 0 行.
NOTIC: [8] Undefined index: nonce /var/www/html/Application/Home/Controller/IndexController.class.php 第 6 行.
NOTIC: [8] Undefined index: timestamp /var/www/html/Application/Home/Controller/IndexController.class.php 第 8 行.
NOTIC: [8] Undefined index: echostr /var/www/html/Application/Home/Controller/IndexController.class.php 第 9 行.
NOTIC: [8] Undefined index: signature /var/www/html/Application/Home/Controller/IndexController.class.php 第 10 行.
INFO: [ app_end ] --START--
INFO: Run Behavior\ShowPageTraceBehavior [ RunTime:0.000046s ]
INFO: [ app_end ] --END-- [ RunTime:0.000084s ]

[ 2017-04-06T20:43:13+08:00 ] 191.253.71.202 /
INFO: [ app_init ] --START--
INFO: Run Behavior\BuildLiteBehavior [ RunTime:0.000010s ]
INFO: [ app_init ] --END-- [ RunTime:0.000086s ]
INFO: [ app_begin ] --START--
INFO: Run Behavior\ReadHtmlCacheBehavior [ RunTime:0.000038s ]
INFO: [ app_begin ] --END-- [ RunTime:0.000064s ]
NOTIC: [2048] Declaration of Home\Controller\IndexController::show() should be compatible with Think\Controller::show($content, $charset = '', $contentType = '', $prefix = '') /var/www/html/Application/Home/Controller/IndexController.class.php 第 0 行.
NOTIC: [8] Undefined index: nonce /var/www/html/Application/Home/Controller/IndexController.class.php 第 6 行.
NOTIC: [8] Undefined index: timestamp /var/www/html/Application/Home/Controller/IndexController.class.php 第 8 行.
NOTIC: [8] Undefined index: echostr /var/www/html/Application/Home/Controller/IndexController.class.php 第 9 行.
NOTIC: [8] Undefined index: signature /var/www/html/Application/Home/Controller/IndexController.class.php 第 10 行.
INFO: [ app_end ] --START--
INFO: Run Behavior\ShowPageTraceBehavior [ RunTime:0.000027s ]
INFO: [ app_end ] --END-- [ RunTime:0.000049s ]

[ 2017-04-06T21:32:47+08:00 ] 143.137.65.164 /
INFO: [ app_init ] --START--
INFO: Run Behavior\BuildLiteBehavior [ RunTime:0.000013s ]
INFO: [ app_init ] --END-- [ RunTime:0.000093s ]
INFO: [ app_begin ] --START--
INFO: Run Behavior\ReadHtmlCacheBehavior [ RunTime:0.000043s ]
INFO: [ app_begin ] --END-- [ RunTime:0.000075s ]
NOTIC: [2048] Declaration of Home\Controller\IndexController::show() should be compatible with Think\Controller::show($content, $charset = '', $contentType = '', $prefix = '') /var/www/html/Application/Home/Controller/IndexController.class.php 第 0 行.
NOTIC: [8] Undefined index: nonce /var/www/html/Application/Home/Controller/IndexController.class.php 第 6 行.
NOTIC: [8] Undefined index: timestamp /var/www/html/Application/Home/Controller/IndexController.class.php 第 8 行.
NOTIC: [8] Undefined index: echostr /var/www/html/Application/Home/Controller/IndexController.class.php 第 9 行.
NOTIC: [8] Undefined index: signature /var/www/html/Application/Home/Controller/IndexController.class.php 第 10 行.
INFO: [ app_end ] --START--
INFO: Run Behavior\ShowPageTraceBehavior [ RunTime:0.000034s ]
INFO: [ app_end ] --END-- [ RunTime:0.000062s ]

[ 2017-04-06T21:34:43+08:00 ] 191.253.71.202 /
INFO: [ app_init ] --START--
INFO: Run Behavior\BuildLiteBehavior [ RunTime:0.000012s ]
INFO: [ app_init ] --END-- [ RunTime:0.000095s ]
INFO: [ app_begin ] --START--
INFO: Run Behavior\ReadHtmlCacheBehavior [ RunTime:0.000050s ]
INFO: [ app_begin ] --END-- [ RunTime:0.000085s ]
NOTIC: [2048] Declaration of Home\Controller\IndexController::show() should be compatible with Think\Controller::show($content, $charset = '', $contentType = '', $prefix = '') /var/www/html/Application/Home/Controller/IndexController.class.php 第 59 行.
NOTIC: [8] Undefined index: nonce /var/www/html/Application/Home/Controller/IndexController.class.php 第 6 行.
NOTIC: [8] Undefined index: timestamp /var/www/html/Application/Home/Controller/IndexController.class.php 第 8 行.
NOTIC: [8] Undefined index: echostr /var/www/html/Application/Home/Controller/IndexController.class.php 第 9 行.
NOTIC: [8] Undefined index: signature /var/www/html/Application/Home/Controller/IndexController.class.php 第 10 行.
INFO: [ app_end ] --START--
INFO: Run Behavior\ShowPageTraceBehavior [ RunTime:0.000037s ]
INFO: [ app_end ] --END-- [ RunTime:0.000075s ]

[ 2017-04-06T22:05:33+08:00 ] 191.253.71.202 /
INFO: [ app_init ] --START--
INFO: Run Behavior\BuildLiteBehavior [ RunTime:0.000014s ]
INFO: [ app_init ] --END-- [ RunTime:0.000106s ]
INFO: [ app_begin ] --START--
INFO: Run Behavior\ReadHtmlCacheBehavior [ RunTime:0.000059s ]
INFO: [ app_begin ] --END-- [ RunTime:0.000103s ]
NOTIC: [2048] Declaration of Home\Controller\IndexController::show() should be compatible with Think\Controller::show($content, $charset = '', $contentType = '', $prefix = '') /var/www/html/Application/Home/Controller/IndexController.class.php 第 0 行.
NOTIC: [8] Undefined index: nonce /var/www/html/Application/Home/Controller/IndexController.class.php 第 6 行.
NOTIC: [8] Undefined index: timestamp /var/www/html/Application/Home/Controller/IndexController.class.php 第 8 行.
NOTIC: [8] Undefined index: echostr /var/www/html/Application/Home/Controller/IndexController.class.php 第 9 行.
NOTIC: [8] Undefined index: signature /var/www/html/Application/Home/Controller/IndexController.class.php 第 10 行.
INFO: [ app_end ] --START--
INFO: Run Behavior\ShowPageTraceBehavior [ RunTime:0.000044s ]
INFO: [ app_end ] --END-- [ RunTime:0.000082s ]

[ 2017-04-06T22:40:49+08:00 ] 191.253.71.202 /
INFO: [ app_init ] --START--
INFO: Run Behavior\BuildLiteBehavior [ RunTime:0.000013s ]
INFO: [ app_init ] --END-- [ RunTime:0.000093s ]
INFO: [ app_begin ] --START--
INFO: Run Behavior\ReadHtmlCacheBehavior [ RunTime:0.000036s ]
INFO: [ app_begin ] --END-- [ RunTime:0.000069s ]
NOTIC: [2048] Declaration of Home\Controller\IndexController::show() should be compatible with Think\Controller::show($content, $charset = '', $contentType = '', $prefix = '') /var/www/html/Application/Home/Controller/IndexController.class.php 第 59 行.
NOTIC: [8] Undefined index: nonce /var/www/html/Application/Home/Controller/IndexController.class.php 第 6 行.
NOTIC: [8] Undefined index: timestamp /var/www/html/Application/Home/Controller/IndexController.class.php 第 8 行.
NOTIC: [8] Undefined index: echostr /var/www/html/Application/Home/Controller/IndexController.class.php 第 9 行.
NOTIC: [8] Undefined index: signature /var/www/html/Application/Home/Controller/IndexController.class.php 第 10 行.
INFO: [ app_end ] --START--
INFO: Run Behavior\ShowPageTraceBehavior [ RunTime:0.000035s ]
INFO: [ app_end ] --END-- [ RunTime:0.000065s ]

[ 2017-04-06T22:44:38+08:00 ] 191.253.71.202 /
INFO: [ app_init ] --START--
INFO: Run Behavior\BuildLiteBehavior [ RunTime:0.000017s ]
INFO: [ app_init ] --END-- [ RunTime:0.000131s ]
INFO: [ app_begin ] --START--
INFO: Run Behavior\ReadHtmlCacheBehavior [ RunTime:0.000060s ]
INFO: [ app_begin ] --END-- [ RunTime:0.000106s ]
NOTIC: [2048] Declaration of Home\Controller\IndexController::show() should be compatible with Think\Controller::show($content, $charset = '', $contentType = '', $prefix = '') /var/www/html/Application/Home/Controller/IndexController.class.php 第 137 行.
NOTIC: [8] Undefined index: nonce /var/www/html/Application/Home/Controller/IndexController.class.php 第 6 行.
NOTIC: [8] Undefined index: timestamp /var/www/html/Application/Home/Controller/IndexController.class.php 第 8 行.
NOTIC: [8] Undefined index: echostr /var/www/html/Application/Home/Controller/IndexController.class.php 第 9 行.
NOTIC: [8] Undefined index: signature /var/www/html/Application/Home/Controller/IndexController.class.php 第 10 行.
INFO: [ app_end ] --START--
INFO: Run Behavior\ShowPageTraceBehavior [ RunTime:0.000047s ]
INFO: [ app_end ] --END-- [ RunTime:0.000089s ]

[ 2017-04-06T23:15:40+08:00 ] 191.253.71.202 /
INFO: [ app_init ] --START--
INFO: Run Behavior\BuildLiteBehavior [ RunTime:0.000010s ]
INFO: [ app_init ] --END-- [ RunTime:0.000082s ]
INFO: [ app_begin ] --START--
INFO: Run Behavior\ReadHtmlCacheBehavior [ RunTime:0.000038s ]
INFO: [ app_begin ] --END-- [ RunTime:0.000063s ]
NOTIC: [2048] Declaration of Home\Controller\IndexController::show() should be compatible with Think\Controller::show($content, $charset = '', $contentType = '', $prefix = '') /var/www/html/Application/Home/Controller/IndexController.class.php 第 137 行.
NOTIC: [8] Undefined index: nonce /var/www/html/Application/Home/Controller/IndexController.class.php 第 6 行.
NOTIC: [8] Undefined index: timestamp /var/www/html/Application/Home/Controller/IndexController.class.php 第 8 行.
NOTIC: [8] Undefined index: echostr /var/www/html/Application/Home/Controller/IndexController.class.php 第 9 行.
NOTIC: [8] Undefined index: signature /var/www/html/Application/Home/Controller/IndexController.class.php 第 10 行.
INFO: [ app_end ] --START--
INFO: Run Behavior\ShowPageTraceBehavior [ RunTime:0.000029s ]
INFO: [ app_end ] --END-- [ RunTime:0.000052s ]

[ 2017-04-06T23:18:04+08:00 ] 191.253.71.202 /
INFO: [ app_init ] --START--
INFO: Run Behavior\BuildLiteBehavior [ RunTime:0.000011s ]
INFO: [ app_init ] --END-- [ RunTime:0.000088s ]
INFO: [ app_begin ] --START--
INFO: Run Behavior\ReadHtmlCacheBehavior [ RunTime:0.000033s ]
INFO: [ app_begin ] --END-- [ RunTime:0.000062s ]
NOTIC: [2048] Declaration of Home\Controller\IndexController::show() should be compatible with Think\Controller::show($content, $charset = '', $contentType = '', $prefix = '') /var/www/html/Application/Home/Controller/IndexController.class.php 第 59 行.
NOTIC: [8] Undefined index: nonce /var/www/html/Application/Home/Controller/IndexController.class.php 第 6 行.
NOTIC: [8] Undefined index: timestamp /var/www/html/Application/Home/Controller/IndexController.class.php 第 8 行.
NOTIC: [8] Undefined index: echostr /var/www/html/Application/Home/Controller/IndexController.class.php 第 9 行.
NOTIC: [8] Undefined index: signature /var/www/html/Application/Home/Controller/IndexController.class.php 第 10 行.
INFO: [ app_end ] --START--
INFO: Run Behavior\ShowPageTraceBehavior [ RunTime:0.000032s ]
INFO: [ app_end ] --END-- [ RunTime:0.000058s ]

