[ 2017-04-07T00:20:04+08:00 ] 223.105.4.249 http://114.215.207.183:83/index.php
INFO: [ app_init ] --START--
INFO: Run Behavior\BuildLiteBehavior [ RunTime:0.000016s ]
INFO: [ app_init ] --END-- [ RunTime:0.000126s ]
INFO: [ app_begin ] --START--
INFO: Run Behavior\ReadHtmlCacheBehavior [ RunTime:0.000060s ]
INFO: [ app_begin ] --END-- [ RunTime:0.000105s ]
NOTIC: [2048] Declaration of Home\Controller\IndexController::show() should be compatible with Think\Controller::show($content, $charset = '', $contentType = '', $prefix = '') /var/www/html/Application/Home/Controller/IndexController.class.php 第 137 行.
NOTIC: [8] Undefined index: nonce /var/www/html/Application/Home/Controller/IndexController.class.php 第 6 行.
NOTIC: [8] Undefined index: timestamp /var/www/html/Application/Home/Controller/IndexController.class.php 第 8 行.
NOTIC: [8] Undefined index: echostr /var/www/html/Application/Home/Controller/IndexController.class.php 第 9 行.
NOTIC: [8] Undefined index: signature /var/www/html/Application/Home/Controller/IndexController.class.php 第 10 行.
INFO: [ app_end ] --START--
INFO: Run Behavior\ShowPageTraceBehavior [ RunTime:0.000047s ]
INFO: [ app_end ] --END-- [ RunTime:0.000088s ]

[ 2017-04-07T00:20:04+08:00 ] 223.105.4.249 http://112.124.127.162:83/index.php
INFO: [ app_init ] --START--
INFO: Run Behavior\BuildLiteBehavior [ RunTime:0.000014s ]
INFO: [ app_init ] --END-- [ RunTime:0.000091s ]
INFO: [ app_begin ] --START--
INFO: Run Behavior\ReadHtmlCacheBehavior [ RunTime:0.000037s ]
INFO: [ app_begin ] --END-- [ RunTime:0.000076s ]
NOTIC: [2048] Declaration of Home\Controller\IndexController::show() should be compatible with Think\Controller::show($content, $charset = '', $contentType = '', $prefix = '') /var/www/html/Application/Home/Controller/IndexController.class.php 第 0 行.
NOTIC: [8] Undefined index: nonce /var/www/html/Application/Home/Controller/IndexController.class.php 第 6 行.
NOTIC: [8] Undefined index: timestamp /var/www/html/Application/Home/Controller/IndexController.class.php 第 8 行.
NOTIC: [8] Undefined index: echostr /var/www/html/Application/Home/Controller/IndexController.class.php 第 9 行.
NOTIC: [8] Undefined index: signature /var/www/html/Application/Home/Controller/IndexController.class.php 第 10 行.
INFO: [ app_end ] --START--
INFO: Run Behavior\ShowPageTraceBehavior [ RunTime:0.000033s ]
INFO: [ app_end ] --END-- [ RunTime:0.000068s ]

[ 2017-04-07T00:55:17+08:00 ] 143.137.64.152 /
INFO: [ app_init ] --START--
INFO: Run Behavior\BuildLiteBehavior [ RunTime:0.000016s ]
INFO: [ app_init ] --END-- [ RunTime:0.000110s ]
INFO: [ app_begin ] --START--
INFO: Run Behavior\ReadHtmlCacheBehavior [ RunTime:0.000049s ]
INFO: [ app_begin ] --END-- [ RunTime:0.000094s ]
NOTIC: [2048] Declaration of Home\Controller\IndexController::show() should be compatible with Think\Controller::show($content, $charset = '', $contentType = '', $prefix = '') /var/www/html/Application/Home/Controller/IndexController.class.php 第 0 行.
NOTIC: [8] Undefined index: nonce /var/www/html/Application/Home/Controller/IndexController.class.php 第 6 行.
NOTIC: [8] Undefined index: timestamp /var/www/html/Application/Home/Controller/IndexController.class.php 第 8 行.
NOTIC: [8] Undefined index: echostr /var/www/html/Application/Home/Controller/IndexController.class.php 第 9 行.
NOTIC: [8] Undefined index: signature /var/www/html/Application/Home/Controller/IndexController.class.php 第 10 行.
INFO: [ app_end ] --START--
INFO: Run Behavior\ShowPageTraceBehavior [ RunTime:0.000047s ]
INFO: [ app_end ] --END-- [ RunTime:0.000087s ]

[ 2017-04-07T01:10:32+08:00 ] 191.253.71.202 /
INFO: [ app_init ] --START--
INFO: Run Behavior\BuildLiteBehavior [ RunTime:0.000010s ]
INFO: [ app_init ] --END-- [ RunTime:0.000075s ]
INFO: [ app_begin ] --START--
INFO: Run Behavior\ReadHtmlCacheBehavior [ RunTime:0.000035s ]
INFO: [ app_begin ] --END-- [ RunTime:0.000062s ]
NOTIC: [2048] Declaration of Home\Controller\IndexController::show() should be compatible with Think\Controller::show($content, $charset = '', $contentType = '', $prefix = '') /var/www/html/Application/Home/Controller/IndexController.class.php 第 0 行.
NOTIC: [8] Undefined index: nonce /var/www/html/Application/Home/Controller/IndexController.class.php 第 6 行.
NOTIC: [8] Undefined index: timestamp /var/www/html/Application/Home/Controller/IndexController.class.php 第 8 行.
NOTIC: [8] Undefined index: echostr /var/www/html/Application/Home/Controller/IndexController.class.php 第 9 行.
NOTIC: [8] Undefined index: signature /var/www/html/Application/Home/Controller/IndexController.class.php 第 10 行.
INFO: [ app_end ] --START--
INFO: Run Behavior\ShowPageTraceBehavior [ RunTime:0.000028s ]
INFO: [ app_end ] --END-- [ RunTime:0.000050s ]

[ 2017-04-07T01:17:41+08:00 ] 191.253.71.202 /
INFO: [ app_init ] --START--
INFO: Run Behavior\BuildLiteBehavior [ RunTime:0.000014s ]
INFO: [ app_init ] --END-- [ RunTime:0.000103s ]
INFO: [ app_begin ] --START--
INFO: Run Behavior\ReadHtmlCacheBehavior [ RunTime:0.000048s ]
INFO: [ app_begin ] --END-- [ RunTime:0.000082s ]
NOTIC: [2048] Declaration of Home\Controller\IndexController::show() should be compatible with Think\Controller::show($content, $charset = '', $contentType = '', $prefix = '') /var/www/html/Application/Home/Controller/IndexController.class.php 第 0 行.
NOTIC: [8] Undefined index: nonce /var/www/html/Application/Home/Controller/IndexController.class.php 第 6 行.
NOTIC: [8] Undefined index: timestamp /var/www/html/Application/Home/Controller/IndexController.class.php 第 8 行.
NOTIC: [8] Undefined index: echostr /var/www/html/Application/Home/Controller/IndexController.class.php 第 9 行.
NOTIC: [8] Undefined index: signature /var/www/html/Application/Home/Controller/IndexController.class.php 第 10 行.
INFO: [ app_end ] --START--
INFO: Run Behavior\ShowPageTraceBehavior [ RunTime:0.000036s ]
INFO: [ app_end ] --END-- [ RunTime:0.000068s ]

[ 2017-04-07T01:39:32+08:00 ] 143.137.64.191 /
INFO: [ app_init ] --START--
INFO: Run Behavior\BuildLiteBehavior [ RunTime:0.000016s ]
INFO: [ app_init ] --END-- [ RunTime:0.000111s ]
INFO: [ app_begin ] --START--
INFO: Run Behavior\ReadHtmlCacheBehavior [ RunTime:0.000048s ]
INFO: [ app_begin ] --END-- [ RunTime:0.000096s ]
NOTIC: [2048] Declaration of Home\Controller\IndexController::show() should be compatible with Think\Controller::show($content, $charset = '', $contentType = '', $prefix = '') /var/www/html/Application/Home/Controller/IndexController.class.php 第 59 行.
NOTIC: [8] Undefined index: nonce /var/www/html/Application/Home/Controller/IndexController.class.php 第 6 行.
NOTIC: [8] Undefined index: timestamp /var/www/html/Application/Home/Controller/IndexController.class.php 第 8 行.
NOTIC: [8] Undefined index: echostr /var/www/html/Application/Home/Controller/IndexController.class.php 第 9 行.
NOTIC: [8] Undefined index: signature /var/www/html/Application/Home/Controller/IndexController.class.php 第 10 行.
INFO: [ app_end ] --START--
INFO: Run Behavior\ShowPageTraceBehavior [ RunTime:0.000048s ]
INFO: [ app_end ] --END-- [ RunTime:0.000090s ]

[ 2017-04-07T01:45:56+08:00 ] 119.235.13.136 /
INFO: [ app_init ] --START--
INFO: Run Behavior\BuildLiteBehavior [ RunTime:0.000021s ]
INFO: [ app_init ] --END-- [ RunTime:0.000203s ]
INFO: [ app_begin ] --START--
INFO: Run Behavior\ReadHtmlCacheBehavior [ RunTime:0.000070s ]
INFO: [ app_begin ] --END-- [ RunTime:0.000112s ]
NOTIC: [2048] Declaration of Home\Controller\IndexController::show() should be compatible with Think\Controller::show($content, $charset = '', $contentType = '', $prefix = '') /var/www/html/Application/Home/Controller/IndexController.class.php 第 137 行.
NOTIC: [8] Undefined index: nonce /var/www/html/Application/Home/Controller/IndexController.class.php 第 6 行.
NOTIC: [8] Undefined index: timestamp /var/www/html/Application/Home/Controller/IndexController.class.php 第 8 行.
NOTIC: [8] Undefined index: echostr /var/www/html/Application/Home/Controller/IndexController.class.php 第 9 行.
NOTIC: [8] Undefined index: signature /var/www/html/Application/Home/Controller/IndexController.class.php 第 10 行.
INFO: [ app_end ] --START--
INFO: Run Behavior\ShowPageTraceBehavior [ RunTime:0.000044s ]
INFO: [ app_end ] --END-- [ RunTime:0.000078s ]

[ 2017-04-07T02:04:26+08:00 ] 191.253.71.202 /
INFO: [ app_init ] --START--
INFO: Run Behavior\BuildLiteBehavior [ RunTime:0.000017s ]
INFO: [ app_init ] --END-- [ RunTime:0.000118s ]
INFO: [ app_begin ] --START--
INFO: Run Behavior\ReadHtmlCacheBehavior [ RunTime:0.000052s ]
INFO: [ app_begin ] --END-- [ RunTime:0.000117s ]
NOTIC: [2048] Declaration of Home\Controller\IndexController::show() should be compatible with Think\Controller::show($content, $charset = '', $contentType = '', $prefix = '') /var/www/html/Application/Home/Controller/IndexController.class.php 第 0 行.
NOTIC: [8] Undefined index: nonce /var/www/html/Application/Home/Controller/IndexController.class.php 第 6 行.
NOTIC: [8] Undefined index: timestamp /var/www/html/Application/Home/Controller/IndexController.class.php 第 8 行.
NOTIC: [8] Undefined index: echostr /var/www/html/Application/Home/Controller/IndexController.class.php 第 9 行.
NOTIC: [8] Undefined index: signature /var/www/html/Application/Home/Controller/IndexController.class.php 第 10 行.
INFO: [ app_end ] --START--
INFO: Run Behavior\ShowPageTraceBehavior [ RunTime:0.000055s ]
INFO: [ app_end ] --END-- [ RunTime:0.000101s ]

[ 2017-04-07T02:28:33+08:00 ] 191.253.71.202 /
INFO: [ app_init ] --START--
INFO: Run Behavior\BuildLiteBehavior [ RunTime:0.000017s ]
INFO: [ app_init ] --END-- [ RunTime:0.000127s ]
INFO: [ app_begin ] --START--
INFO: Run Behavior\ReadHtmlCacheBehavior [ RunTime:0.000063s ]
INFO: [ app_begin ] --END-- [ RunTime:0.000111s ]
NOTIC: [2048] Declaration of Home\Controller\IndexController::show() should be compatible with Think\Controller::show($content, $charset = '', $contentType = '', $prefix = '') /var/www/html/Application/Home/Controller/IndexController.class.php 第 0 行.
NOTIC: [8] Undefined index: nonce /var/www/html/Application/Home/Controller/IndexController.class.php 第 6 行.
NOTIC: [8] Undefined index: timestamp /var/www/html/Application/Home/Controller/IndexController.class.php 第 8 行.
NOTIC: [8] Undefined index: echostr /var/www/html/Application/Home/Controller/IndexController.class.php 第 9 行.
NOTIC: [8] Undefined index: signature /var/www/html/Application/Home/Controller/IndexController.class.php 第 10 行.
INFO: [ app_end ] --START--
INFO: Run Behavior\ShowPageTraceBehavior [ RunTime:0.000049s ]
INFO: [ app_end ] --END-- [ RunTime:0.000091s ]

[ 2017-04-07T03:14:02+08:00 ] 191.253.71.202 /
INFO: [ app_init ] --START--
INFO: Run Behavior\BuildLiteBehavior [ RunTime:0.000011s ]
INFO: [ app_init ] --END-- [ RunTime:0.000090s ]
INFO: [ app_begin ] --START--
INFO: Run Behavior\ReadHtmlCacheBehavior [ RunTime:0.000034s ]
INFO: [ app_begin ] --END-- [ RunTime:0.000064s ]
NOTIC: [2048] Declaration of Home\Controller\IndexController::show() should be compatible with Think\Controller::show($content, $charset = '', $contentType = '', $prefix = '') /var/www/html/Application/Home/Controller/IndexController.class.php 第 59 行.
NOTIC: [8] Undefined index: nonce /var/www/html/Application/Home/Controller/IndexController.class.php 第 6 行.
NOTIC: [8] Undefined index: timestamp /var/www/html/Application/Home/Controller/IndexController.class.php 第 8 行.
NOTIC: [8] Undefined index: echostr /var/www/html/Application/Home/Controller/IndexController.class.php 第 9 行.
NOTIC: [8] Undefined index: signature /var/www/html/Application/Home/Controller/IndexController.class.php 第 10 行.
INFO: [ app_end ] --START--
INFO: Run Behavior\ShowPageTraceBehavior [ RunTime:0.000035s ]
INFO: [ app_end ] --END-- [ RunTime:0.000063s ]

[ 2017-04-07T03:46:05+08:00 ] 191.253.71.202 /
INFO: [ app_init ] --START--
INFO: Run Behavior\BuildLiteBehavior [ RunTime:0.000010s ]
INFO: [ app_init ] --END-- [ RunTime:0.000079s ]
INFO: [ app_begin ] --START--
INFO: Run Behavior\ReadHtmlCacheBehavior [ RunTime:0.000037s ]
INFO: [ app_begin ] --END-- [ RunTime:0.000063s ]
NOTIC: [2048] Declaration of Home\Controller\IndexController::show() should be compatible with Think\Controller::show($content, $charset = '', $contentType = '', $prefix = '') /var/www/html/Application/Home/Controller/IndexController.class.php 第 0 行.
NOTIC: [8] Undefined index: nonce /var/www/html/Application/Home/Controller/IndexController.class.php 第 6 行.
NOTIC: [8] Undefined index: timestamp /var/www/html/Application/Home/Controller/IndexController.class.php 第 8 行.
NOTIC: [8] Undefined index: echostr /var/www/html/Application/Home/Controller/IndexController.class.php 第 9 行.
NOTIC: [8] Undefined index: signature /var/www/html/Application/Home/Controller/IndexController.class.php 第 10 行.
INFO: [ app_end ] --START--
INFO: Run Behavior\ShowPageTraceBehavior [ RunTime:0.000032s ]
INFO: [ app_end ] --END-- [ RunTime:0.000059s ]

[ 2017-04-07T04:00:36+08:00 ] 191.253.71.202 /
INFO: [ app_init ] --START--
INFO: Run Behavior\BuildLiteBehavior [ RunTime:0.000013s ]
INFO: [ app_init ] --END-- [ RunTime:0.000086s ]
INFO: [ app_begin ] --START--
INFO: Run Behavior\ReadHtmlCacheBehavior [ RunTime:0.000037s ]
INFO: [ app_begin ] --END-- [ RunTime:0.000069s ]
NOTIC: [2048] Declaration of Home\Controller\IndexController::show() should be compatible with Think\Controller::show($content, $charset = '', $contentType = '', $prefix = '') /var/www/html/Application/Home/Controller/IndexController.class.php 第 0 行.
NOTIC: [8] Undefined index: nonce /var/www/html/Application/Home/Controller/IndexController.class.php 第 6 行.
NOTIC: [8] Undefined index: timestamp /var/www/html/Application/Home/Controller/IndexController.class.php 第 8 行.
NOTIC: [8] Undefined index: echostr /var/www/html/Application/Home/Controller/IndexController.class.php 第 9 行.
NOTIC: [8] Undefined index: signature /var/www/html/Application/Home/Controller/IndexController.class.php 第 10 行.
INFO: [ app_end ] --START--
INFO: Run Behavior\ShowPageTraceBehavior [ RunTime:0.000035s ]
INFO: [ app_end ] --END-- [ RunTime:0.000064s ]

[ 2017-04-07T04:20:16+08:00 ] 191.253.71.202 /
INFO: [ app_init ] --START--
INFO: Run Behavior\BuildLiteBehavior [ RunTime:0.000013s ]
INFO: [ app_init ] --END-- [ RunTime:0.000088s ]
INFO: [ app_begin ] --START--
INFO: Run Behavior\ReadHtmlCacheBehavior [ RunTime:0.000051s ]
INFO: [ app_begin ] --END-- [ RunTime:0.000097s ]
NOTIC: [2048] Declaration of Home\Controller\IndexController::show() should be compatible with Think\Controller::show($content, $charset = '', $contentType = '', $prefix = '') /var/www/html/Application/Home/Controller/IndexController.class.php 第 0 行.
NOTIC: [8] Undefined index: nonce /var/www/html/Application/Home/Controller/IndexController.class.php 第 6 行.
NOTIC: [8] Undefined index: timestamp /var/www/html/Application/Home/Controller/IndexController.class.php 第 8 行.
NOTIC: [8] Undefined index: echostr /var/www/html/Application/Home/Controller/IndexController.class.php 第 9 行.
NOTIC: [8] Undefined index: signature /var/www/html/Application/Home/Controller/IndexController.class.php 第 10 行.
INFO: [ app_end ] --START--
INFO: Run Behavior\ShowPageTraceBehavior [ RunTime:0.000034s ]
INFO: [ app_end ] --END-- [ RunTime:0.000062s ]

[ 2017-04-07T04:33:55+08:00 ] 143.137.65.173 /
INFO: [ app_init ] --START--
INFO: Run Behavior\BuildLiteBehavior [ RunTime:0.000016s ]
INFO: [ app_init ] --END-- [ RunTime:0.000111s ]
INFO: [ app_begin ] --START--
INFO: Run Behavior\ReadHtmlCacheBehavior [ RunTime:0.000049s ]
INFO: [ app_begin ] --END-- [ RunTime:0.000096s ]
NOTIC: [2048] Declaration of Home\Controller\IndexController::show() should be compatible with Think\Controller::show($content, $charset = '', $contentType = '', $prefix = '') /var/www/html/Application/Home/Controller/IndexController.class.php 第 59 行.
NOTIC: [8] Undefined index: nonce /var/www/html/Application/Home/Controller/IndexController.class.php 第 6 行.
NOTIC: [8] Undefined index: timestamp /var/www/html/Application/Home/Controller/IndexController.class.php 第 8 行.
NOTIC: [8] Undefined index: echostr /var/www/html/Application/Home/Controller/IndexController.class.php 第 9 行.
NOTIC: [8] Undefined index: signature /var/www/html/Application/Home/Controller/IndexController.class.php 第 10 行.
INFO: [ app_end ] --START--
INFO: Run Behavior\ShowPageTraceBehavior [ RunTime:0.000046s ]
INFO: [ app_end ] --END-- [ RunTime:0.000088s ]

[ 2017-04-07T05:14:43+08:00 ] 191.253.71.202 /
INFO: [ app_init ] --START--
INFO: Run Behavior\BuildLiteBehavior [ RunTime:0.000015s ]
INFO: [ app_init ] --END-- [ RunTime:0.000110s ]
INFO: [ app_begin ] --START--
INFO: Run Behavior\ReadHtmlCacheBehavior [ RunTime:0.000054s ]
INFO: [ app_begin ] --END-- [ RunTime:0.000094s ]
NOTIC: [2048] Declaration of Home\Controller\IndexController::show() should be compatible with Think\Controller::show($content, $charset = '', $contentType = '', $prefix = '') /var/www/html/Application/Home/Controller/IndexController.class.php 第 0 行.
NOTIC: [8] Undefined index: nonce /var/www/html/Application/Home/Controller/IndexController.class.php 第 6 行.
NOTIC: [8] Undefined index: timestamp /var/www/html/Application/Home/Controller/IndexController.class.php 第 8 行.
NOTIC: [8] Undefined index: echostr /var/www/html/Application/Home/Controller/IndexController.class.php 第 9 行.
NOTIC: [8] Undefined index: signature /var/www/html/Application/Home/Controller/IndexController.class.php 第 10 行.
INFO: [ app_end ] --START--
INFO: Run Behavior\ShowPageTraceBehavior [ RunTime:0.000044s ]
INFO: [ app_end ] --END-- [ RunTime:0.000080s ]

[ 2017-04-07T05:17:37+08:00 ] 191.253.71.202 /
INFO: [ app_init ] --START--
INFO: Run Behavior\BuildLiteBehavior [ RunTime:0.000017s ]
INFO: [ app_init ] --END-- [ RunTime:0.000135s ]
INFO: [ app_begin ] --START--
INFO: Run Behavior\ReadHtmlCacheBehavior [ RunTime:0.000048s ]
INFO: [ app_begin ] --END-- [ RunTime:0.000085s ]
NOTIC: [2048] Declaration of Home\Controller\IndexController::show() should be compatible with Think\Controller::show($content, $charset = '', $contentType = '', $prefix = '') /var/www/html/Application/Home/Controller/IndexController.class.php 第 137 行.
NOTIC: [8] Undefined index: nonce /var/www/html/Application/Home/Controller/IndexController.class.php 第 6 行.
NOTIC: [8] Undefined index: timestamp /var/www/html/Application/Home/Controller/IndexController.class.php 第 8 行.
NOTIC: [8] Undefined index: echostr /var/www/html/Application/Home/Controller/IndexController.class.php 第 9 行.
NOTIC: [8] Undefined index: signature /var/www/html/Application/Home/Controller/IndexController.class.php 第 10 行.
INFO: [ app_end ] --START--
INFO: Run Behavior\ShowPageTraceBehavior [ RunTime:0.000037s ]
INFO: [ app_end ] --END-- [ RunTime:0.000067s ]

[ 2017-04-07T05:36:59+08:00 ] 191.253.71.202 /
INFO: [ app_init ] --START--
INFO: Run Behavior\BuildLiteBehavior [ RunTime:0.000011s ]
INFO: [ app_init ] --END-- [ RunTime:0.000077s ]
INFO: [ app_begin ] --START--
INFO: Run Behavior\ReadHtmlCacheBehavior [ RunTime:0.000029s ]
INFO: [ app_begin ] --END-- [ RunTime:0.000054s ]
NOTIC: [2048] Declaration of Home\Controller\IndexController::show() should be compatible with Think\Controller::show($content, $charset = '', $contentType = '', $prefix = '') /var/www/html/Application/Home/Controller/IndexController.class.php 第 0 行.
NOTIC: [8] Undefined index: nonce /var/www/html/Application/Home/Controller/IndexController.class.php 第 6 行.
NOTIC: [8] Undefined index: timestamp /var/www/html/Application/Home/Controller/IndexController.class.php 第 8 行.
NOTIC: [8] Undefined index: echostr /var/www/html/Application/Home/Controller/IndexController.class.php 第 9 行.
NOTIC: [8] Undefined index: signature /var/www/html/Application/Home/Controller/IndexController.class.php 第 10 行.
INFO: [ app_end ] --START--
INFO: Run Behavior\ShowPageTraceBehavior [ RunTime:0.000029s ]
INFO: [ app_end ] --END-- [ RunTime:0.000053s ]

[ 2017-04-07T06:12:03+08:00 ] 67.161.123.49 /
INFO: [ app_init ] --START--
INFO: Run Behavior\BuildLiteBehavior [ RunTime:0.000015s ]
INFO: [ app_init ] --END-- [ RunTime:0.000162s ]
INFO: [ app_begin ] --START--
INFO: Run Behavior\ReadHtmlCacheBehavior [ RunTime:0.000068s ]
INFO: [ app_begin ] --END-- [ RunTime:0.000116s ]
NOTIC: [2048] Declaration of Home\Controller\IndexController::show() should be compatible with Think\Controller::show($content, $charset = '', $contentType = '', $prefix = '') /var/www/html/Application/Home/Controller/IndexController.class.php 第 0 行.
NOTIC: [8] Undefined index: nonce /var/www/html/Application/Home/Controller/IndexController.class.php 第 6 行.
NOTIC: [8] Undefined index: timestamp /var/www/html/Application/Home/Controller/IndexController.class.php 第 8 行.
NOTIC: [8] Undefined index: echostr /var/www/html/Application/Home/Controller/IndexController.class.php 第 9 行.
NOTIC: [8] Undefined index: signature /var/www/html/Application/Home/Controller/IndexController.class.php 第 10 行.
INFO: [ app_end ] --START--
INFO: Run Behavior\ShowPageTraceBehavior [ RunTime:0.000064s ]
INFO: [ app_end ] --END-- [ RunTime:0.000102s ]

[ 2017-04-07T06:14:04+08:00 ] 67.161.123.49 /
INFO: [ app_init ] --START--
INFO: Run Behavior\BuildLiteBehavior [ RunTime:0.000024s ]
INFO: [ app_init ] --END-- [ RunTime:0.000170s ]
INFO: [ app_begin ] --START--
INFO: Run Behavior\ReadHtmlCacheBehavior [ RunTime:0.000042s ]
INFO: [ app_begin ] --END-- [ RunTime:0.000083s ]
NOTIC: [2048] Declaration of Home\Controller\IndexController::show() should be compatible with Think\Controller::show($content, $charset = '', $contentType = '', $prefix = '') /var/www/html/Application/Home/Controller/IndexController.class.php 第 0 行.
NOTIC: [8] Undefined index: nonce /var/www/html/Application/Home/Controller/IndexController.class.php 第 6 行.
NOTIC: [8] Undefined index: timestamp /var/www/html/Application/Home/Controller/IndexController.class.php 第 8 行.
NOTIC: [8] Undefined index: echostr /var/www/html/Application/Home/Controller/IndexController.class.php 第 9 行.
NOTIC: [8] Undefined index: signature /var/www/html/Application/Home/Controller/IndexController.class.php 第 10 行.
INFO: [ app_end ] --START--
INFO: Run Behavior\ShowPageTraceBehavior [ RunTime:0.000065s ]
INFO: [ app_end ] --END-- [ RunTime:0.000114s ]

[ 2017-04-07T06:16:04+08:00 ] 67.161.123.49 /
INFO: [ app_init ] --START--
INFO: Run Behavior\BuildLiteBehavior [ RunTime:0.000018s ]
INFO: [ app_init ] --END-- [ RunTime:0.000126s ]
INFO: [ app_begin ] --START--
INFO: Run Behavior\ReadHtmlCacheBehavior [ RunTime:0.000046s ]
INFO: [ app_begin ] --END-- [ RunTime:0.000092s ]
NOTIC: [2048] Declaration of Home\Controller\IndexController::show() should be compatible with Think\Controller::show($content, $charset = '', $contentType = '', $prefix = '') /var/www/html/Application/Home/Controller/IndexController.class.php 第 0 行.
NOTIC: [8] Undefined index: nonce /var/www/html/Application/Home/Controller/IndexController.class.php 第 6 行.
NOTIC: [8] Undefined index: timestamp /var/www/html/Application/Home/Controller/IndexController.class.php 第 8 行.
NOTIC: [8] Undefined index: echostr /var/www/html/Application/Home/Controller/IndexController.class.php 第 9 行.
NOTIC: [8] Undefined index: signature /var/www/html/Application/Home/Controller/IndexController.class.php 第 10 行.
INFO: [ app_end ] --START--
INFO: Run Behavior\ShowPageTraceBehavior [ RunTime:0.000083s ]
INFO: [ app_end ] --END-- [ RunTime:0.000124s ]

[ 2017-04-07T06:18:04+08:00 ] 67.161.123.49 /
INFO: [ app_init ] --START--
INFO: Run Behavior\BuildLiteBehavior [ RunTime:0.000013s ]
INFO: [ app_init ] --END-- [ RunTime:0.000109s ]
INFO: [ app_begin ] --START--
INFO: Run Behavior\ReadHtmlCacheBehavior [ RunTime:0.000030s ]
INFO: [ app_begin ] --END-- [ RunTime:0.000061s ]
NOTIC: [2048] Declaration of Home\Controller\IndexController::show() should be compatible with Think\Controller::show($content, $charset = '', $contentType = '', $prefix = '') /var/www/html/Application/Home/Controller/IndexController.class.php 第 59 行.
NOTIC: [8] Undefined index: nonce /var/www/html/Application/Home/Controller/IndexController.class.php 第 6 行.
NOTIC: [8] Undefined index: timestamp /var/www/html/Application/Home/Controller/IndexController.class.php 第 8 行.
NOTIC: [8] Undefined index: echostr /var/www/html/Application/Home/Controller/IndexController.class.php 第 9 行.
NOTIC: [8] Undefined index: signature /var/www/html/Application/Home/Controller/IndexController.class.php 第 10 行.
INFO: [ app_end ] --START--
INFO: Run Behavior\ShowPageTraceBehavior [ RunTime:0.000033s ]
INFO: [ app_end ] --END-- [ RunTime:0.000058s ]

[ 2017-04-07T06:20:05+08:00 ] 67.161.123.49 /
INFO: [ app_init ] --START--
INFO: Run Behavior\BuildLiteBehavior [ RunTime:0.000015s ]
INFO: [ app_init ] --END-- [ RunTime:0.000112s ]
INFO: [ app_begin ] --START--
INFO: Run Behavior\ReadHtmlCacheBehavior [ RunTime:0.000045s ]
INFO: [ app_begin ] --END-- [ RunTime:0.000084s ]
NOTIC: [2048] Declaration of Home\Controller\IndexController::show() should be compatible with Think\Controller::show($content, $charset = '', $contentType = '', $prefix = '') /var/www/html/Application/Home/Controller/IndexController.class.php 第 137 行.
NOTIC: [8] Undefined index: nonce /var/www/html/Application/Home/Controller/IndexController.class.php 第 6 行.
NOTIC: [8] Undefined index: timestamp /var/www/html/Application/Home/Controller/IndexController.class.php 第 8 行.
NOTIC: [8] Undefined index: echostr /var/www/html/Application/Home/Controller/IndexController.class.php 第 9 行.
NOTIC: [8] Undefined index: signature /var/www/html/Application/Home/Controller/IndexController.class.php 第 10 行.
INFO: [ app_end ] --START--
INFO: Run Behavior\ShowPageTraceBehavior [ RunTime:0.000039s ]
INFO: [ app_end ] --END-- [ RunTime:0.000070s ]

[ 2017-04-07T06:22:05+08:00 ] 67.161.123.49 /
INFO: [ app_init ] --START--
INFO: Run Behavior\BuildLiteBehavior [ RunTime:0.000014s ]
INFO: [ app_init ] --END-- [ RunTime:0.000108s ]
INFO: [ app_begin ] --START--
INFO: Run Behavior\ReadHtmlCacheBehavior [ RunTime:0.000044s ]
INFO: [ app_begin ] --END-- [ RunTime:0.000081s ]
NOTIC: [2048] Declaration of Home\Controller\IndexController::show() should be compatible with Think\Controller::show($content, $charset = '', $contentType = '', $prefix = '') /var/www/html/Application/Home/Controller/IndexController.class.php 第 0 行.
NOTIC: [8] Undefined index: nonce /var/www/html/Application/Home/Controller/IndexController.class.php 第 6 行.
NOTIC: [8] Undefined index: timestamp /var/www/html/Application/Home/Controller/IndexController.class.php 第 8 行.
NOTIC: [8] Undefined index: echostr /var/www/html/Application/Home/Controller/IndexController.class.php 第 9 行.
NOTIC: [8] Undefined index: signature /var/www/html/Application/Home/Controller/IndexController.class.php 第 10 行.
INFO: [ app_end ] --START--
INFO: Run Behavior\ShowPageTraceBehavior [ RunTime:0.000038s ]
INFO: [ app_end ] --END-- [ RunTime:0.000069s ]

[ 2017-04-07T06:24:05+08:00 ] 67.161.123.49 /
INFO: [ app_init ] --START--
INFO: Run Behavior\BuildLiteBehavior [ RunTime:0.000011s ]
INFO: [ app_init ] --END-- [ RunTime:0.000088s ]
INFO: [ app_begin ] --START--
INFO: Run Behavior\ReadHtmlCacheBehavior [ RunTime:0.000039s ]
INFO: [ app_begin ] --END-- [ RunTime:0.000068s ]
NOTIC: [2048] Declaration of Home\Controller\IndexController::show() should be compatible with Think\Controller::show($content, $charset = '', $contentType = '', $prefix = '') /var/www/html/Application/Home/Controller/IndexController.class.php 第 0 行.
NOTIC: [8] Undefined index: nonce /var/www/html/Application/Home/Controller/IndexController.class.php 第 6 行.
NOTIC: [8] Undefined index: timestamp /var/www/html/Application/Home/Controller/IndexController.class.php 第 8 行.
NOTIC: [8] Undefined index: echostr /var/www/html/Application/Home/Controller/IndexController.class.php 第 9 行.
NOTIC: [8] Undefined index: signature /var/www/html/Application/Home/Controller/IndexController.class.php 第 10 行.
INFO: [ app_end ] --START--
INFO: Run Behavior\ShowPageTraceBehavior [ RunTime:0.000035s ]
INFO: [ app_end ] --END-- [ RunTime:0.000060s ]

[ 2017-04-07T06:26:05+08:00 ] 67.161.123.49 /
INFO: [ app_init ] --START--
INFO: Run Behavior\BuildLiteBehavior [ RunTime:0.000017s ]
INFO: [ app_init ] --END-- [ RunTime:0.000171s ]
INFO: [ app_begin ] --START--
INFO: Run Behavior\ReadHtmlCacheBehavior [ RunTime:0.000094s ]
INFO: [ app_begin ] --END-- [ RunTime:0.000162s ]
NOTIC: [2048] Declaration of Home\Controller\IndexController::show() should be compatible with Think\Controller::show($content, $charset = '', $contentType = '', $prefix = '') /var/www/html/Application/Home/Controller/IndexController.class.php 第 0 行.
NOTIC: [8] Undefined index: nonce /var/www/html/Application/Home/Controller/IndexController.class.php 第 6 行.
NOTIC: [8] Undefined index: timestamp /var/www/html/Application/Home/Controller/IndexController.class.php 第 8 行.
NOTIC: [8] Undefined index: echostr /var/www/html/Application/Home/Controller/IndexController.class.php 第 9 行.
NOTIC: [8] Undefined index: signature /var/www/html/Application/Home/Controller/IndexController.class.php 第 10 行.
INFO: [ app_end ] --START--
INFO: Run Behavior\ShowPageTraceBehavior [ RunTime:0.000073s ]
INFO: [ app_end ] --END-- [ RunTime:0.000118s ]

[ 2017-04-07T06:28:06+08:00 ] 67.161.123.49 /
INFO: [ app_init ] --START--
INFO: Run Behavior\BuildLiteBehavior [ RunTime:0.000018s ]
INFO: [ app_init ] --END-- [ RunTime:0.000171s ]
INFO: [ app_begin ] --START--
INFO: Run Behavior\ReadHtmlCacheBehavior [ RunTime:0.000092s ]
INFO: [ app_begin ] --END-- [ RunTime:0.000155s ]
NOTIC: [2048] Declaration of Home\Controller\IndexController::show() should be compatible with Think\Controller::show($content, $charset = '', $contentType = '', $prefix = '') /var/www/html/Application/Home/Controller/IndexController.class.php 第 0 行.
NOTIC: [8] Undefined index: nonce /var/www/html/Application/Home/Controller/IndexController.class.php 第 6 行.
NOTIC: [8] Undefined index: timestamp /var/www/html/Application/Home/Controller/IndexController.class.php 第 8 行.
NOTIC: [8] Undefined index: echostr /var/www/html/Application/Home/Controller/IndexController.class.php 第 9 行.
NOTIC: [8] Undefined index: signature /var/www/html/Application/Home/Controller/IndexController.class.php 第 10 行.
INFO: [ app_end ] --START--
INFO: Run Behavior\ShowPageTraceBehavior [ RunTime:0.000103s ]
INFO: [ app_end ] --END-- [ RunTime:0.000147s ]

[ 2017-04-07T06:30:06+08:00 ] 67.161.123.49 /
INFO: [ app_init ] --START--
INFO: Run Behavior\BuildLiteBehavior [ RunTime:0.000014s ]
INFO: [ app_init ] --END-- [ RunTime:0.000091s ]
INFO: [ app_begin ] --START--
INFO: Run Behavior\ReadHtmlCacheBehavior [ RunTime:0.000031s ]
INFO: [ app_begin ] --END-- [ RunTime:0.000064s ]
NOTIC: [2048] Declaration of Home\Controller\IndexController::show() should be compatible with Think\Controller::show($content, $charset = '', $contentType = '', $prefix = '') /var/www/html/Application/Home/Controller/IndexController.class.php 第 0 行.
NOTIC: [8] Undefined index: nonce /var/www/html/Application/Home/Controller/IndexController.class.php 第 6 行.
NOTIC: [8] Undefined index: timestamp /var/www/html/Application/Home/Controller/IndexController.class.php 第 8 行.
NOTIC: [8] Undefined index: echostr /var/www/html/Application/Home/Controller/IndexController.class.php 第 9 行.
NOTIC: [8] Undefined index: signature /var/www/html/Application/Home/Controller/IndexController.class.php 第 10 行.
INFO: [ app_end ] --START--
INFO: Run Behavior\ShowPageTraceBehavior [ RunTime:0.000034s ]
INFO: [ app_end ] --END-- [ RunTime:0.000059s ]

[ 2017-04-07T06:32:06+08:00 ] 67.161.123.49 /
INFO: [ app_init ] --START--
INFO: Run Behavior\BuildLiteBehavior [ RunTime:0.000016s ]
INFO: [ app_init ] --END-- [ RunTime:0.000134s ]
INFO: [ app_begin ] --START--
INFO: Run Behavior\ReadHtmlCacheBehavior [ RunTime:0.000044s ]
INFO: [ app_begin ] --END-- [ RunTime:0.000088s ]
NOTIC: [2048] Declaration of Home\Controller\IndexController::show() should be compatible with Think\Controller::show($content, $charset = '', $contentType = '', $prefix = '') /var/www/html/Application/Home/Controller/IndexController.class.php 第 0 行.
NOTIC: [8] Undefined index: nonce /var/www/html/Application/Home/Controller/IndexController.class.php 第 6 行.
NOTIC: [8] Undefined index: timestamp /var/www/html/Application/Home/Controller/IndexController.class.php 第 8 行.
NOTIC: [8] Undefined index: echostr /var/www/html/Application/Home/Controller/IndexController.class.php 第 9 行.
NOTIC: [8] Undefined index: signature /var/www/html/Application/Home/Controller/IndexController.class.php 第 10 行.
INFO: [ app_end ] --START--
INFO: Run Behavior\ShowPageTraceBehavior [ RunTime:0.000045s ]
INFO: [ app_end ] --END-- [ RunTime:0.000082s ]

[ 2017-04-07T06:34:06+08:00 ] 67.161.123.49 /
INFO: [ app_init ] --START--
INFO: Run Behavior\BuildLiteBehavior [ RunTime:0.000014s ]
INFO: [ app_init ] --END-- [ RunTime:0.000097s ]
INFO: [ app_begin ] --START--
INFO: Run Behavior\ReadHtmlCacheBehavior [ RunTime:0.000040s ]
INFO: [ app_begin ] --END-- [ RunTime:0.000081s ]
NOTIC: [2048] Declaration of Home\Controller\IndexController::show() should be compatible with Think\Controller::show($content, $charset = '', $contentType = '', $prefix = '') /var/www/html/Application/Home/Controller/IndexController.class.php 第 0 行.
NOTIC: [8] Undefined index: nonce /var/www/html/Application/Home/Controller/IndexController.class.php 第 6 行.
NOTIC: [8] Undefined index: timestamp /var/www/html/Application/Home/Controller/IndexController.class.php 第 8 行.
NOTIC: [8] Undefined index: echostr /var/www/html/Application/Home/Controller/IndexController.class.php 第 9 行.
NOTIC: [8] Undefined index: signature /var/www/html/Application/Home/Controller/IndexController.class.php 第 10 行.
INFO: [ app_end ] --START--
INFO: Run Behavior\ShowPageTraceBehavior [ RunTime:0.000041s ]
INFO: [ app_end ] --END-- [ RunTime:0.000077s ]

[ 2017-04-07T06:36:07+08:00 ] 67.161.123.49 /
INFO: [ app_init ] --START--
INFO: Run Behavior\BuildLiteBehavior [ RunTime:0.000015s ]
INFO: [ app_init ] --END-- [ RunTime:0.000110s ]
INFO: [ app_begin ] --START--
INFO: Run Behavior\ReadHtmlCacheBehavior [ RunTime:0.000048s ]
INFO: [ app_begin ] --END-- [ RunTime:0.000093s ]
NOTIC: [2048] Declaration of Home\Controller\IndexController::show() should be compatible with Think\Controller::show($content, $charset = '', $contentType = '', $prefix = '') /var/www/html/Application/Home/Controller/IndexController.class.php 第 59 行.
NOTIC: [8] Undefined index: nonce /var/www/html/Application/Home/Controller/IndexController.class.php 第 6 行.
NOTIC: [8] Undefined index: timestamp /var/www/html/Application/Home/Controller/IndexController.class.php 第 8 行.
NOTIC: [8] Undefined index: echostr /var/www/html/Application/Home/Controller/IndexController.class.php 第 9 行.
NOTIC: [8] Undefined index: signature /var/www/html/Application/Home/Controller/IndexController.class.php 第 10 行.
INFO: [ app_end ] --START--
INFO: Run Behavior\ShowPageTraceBehavior [ RunTime:0.000049s ]
INFO: [ app_end ] --END-- [ RunTime:0.000089s ]

[ 2017-04-07T06:38:07+08:00 ] 67.161.123.49 /
INFO: [ app_init ] --START--
INFO: Run Behavior\BuildLiteBehavior [ RunTime:0.000013s ]
INFO: [ app_init ] --END-- [ RunTime:0.000096s ]
INFO: [ app_begin ] --START--
INFO: Run Behavior\ReadHtmlCacheBehavior [ RunTime:0.000036s ]
INFO: [ app_begin ] --END-- [ RunTime:0.000070s ]
NOTIC: [2048] Declaration of Home\Controller\IndexController::show() should be compatible with Think\Controller::show($content, $charset = '', $contentType = '', $prefix = '') /var/www/html/Application/Home/Controller/IndexController.class.php 第 137 行.
NOTIC: [8] Undefined index: nonce /var/www/html/Application/Home/Controller/IndexController.class.php 第 6 行.
NOTIC: [8] Undefined index: timestamp /var/www/html/Application/Home/Controller/IndexController.class.php 第 8 行.
NOTIC: [8] Undefined index: echostr /var/www/html/Application/Home/Controller/IndexController.class.php 第 9 行.
NOTIC: [8] Undefined index: signature /var/www/html/Application/Home/Controller/IndexController.class.php 第 10 行.
INFO: [ app_end ] --START--
INFO: Run Behavior\ShowPageTraceBehavior [ RunTime:0.000035s ]
INFO: [ app_end ] --END-- [ RunTime:0.000063s ]

[ 2017-04-07T06:40:07+08:00 ] 67.161.123.49 /
INFO: [ app_init ] --START--
INFO: Run Behavior\BuildLiteBehavior [ RunTime:0.000016s ]
INFO: [ app_init ] --END-- [ RunTime:0.000127s ]
INFO: [ app_begin ] --START--
INFO: Run Behavior\ReadHtmlCacheBehavior [ RunTime:0.000044s ]
INFO: [ app_begin ] --END-- [ RunTime:0.000089s ]
NOTIC: [2048] Declaration of Home\Controller\IndexController::show() should be compatible with Think\Controller::show($content, $charset = '', $contentType = '', $prefix = '') /var/www/html/Application/Home/Controller/IndexController.class.php 第 0 行.
NOTIC: [8] Undefined index: nonce /var/www/html/Application/Home/Controller/IndexController.class.php 第 6 行.
NOTIC: [8] Undefined index: timestamp /var/www/html/Application/Home/Controller/IndexController.class.php 第 8 行.
NOTIC: [8] Undefined index: echostr /var/www/html/Application/Home/Controller/IndexController.class.php 第 9 行.
NOTIC: [8] Undefined index: signature /var/www/html/Application/Home/Controller/IndexController.class.php 第 10 行.
INFO: [ app_end ] --START--
INFO: Run Behavior\ShowPageTraceBehavior [ RunTime:0.000051s ]
INFO: [ app_end ] --END-- [ RunTime:0.000092s ]

[ 2017-04-07T06:42:08+08:00 ] 67.161.123.49 /
INFO: [ app_init ] --START--
INFO: Run Behavior\BuildLiteBehavior [ RunTime:0.000009s ]
INFO: [ app_init ] --END-- [ RunTime:0.000078s ]
INFO: [ app_begin ] --START--
INFO: Run Behavior\ReadHtmlCacheBehavior [ RunTime:0.000027s ]
INFO: [ app_begin ] --END-- [ RunTime:0.000053s ]
NOTIC: [2048] Declaration of Home\Controller\IndexController::show() should be compatible with Think\Controller::show($content, $charset = '', $contentType = '', $prefix = '') /var/www/html/Application/Home/Controller/IndexController.class.php 第 0 行.
NOTIC: [8] Undefined index: nonce /var/www/html/Application/Home/Controller/IndexController.class.php 第 6 行.
NOTIC: [8] Undefined index: timestamp /var/www/html/Application/Home/Controller/IndexController.class.php 第 8 行.
NOTIC: [8] Undefined index: echostr /var/www/html/Application/Home/Controller/IndexController.class.php 第 9 行.
NOTIC: [8] Undefined index: signature /var/www/html/Application/Home/Controller/IndexController.class.php 第 10 行.
INFO: [ app_end ] --START--
INFO: Run Behavior\ShowPageTraceBehavior [ RunTime:0.000027s ]
INFO: [ app_end ] --END-- [ RunTime:0.000049s ]

[ 2017-04-07T06:44:08+08:00 ] 67.161.123.49 /
INFO: [ app_init ] --START--
INFO: Run Behavior\BuildLiteBehavior [ RunTime:0.000012s ]
INFO: [ app_init ] --END-- [ RunTime:0.000086s ]
INFO: [ app_begin ] --START--
INFO: Run Behavior\ReadHtmlCacheBehavior [ RunTime:0.000030s ]
INFO: [ app_begin ] --END-- [ RunTime:0.000062s ]
NOTIC: [2048] Declaration of Home\Controller\IndexController::show() should be compatible with Think\Controller::show($content, $charset = '', $contentType = '', $prefix = '') /var/www/html/Application/Home/Controller/IndexController.class.php 第 0 行.
NOTIC: [8] Undefined index: nonce /var/www/html/Application/Home/Controller/IndexController.class.php 第 6 行.
NOTIC: [8] Undefined index: timestamp /var/www/html/Application/Home/Controller/IndexController.class.php 第 8 行.
NOTIC: [8] Undefined index: echostr /var/www/html/Application/Home/Controller/IndexController.class.php 第 9 行.
NOTIC: [8] Undefined index: signature /var/www/html/Application/Home/Controller/IndexController.class.php 第 10 行.
INFO: [ app_end ] --START--
INFO: Run Behavior\ShowPageTraceBehavior [ RunTime:0.000034s ]
INFO: [ app_end ] --END-- [ RunTime:0.000056s ]

[ 2017-04-07T06:46:08+08:00 ] 67.161.123.49 /
INFO: [ app_init ] --START--
INFO: Run Behavior\BuildLiteBehavior [ RunTime:0.000019s ]
INFO: [ app_init ] --END-- [ RunTime:0.000130s ]
INFO: [ app_begin ] --START--
INFO: Run Behavior\ReadHtmlCacheBehavior [ RunTime:0.000049s ]
INFO: [ app_begin ] --END-- [ RunTime:0.000096s ]
NOTIC: [2048] Declaration of Home\Controller\IndexController::show() should be compatible with Think\Controller::show($content, $charset = '', $contentType = '', $prefix = '') /var/www/html/Application/Home/Controller/IndexController.class.php 第 0 行.
NOTIC: [8] Undefined index: nonce /var/www/html/Application/Home/Controller/IndexController.class.php 第 6 行.
NOTIC: [8] Undefined index: timestamp /var/www/html/Application/Home/Controller/IndexController.class.php 第 8 行.
NOTIC: [8] Undefined index: echostr /var/www/html/Application/Home/Controller/IndexController.class.php 第 9 行.
NOTIC: [8] Undefined index: signature /var/www/html/Application/Home/Controller/IndexController.class.php 第 10 行.
INFO: [ app_end ] --START--
INFO: Run Behavior\ShowPageTraceBehavior [ RunTime:0.000063s ]
INFO: [ app_end ] --END-- [ RunTime:0.000101s ]

[ 2017-04-07T06:48:08+08:00 ] 67.161.123.49 /
INFO: [ app_init ] --START--
INFO: Run Behavior\BuildLiteBehavior [ RunTime:0.000011s ]
INFO: [ app_init ] --END-- [ RunTime:0.000074s ]
INFO: [ app_begin ] --START--
INFO: Run Behavior\ReadHtmlCacheBehavior [ RunTime:0.000030s ]
INFO: [ app_begin ] --END-- [ RunTime:0.000062s ]
NOTIC: [2048] Declaration of Home\Controller\IndexController::show() should be compatible with Think\Controller::show($content, $charset = '', $contentType = '', $prefix = '') /var/www/html/Application/Home/Controller/IndexController.class.php 第 0 行.
NOTIC: [8] Undefined index: nonce /var/www/html/Application/Home/Controller/IndexController.class.php 第 6 行.
NOTIC: [8] Undefined index: timestamp /var/www/html/Application/Home/Controller/IndexController.class.php 第 8 行.
NOTIC: [8] Undefined index: echostr /var/www/html/Application/Home/Controller/IndexController.class.php 第 9 行.
NOTIC: [8] Undefined index: signature /var/www/html/Application/Home/Controller/IndexController.class.php 第 10 行.
INFO: [ app_end ] --START--
INFO: Run Behavior\ShowPageTraceBehavior [ RunTime:0.000031s ]
INFO: [ app_end ] --END-- [ RunTime:0.000056s ]

[ 2017-04-07T06:50:09+08:00 ] 67.161.123.49 /
INFO: [ app_init ] --START--
INFO: Run Behavior\BuildLiteBehavior [ RunTime:0.000016s ]
INFO: [ app_init ] --END-- [ RunTime:0.000129s ]
INFO: [ app_begin ] --START--
INFO: Run Behavior\ReadHtmlCacheBehavior [ RunTime:0.000046s ]
INFO: [ app_begin ] --END-- [ RunTime:0.000094s ]
NOTIC: [2048] Declaration of Home\Controller\IndexController::show() should be compatible with Think\Controller::show($content, $charset = '', $contentType = '', $prefix = '') /var/www/html/Application/Home/Controller/IndexController.class.php 第 0 行.
NOTIC: [8] Undefined index: nonce /var/www/html/Application/Home/Controller/IndexController.class.php 第 6 行.
NOTIC: [8] Undefined index: timestamp /var/www/html/Application/Home/Controller/IndexController.class.php 第 8 行.
NOTIC: [8] Undefined index: echostr /var/www/html/Application/Home/Controller/IndexController.class.php 第 9 行.
NOTIC: [8] Undefined index: signature /var/www/html/Application/Home/Controller/IndexController.class.php 第 10 行.
INFO: [ app_end ] --START--
INFO: Run Behavior\ShowPageTraceBehavior [ RunTime:0.000047s ]
INFO: [ app_end ] --END-- [ RunTime:0.000088s ]

[ 2017-04-07T06:52:09+08:00 ] 67.161.123.49 /
INFO: [ app_init ] --START--
INFO: Run Behavior\BuildLiteBehavior [ RunTime:0.000013s ]
INFO: [ app_init ] --END-- [ RunTime:0.000089s ]
INFO: [ app_begin ] --START--
INFO: Run Behavior\ReadHtmlCacheBehavior [ RunTime:0.000036s ]
INFO: [ app_begin ] --END-- [ RunTime:0.000072s ]
NOTIC: [2048] Declaration of Home\Controller\IndexController::show() should be compatible with Think\Controller::show($content, $charset = '', $contentType = '', $prefix = '') /var/www/html/Application/Home/Controller/IndexController.class.php 第 0 行.
NOTIC: [8] Undefined index: nonce /var/www/html/Application/Home/Controller/IndexController.class.php 第 6 行.
NOTIC: [8] Undefined index: timestamp /var/www/html/Application/Home/Controller/IndexController.class.php 第 8 行.
NOTIC: [8] Undefined index: echostr /var/www/html/Application/Home/Controller/IndexController.class.php 第 9 行.
NOTIC: [8] Undefined index: signature /var/www/html/Application/Home/Controller/IndexController.class.php 第 10 行.
INFO: [ app_end ] --START--
INFO: Run Behavior\ShowPageTraceBehavior [ RunTime:0.000037s ]
INFO: [ app_end ] --END-- [ RunTime:0.000068s ]

[ 2017-04-07T06:54:10+08:00 ] 67.161.123.49 /
INFO: [ app_init ] --START--
INFO: Run Behavior\BuildLiteBehavior [ RunTime:0.000015s ]
INFO: [ app_init ] --END-- [ RunTime:0.000098s ]
INFO: [ app_begin ] --START--
INFO: Run Behavior\ReadHtmlCacheBehavior [ RunTime:0.000034s ]
INFO: [ app_begin ] --END-- [ RunTime:0.000069s ]
NOTIC: [2048] Declaration of Home\Controller\IndexController::show() should be compatible with Think\Controller::show($content, $charset = '', $contentType = '', $prefix = '') /var/www/html/Application/Home/Controller/IndexController.class.php 第 59 行.
NOTIC: [8] Undefined index: nonce /var/www/html/Application/Home/Controller/IndexController.class.php 第 6 行.
NOTIC: [8] Undefined index: timestamp /var/www/html/Application/Home/Controller/IndexController.class.php 第 8 行.
NOTIC: [8] Undefined index: echostr /var/www/html/Application/Home/Controller/IndexController.class.php 第 9 行.
NOTIC: [8] Undefined index: signature /var/www/html/Application/Home/Controller/IndexController.class.php 第 10 行.
INFO: [ app_end ] --START--
INFO: Run Behavior\ShowPageTraceBehavior [ RunTime:0.000035s ]
INFO: [ app_end ] --END-- [ RunTime:0.000076s ]

[ 2017-04-07T07:26:42+08:00 ] 191.253.71.202 /
INFO: [ app_init ] --START--
INFO: Run Behavior\BuildLiteBehavior [ RunTime:0.000010s ]
INFO: [ app_init ] --END-- [ RunTime:0.000077s ]
INFO: [ app_begin ] --START--
INFO: Run Behavior\ReadHtmlCacheBehavior [ RunTime:0.000037s ]
INFO: [ app_begin ] --END-- [ RunTime:0.000062s ]
NOTIC: [2048] Declaration of Home\Controller\IndexController::show() should be compatible with Think\Controller::show($content, $charset = '', $contentType = '', $prefix = '') /var/www/html/Application/Home/Controller/IndexController.class.php 第 137 行.
NOTIC: [8] Undefined index: nonce /var/www/html/Application/Home/Controller/IndexController.class.php 第 6 行.
NOTIC: [8] Undefined index: timestamp /var/www/html/Application/Home/Controller/IndexController.class.php 第 8 行.
NOTIC: [8] Undefined index: echostr /var/www/html/Application/Home/Controller/IndexController.class.php 第 9 行.
NOTIC: [8] Undefined index: signature /var/www/html/Application/Home/Controller/IndexController.class.php 第 10 行.
INFO: [ app_end ] --START--
INFO: Run Behavior\ShowPageTraceBehavior [ RunTime:0.000055s ]
INFO: [ app_end ] --END-- [ RunTime:0.000079s ]

[ 2017-04-07T08:36:40+08:00 ] 187.64.185.128 /
INFO: [ app_init ] --START--
INFO: Run Behavior\BuildLiteBehavior [ RunTime:0.000014s ]
INFO: [ app_init ] --END-- [ RunTime:0.000110s ]
INFO: [ app_begin ] --START--
INFO: Run Behavior\ReadHtmlCacheBehavior [ RunTime:0.000041s ]
INFO: [ app_begin ] --END-- [ RunTime:0.000076s ]
NOTIC: [2048] Declaration of Home\Controller\IndexController::show() should be compatible with Think\Controller::show($content, $charset = '', $contentType = '', $prefix = '') /var/www/html/Application/Home/Controller/IndexController.class.php 第 0 行.
NOTIC: [8] Undefined index: nonce /var/www/html/Application/Home/Controller/IndexController.class.php 第 6 行.
NOTIC: [8] Undefined index: timestamp /var/www/html/Application/Home/Controller/IndexController.class.php 第 8 行.
NOTIC: [8] Undefined index: echostr /var/www/html/Application/Home/Controller/IndexController.class.php 第 9 行.
NOTIC: [8] Undefined index: signature /var/www/html/Application/Home/Controller/IndexController.class.php 第 10 行.
INFO: [ app_end ] --START--
INFO: Run Behavior\ShowPageTraceBehavior [ RunTime:0.000037s ]
INFO: [ app_end ] --END-- [ RunTime:0.000068s ]

[ 2017-04-07T09:15:42+08:00 ] 185.94.17.36 /
INFO: [ app_init ] --START--
INFO: Run Behavior\BuildLiteBehavior [ RunTime:0.000014s ]
INFO: [ app_init ] --END-- [ RunTime:0.000099s ]
INFO: [ app_begin ] --START--
INFO: Run Behavior\ReadHtmlCacheBehavior [ RunTime:0.000038s ]
INFO: [ app_begin ] --END-- [ RunTime:0.000072s ]
NOTIC: [2048] Declaration of Home\Controller\IndexController::show() should be compatible with Think\Controller::show($content, $charset = '', $contentType = '', $prefix = '') /var/www/html/Application/Home/Controller/IndexController.class.php 第 59 行.
NOTIC: [8] Undefined index: nonce /var/www/html/Application/Home/Controller/IndexController.class.php 第 6 行.
NOTIC: [8] Undefined index: timestamp /var/www/html/Application/Home/Controller/IndexController.class.php 第 8 行.
NOTIC: [8] Undefined index: echostr /var/www/html/Application/Home/Controller/IndexController.class.php 第 9 行.
NOTIC: [8] Undefined index: signature /var/www/html/Application/Home/Controller/IndexController.class.php 第 10 行.
INFO: [ app_end ] --START--
INFO: Run Behavior\ShowPageTraceBehavior [ RunTime:0.000037s ]
INFO: [ app_end ] --END-- [ RunTime:0.000066s ]

[ 2017-04-07T10:04:54+08:00 ] 143.137.66.120 /
INFO: [ app_init ] --START--
INFO: Run Behavior\BuildLiteBehavior [ RunTime:0.000015s ]
INFO: [ app_init ] --END-- [ RunTime:0.000116s ]
INFO: [ app_begin ] --START--
INFO: Run Behavior\ReadHtmlCacheBehavior [ RunTime:0.000056s ]
INFO: [ app_begin ] --END-- [ RunTime:0.000097s ]
NOTIC: [2048] Declaration of Home\Controller\IndexController::show() should be compatible with Think\Controller::show($content, $charset = '', $contentType = '', $prefix = '') /var/www/html/Application/Home/Controller/IndexController.class.php 第 137 行.
NOTIC: [8] Undefined index: nonce /var/www/html/Application/Home/Controller/IndexController.class.php 第 6 行.
NOTIC: [8] Undefined index: timestamp /var/www/html/Application/Home/Controller/IndexController.class.php 第 8 行.
NOTIC: [8] Undefined index: echostr /var/www/html/Application/Home/Controller/IndexController.class.php 第 9 行.
NOTIC: [8] Undefined index: signature /var/www/html/Application/Home/Controller/IndexController.class.php 第 10 行.
INFO: [ app_end ] --START--
INFO: Run Behavior\ShowPageTraceBehavior [ RunTime:0.000043s ]
INFO: [ app_end ] --END-- [ RunTime:0.000077s ]

[ 2017-04-07T10:33:15+08:00 ] 139.162.119.197 /
INFO: [ app_init ] --START--
INFO: Run Behavior\BuildLiteBehavior [ RunTime:0.000015s ]
INFO: [ app_init ] --END-- [ RunTime:0.000112s ]
INFO: [ app_begin ] --START--
INFO: Run Behavior\ReadHtmlCacheBehavior [ RunTime:0.000057s ]
INFO: [ app_begin ] --END-- [ RunTime:0.000101s ]
NOTIC: [2048] Declaration of Home\Controller\IndexController::show() should be compatible with Think\Controller::show($content, $charset = '', $contentType = '', $prefix = '') /var/www/html/Application/Home/Controller/IndexController.class.php 第 0 行.
NOTIC: [8] Undefined index: nonce /var/www/html/Application/Home/Controller/IndexController.class.php 第 6 行.
NOTIC: [8] Undefined index: timestamp /var/www/html/Application/Home/Controller/IndexController.class.php 第 8 行.
NOTIC: [8] Undefined index: echostr /var/www/html/Application/Home/Controller/IndexController.class.php 第 9 行.
NOTIC: [8] Undefined index: signature /var/www/html/Application/Home/Controller/IndexController.class.php 第 10 行.
INFO: [ app_end ] --START--
INFO: Run Behavior\ShowPageTraceBehavior [ RunTime:0.000043s ]
INFO: [ app_end ] --END-- [ RunTime:0.000078s ]

[ 2017-04-07T10:43:44+08:00 ] 143.137.64.124 /
INFO: [ app_init ] --START--
INFO: Run Behavior\BuildLiteBehavior [ RunTime:0.000015s ]
INFO: [ app_init ] --END-- [ RunTime:0.000112s ]
INFO: [ app_begin ] --START--
INFO: Run Behavior\ReadHtmlCacheBehavior [ RunTime:0.000057s ]
INFO: [ app_begin ] --END-- [ RunTime:0.000099s ]
NOTIC: [2048] Declaration of Home\Controller\IndexController::show() should be compatible with Think\Controller::show($content, $charset = '', $contentType = '', $prefix = '') /var/www/html/Application/Home/Controller/IndexController.class.php 第 0 行.
NOTIC: [8] Undefined index: nonce /var/www/html/Application/Home/Controller/IndexController.class.php 第 6 行.
NOTIC: [8] Undefined index: timestamp /var/www/html/Application/Home/Controller/IndexController.class.php 第 8 行.
NOTIC: [8] Undefined index: echostr /var/www/html/Application/Home/Controller/IndexController.class.php 第 9 行.
NOTIC: [8] Undefined index: signature /var/www/html/Application/Home/Controller/IndexController.class.php 第 10 行.
INFO: [ app_end ] --START--
INFO: Run Behavior\ShowPageTraceBehavior [ RunTime:0.000045s ]
INFO: [ app_end ] --END-- [ RunTime:0.000081s ]

[ 2017-04-07T14:40:22+08:00 ] 191.253.71.202 /
INFO: [ app_init ] --START--
INFO: Run Behavior\BuildLiteBehavior [ RunTime:0.000011s ]
INFO: [ app_init ] --END-- [ RunTime:0.000076s ]
INFO: [ app_begin ] --START--
INFO: Run Behavior\ReadHtmlCacheBehavior [ RunTime:0.000031s ]
INFO: [ app_begin ] --END-- [ RunTime:0.000062s ]
NOTIC: [2048] Declaration of Home\Controller\IndexController::show() should be compatible with Think\Controller::show($content, $charset = '', $contentType = '', $prefix = '') /var/www/html/Application/Home/Controller/IndexController.class.php 第 0 行.
NOTIC: [8] Undefined index: nonce /var/www/html/Application/Home/Controller/IndexController.class.php 第 6 行.
NOTIC: [8] Undefined index: timestamp /var/www/html/Application/Home/Controller/IndexController.class.php 第 8 行.
NOTIC: [8] Undefined index: echostr /var/www/html/Application/Home/Controller/IndexController.class.php 第 9 行.
NOTIC: [8] Undefined index: signature /var/www/html/Application/Home/Controller/IndexController.class.php 第 10 行.
INFO: [ app_end ] --START--
INFO: Run Behavior\ShowPageTraceBehavior [ RunTime:0.000030s ]
INFO: [ app_end ] --END-- [ RunTime:0.000052s ]

[ 2017-04-07T14:42:12+08:00 ] 191.253.71.202 /
INFO: [ app_init ] --START--
INFO: Run Behavior\BuildLiteBehavior [ RunTime:0.000012s ]
INFO: [ app_init ] --END-- [ RunTime:0.000101s ]
INFO: [ app_begin ] --START--
INFO: Run Behavior\ReadHtmlCacheBehavior [ RunTime:0.000033s ]
INFO: [ app_begin ] --END-- [ RunTime:0.000067s ]
NOTIC: [2048] Declaration of Home\Controller\IndexController::show() should be compatible with Think\Controller::show($content, $charset = '', $contentType = '', $prefix = '') /var/www/html/Application/Home/Controller/IndexController.class.php 第 0 行.
NOTIC: [8] Undefined index: nonce /var/www/html/Application/Home/Controller/IndexController.class.php 第 6 行.
NOTIC: [8] Undefined index: timestamp /var/www/html/Application/Home/Controller/IndexController.class.php 第 8 行.
NOTIC: [8] Undefined index: echostr /var/www/html/Application/Home/Controller/IndexController.class.php 第 9 行.
NOTIC: [8] Undefined index: signature /var/www/html/Application/Home/Controller/IndexController.class.php 第 10 行.
INFO: [ app_end ] --START--
INFO: Run Behavior\ShowPageTraceBehavior [ RunTime:0.000034s ]
INFO: [ app_end ] --END-- [ RunTime:0.000060s ]

[ 2017-04-07T14:42:16+08:00 ] 191.253.71.202 /
INFO: [ app_init ] --START--
INFO: Run Behavior\BuildLiteBehavior [ RunTime:0.000014s ]
INFO: [ app_init ] --END-- [ RunTime:0.000096s ]
INFO: [ app_begin ] --START--
INFO: Run Behavior\ReadHtmlCacheBehavior [ RunTime:0.000041s ]
INFO: [ app_begin ] --END-- [ RunTime:0.000079s ]
NOTIC: [2048] Declaration of Home\Controller\IndexController::show() should be compatible with Think\Controller::show($content, $charset = '', $contentType = '', $prefix = '') /var/www/html/Application/Home/Controller/IndexController.class.php 第 0 行.
NOTIC: [8] Undefined index: nonce /var/www/html/Application/Home/Controller/IndexController.class.php 第 6 行.
NOTIC: [8] Undefined index: timestamp /var/www/html/Application/Home/Controller/IndexController.class.php 第 8 行.
NOTIC: [8] Undefined index: echostr /var/www/html/Application/Home/Controller/IndexController.class.php 第 9 行.
NOTIC: [8] Undefined index: signature /var/www/html/Application/Home/Controller/IndexController.class.php 第 10 行.
INFO: [ app_end ] --START--
INFO: Run Behavior\ShowPageTraceBehavior [ RunTime:0.000040s ]
INFO: [ app_end ] --END-- [ RunTime:0.000073s ]

[ 2017-04-07T14:42:31+08:00 ] 191.253.71.202 /
INFO: [ app_init ] --START--
INFO: Run Behavior\BuildLiteBehavior [ RunTime:0.000010s ]
INFO: [ app_init ] --END-- [ RunTime:0.000068s ]
INFO: [ app_begin ] --START--
INFO: Run Behavior\ReadHtmlCacheBehavior [ RunTime:0.000027s ]
INFO: [ app_begin ] --END-- [ RunTime:0.000052s ]
NOTIC: [2048] Declaration of Home\Controller\IndexController::show() should be compatible with Think\Controller::show($content, $charset = '', $contentType = '', $prefix = '') /var/www/html/Application/Home/Controller/IndexController.class.php 第 0 行.
NOTIC: [8] Undefined index: nonce /var/www/html/Application/Home/Controller/IndexController.class.php 第 6 行.
NOTIC: [8] Undefined index: timestamp /var/www/html/Application/Home/Controller/IndexController.class.php 第 8 行.
NOTIC: [8] Undefined index: echostr /var/www/html/Application/Home/Controller/IndexController.class.php 第 9 行.
NOTIC: [8] Undefined index: signature /var/www/html/Application/Home/Controller/IndexController.class.php 第 10 行.
INFO: [ app_end ] --START--
INFO: Run Behavior\ShowPageTraceBehavior [ RunTime:0.000029s ]
INFO: [ app_end ] --END-- [ RunTime:0.000050s ]

[ 2017-04-07T14:42:32+08:00 ] 191.253.71.202 /
INFO: [ app_init ] --START--
INFO: Run Behavior\BuildLiteBehavior [ RunTime:0.000014s ]
INFO: [ app_init ] --END-- [ RunTime:0.000083s ]
INFO: [ app_begin ] --START--
INFO: Run Behavior\ReadHtmlCacheBehavior [ RunTime:0.000033s ]
INFO: [ app_begin ] --END-- [ RunTime:0.000067s ]
NOTIC: [2048] Declaration of Home\Controller\IndexController::show() should be compatible with Think\Controller::show($content, $charset = '', $contentType = '', $prefix = '') /var/www/html/Application/Home/Controller/IndexController.class.php 第 59 行.
NOTIC: [8] Undefined index: nonce /var/www/html/Application/Home/Controller/IndexController.class.php 第 6 行.
NOTIC: [8] Undefined index: timestamp /var/www/html/Application/Home/Controller/IndexController.class.php 第 8 行.
NOTIC: [8] Undefined index: echostr /var/www/html/Application/Home/Controller/IndexController.class.php 第 9 行.
NOTIC: [8] Undefined index: signature /var/www/html/Application/Home/Controller/IndexController.class.php 第 10 行.
INFO: [ app_end ] --START--
INFO: Run Behavior\ShowPageTraceBehavior [ RunTime:0.000031s ]
INFO: [ app_end ] --END-- [ RunTime:0.000061s ]

[ 2017-04-07T14:42:32+08:00 ] 191.253.71.137 /
INFO: [ app_init ] --START--
INFO: Run Behavior\BuildLiteBehavior [ RunTime:0.000014s ]
INFO: [ app_init ] --END-- [ RunTime:0.000096s ]
INFO: [ app_begin ] --START--
INFO: Run Behavior\ReadHtmlCacheBehavior [ RunTime:0.000040s ]
INFO: [ app_begin ] --END-- [ RunTime:0.000085s ]
NOTIC: [2048] Declaration of Home\Controller\IndexController::show() should be compatible with Think\Controller::show($content, $charset = '', $contentType = '', $prefix = '') /var/www/html/Application/Home/Controller/IndexController.class.php 第 137 行.
NOTIC: [8] Undefined index: nonce /var/www/html/Application/Home/Controller/IndexController.class.php 第 6 行.
NOTIC: [8] Undefined index: timestamp /var/www/html/Application/Home/Controller/IndexController.class.php 第 8 行.
NOTIC: [8] Undefined index: echostr /var/www/html/Application/Home/Controller/IndexController.class.php 第 9 行.
NOTIC: [8] Undefined index: signature /var/www/html/Application/Home/Controller/IndexController.class.php 第 10 行.
INFO: [ app_end ] --START--
INFO: Run Behavior\ShowPageTraceBehavior [ RunTime:0.000038s ]
INFO: [ app_end ] --END-- [ RunTime:0.000078s ]

[ 2017-04-07T14:42:33+08:00 ] 191.253.71.202 /
INFO: [ app_init ] --START--
INFO: Run Behavior\BuildLiteBehavior [ RunTime:0.000009s ]
INFO: [ app_init ] --END-- [ RunTime:0.000058s ]
INFO: [ app_begin ] --START--
INFO: Run Behavior\ReadHtmlCacheBehavior [ RunTime:0.000025s ]
INFO: [ app_begin ] --END-- [ RunTime:0.000049s ]
NOTIC: [2048] Declaration of Home\Controller\IndexController::show() should be compatible with Think\Controller::show($content, $charset = '', $contentType = '', $prefix = '') /var/www/html/Application/Home/Controller/IndexController.class.php 第 0 行.
NOTIC: [8] Undefined index: nonce /var/www/html/Application/Home/Controller/IndexController.class.php 第 6 行.
NOTIC: [8] Undefined index: timestamp /var/www/html/Application/Home/Controller/IndexController.class.php 第 8 行.
NOTIC: [8] Undefined index: echostr /var/www/html/Application/Home/Controller/IndexController.class.php 第 9 行.
NOTIC: [8] Undefined index: signature /var/www/html/Application/Home/Controller/IndexController.class.php 第 10 行.
INFO: [ app_end ] --START--
INFO: Run Behavior\ShowPageTraceBehavior [ RunTime:0.000022s ]
INFO: [ app_end ] --END-- [ RunTime:0.000044s ]

[ 2017-04-07T14:42:38+08:00 ] 191.253.71.202 /
INFO: [ app_init ] --START--
INFO: Run Behavior\BuildLiteBehavior [ RunTime:0.000015s ]
INFO: [ app_init ] --END-- [ RunTime:0.000110s ]
INFO: [ app_begin ] --START--
INFO: Run Behavior\ReadHtmlCacheBehavior [ RunTime:0.000065s ]
INFO: [ app_begin ] --END-- [ RunTime:0.000113s ]
NOTIC: [2048] Declaration of Home\Controller\IndexController::show() should be compatible with Think\Controller::show($content, $charset = '', $contentType = '', $prefix = '') /var/www/html/Application/Home/Controller/IndexController.class.php 第 0 行.
NOTIC: [8] Undefined index: nonce /var/www/html/Application/Home/Controller/IndexController.class.php 第 6 行.
NOTIC: [8] Undefined index: timestamp /var/www/html/Application/Home/Controller/IndexController.class.php 第 8 行.
NOTIC: [8] Undefined index: echostr /var/www/html/Application/Home/Controller/IndexController.class.php 第 9 行.
NOTIC: [8] Undefined index: signature /var/www/html/Application/Home/Controller/IndexController.class.php 第 10 行.
INFO: [ app_end ] --START--
INFO: Run Behavior\ShowPageTraceBehavior [ RunTime:0.000050s ]
INFO: [ app_end ] --END-- [ RunTime:0.000092s ]

[ 2017-04-07T14:44:00+08:00 ] 191.253.71.202 /
INFO: [ app_init ] --START--
INFO: Run Behavior\BuildLiteBehavior [ RunTime:0.000030s ]
INFO: [ app_init ] --END-- [ RunTime:0.000136s ]
INFO: [ app_begin ] --START--
INFO: Run Behavior\ReadHtmlCacheBehavior [ RunTime:0.000057s ]
INFO: [ app_begin ] --END-- [ RunTime:0.000103s ]
NOTIC: [2048] Declaration of Home\Controller\IndexController::show() should be compatible with Think\Controller::show($content, $charset = '', $contentType = '', $prefix = '') /var/www/html/Application/Home/Controller/IndexController.class.php 第 0 行.
NOTIC: [8] Undefined index: nonce /var/www/html/Application/Home/Controller/IndexController.class.php 第 6 行.
NOTIC: [8] Undefined index: timestamp /var/www/html/Application/Home/Controller/IndexController.class.php 第 8 行.
NOTIC: [8] Undefined index: echostr /var/www/html/Application/Home/Controller/IndexController.class.php 第 9 行.
NOTIC: [8] Undefined index: signature /var/www/html/Application/Home/Controller/IndexController.class.php 第 10 行.
INFO: [ app_end ] --START--
INFO: Run Behavior\ShowPageTraceBehavior [ RunTime:0.000040s ]
INFO: [ app_end ] --END-- [ RunTime:0.000073s ]

[ 2017-04-07T14:58:52+08:00 ] 191.253.70.28 /
INFO: [ app_init ] --START--
INFO: Run Behavior\BuildLiteBehavior [ RunTime:0.000016s ]
INFO: [ app_init ] --END-- [ RunTime:0.000125s ]
INFO: [ app_begin ] --START--
INFO: Run Behavior\ReadHtmlCacheBehavior [ RunTime:0.000048s ]
INFO: [ app_begin ] --END-- [ RunTime:0.000089s ]
NOTIC: [2048] Declaration of Home\Controller\IndexController::show() should be compatible with Think\Controller::show($content, $charset = '', $contentType = '', $prefix = '') /var/www/html/Application/Home/Controller/IndexController.class.php 第 0 行.
NOTIC: [8] Undefined index: nonce /var/www/html/Application/Home/Controller/IndexController.class.php 第 6 行.
NOTIC: [8] Undefined index: timestamp /var/www/html/Application/Home/Controller/IndexController.class.php 第 8 行.
NOTIC: [8] Undefined index: echostr /var/www/html/Application/Home/Controller/IndexController.class.php 第 9 行.
NOTIC: [8] Undefined index: signature /var/www/html/Application/Home/Controller/IndexController.class.php 第 10 行.
INFO: [ app_end ] --START--
INFO: Run Behavior\ShowPageTraceBehavior [ RunTime:0.000046s ]
INFO: [ app_end ] --END-- [ RunTime:0.000083s ]

[ 2017-04-07T15:00:53+08:00 ] 191.253.71.202 /
INFO: [ app_init ] --START--
INFO: Run Behavior\BuildLiteBehavior [ RunTime:0.000010s ]
INFO: [ app_init ] --END-- [ RunTime:0.000080s ]
INFO: [ app_begin ] --START--
INFO: Run Behavior\ReadHtmlCacheBehavior [ RunTime:0.000027s ]
INFO: [ app_begin ] --END-- [ RunTime:0.000052s ]
NOTIC: [2048] Declaration of Home\Controller\IndexController::show() should be compatible with Think\Controller::show($content, $charset = '', $contentType = '', $prefix = '') /var/www/html/Application/Home/Controller/IndexController.class.php 第 0 行.
NOTIC: [8] Undefined index: nonce /var/www/html/Application/Home/Controller/IndexController.class.php 第 6 行.
NOTIC: [8] Undefined index: timestamp /var/www/html/Application/Home/Controller/IndexController.class.php 第 8 行.
NOTIC: [8] Undefined index: echostr /var/www/html/Application/Home/Controller/IndexController.class.php 第 9 行.
NOTIC: [8] Undefined index: signature /var/www/html/Application/Home/Controller/IndexController.class.php 第 10 行.
INFO: [ app_end ] --START--
INFO: Run Behavior\ShowPageTraceBehavior [ RunTime:0.000039s ]
INFO: [ app_end ] --END-- [ RunTime:0.000063s ]

[ 2017-04-07T15:01:23+08:00 ] 191.253.71.202 /
INFO: [ app_init ] --START--
INFO: Run Behavior\BuildLiteBehavior [ RunTime:0.000012s ]
INFO: [ app_init ] --END-- [ RunTime:0.000080s ]
INFO: [ app_begin ] --START--
INFO: Run Behavior\ReadHtmlCacheBehavior [ RunTime:0.000035s ]
INFO: [ app_begin ] --END-- [ RunTime:0.000066s ]
NOTIC: [2048] Declaration of Home\Controller\IndexController::show() should be compatible with Think\Controller::show($content, $charset = '', $contentType = '', $prefix = '') /var/www/html/Application/Home/Controller/IndexController.class.php 第 0 行.
NOTIC: [8] Undefined index: nonce /var/www/html/Application/Home/Controller/IndexController.class.php 第 6 行.
NOTIC: [8] Undefined index: timestamp /var/www/html/Application/Home/Controller/IndexController.class.php 第 8 行.
NOTIC: [8] Undefined index: echostr /var/www/html/Application/Home/Controller/IndexController.class.php 第 9 行.
NOTIC: [8] Undefined index: signature /var/www/html/Application/Home/Controller/IndexController.class.php 第 10 行.
INFO: [ app_end ] --START--
INFO: Run Behavior\ShowPageTraceBehavior [ RunTime:0.000034s ]
INFO: [ app_end ] --END-- [ RunTime:0.000061s ]

[ 2017-04-07T15:01:38+08:00 ] 191.253.71.202 /
INFO: [ app_init ] --START--
INFO: Run Behavior\BuildLiteBehavior [ RunTime:0.000010s ]
INFO: [ app_init ] --END-- [ RunTime:0.000068s ]
INFO: [ app_begin ] --START--
INFO: Run Behavior\ReadHtmlCacheBehavior [ RunTime:0.000028s ]
INFO: [ app_begin ] --END-- [ RunTime:0.000053s ]
NOTIC: [2048] Declaration of Home\Controller\IndexController::show() should be compatible with Think\Controller::show($content, $charset = '', $contentType = '', $prefix = '') /var/www/html/Application/Home/Controller/IndexController.class.php 第 0 行.
NOTIC: [8] Undefined index: nonce /var/www/html/Application/Home/Controller/IndexController.class.php 第 6 行.
NOTIC: [8] Undefined index: timestamp /var/www/html/Application/Home/Controller/IndexController.class.php 第 8 行.
NOTIC: [8] Undefined index: echostr /var/www/html/Application/Home/Controller/IndexController.class.php 第 9 行.
NOTIC: [8] Undefined index: signature /var/www/html/Application/Home/Controller/IndexController.class.php 第 10 行.
INFO: [ app_end ] --START--
INFO: Run Behavior\ShowPageTraceBehavior [ RunTime:0.000027s ]
INFO: [ app_end ] --END-- [ RunTime:0.000060s ]

[ 2017-04-07T15:17:37+08:00 ] 191.253.71.202 /
INFO: [ app_init ] --START--
INFO: Run Behavior\BuildLiteBehavior [ RunTime:0.000014s ]
INFO: [ app_init ] --END-- [ RunTime:0.000110s ]
INFO: [ app_begin ] --START--
INFO: Run Behavior\ReadHtmlCacheBehavior [ RunTime:0.000039s ]
INFO: [ app_begin ] --END-- [ RunTime:0.000078s ]
NOTIC: [2048] Declaration of Home\Controller\IndexController::show() should be compatible with Think\Controller::show($content, $charset = '', $contentType = '', $prefix = '') /var/www/html/Application/Home/Controller/IndexController.class.php 第 59 行.
NOTIC: [8] Undefined index: nonce /var/www/html/Application/Home/Controller/IndexController.class.php 第 6 行.
NOTIC: [8] Undefined index: timestamp /var/www/html/Application/Home/Controller/IndexController.class.php 第 8 行.
NOTIC: [8] Undefined index: echostr /var/www/html/Application/Home/Controller/IndexController.class.php 第 9 行.
NOTIC: [8] Undefined index: signature /var/www/html/Application/Home/Controller/IndexController.class.php 第 10 行.
INFO: [ app_end ] --START--
INFO: Run Behavior\ShowPageTraceBehavior [ RunTime:0.000038s ]
INFO: [ app_end ] --END-- [ RunTime:0.000071s ]

[ 2017-04-07T15:19:55+08:00 ] 191.253.71.202 /
INFO: [ app_init ] --START--
INFO: Run Behavior\BuildLiteBehavior [ RunTime:0.000013s ]
INFO: [ app_init ] --END-- [ RunTime:0.000107s ]
INFO: [ app_begin ] --START--
INFO: Run Behavior\ReadHtmlCacheBehavior [ RunTime:0.000050s ]
INFO: [ app_begin ] --END-- [ RunTime:0.000125s ]
NOTIC: [2048] Declaration of Home\Controller\IndexController::show() should be compatible with Think\Controller::show($content, $charset = '', $contentType = '', $prefix = '') /var/www/html/Application/Home/Controller/IndexController.class.php 第 137 行.
NOTIC: [8] Undefined index: nonce /var/www/html/Application/Home/Controller/IndexController.class.php 第 6 行.
NOTIC: [8] Undefined index: timestamp /var/www/html/Application/Home/Controller/IndexController.class.php 第 8 行.
NOTIC: [8] Undefined index: echostr /var/www/html/Application/Home/Controller/IndexController.class.php 第 9 行.
NOTIC: [8] Undefined index: signature /var/www/html/Application/Home/Controller/IndexController.class.php 第 10 行.
INFO: [ app_end ] --START--
INFO: Run Behavior\ShowPageTraceBehavior [ RunTime:0.000043s ]
INFO: [ app_end ] --END-- [ RunTime:0.000076s ]

[ 2017-04-07T15:20:04+08:00 ] 191.253.71.202 /
INFO: [ app_init ] --START--
INFO: Run Behavior\BuildLiteBehavior [ RunTime:0.000020s ]
INFO: [ app_init ] --END-- [ RunTime:0.000107s ]
INFO: [ app_begin ] --START--
INFO: Run Behavior\ReadHtmlCacheBehavior [ RunTime:0.000060s ]
INFO: [ app_begin ] --END-- [ RunTime:0.000117s ]
NOTIC: [2048] Declaration of Home\Controller\IndexController::show() should be compatible with Think\Controller::show($content, $charset = '', $contentType = '', $prefix = '') /var/www/html/Application/Home/Controller/IndexController.class.php 第 0 行.
NOTIC: [8] Undefined index: nonce /var/www/html/Application/Home/Controller/IndexController.class.php 第 6 行.
NOTIC: [8] Undefined index: timestamp /var/www/html/Application/Home/Controller/IndexController.class.php 第 8 行.
NOTIC: [8] Undefined index: echostr /var/www/html/Application/Home/Controller/IndexController.class.php 第 9 行.
NOTIC: [8] Undefined index: signature /var/www/html/Application/Home/Controller/IndexController.class.php 第 10 行.
INFO: [ app_end ] --START--
INFO: Run Behavior\ShowPageTraceBehavior [ RunTime:0.000049s ]
INFO: [ app_end ] --END-- [ RunTime:0.000102s ]

[ 2017-04-07T15:20:25+08:00 ] 191.253.71.202 /
INFO: [ app_init ] --START--
INFO: Run Behavior\BuildLiteBehavior [ RunTime:0.000010s ]
INFO: [ app_init ] --END-- [ RunTime:0.000080s ]
INFO: [ app_begin ] --START--
INFO: Run Behavior\ReadHtmlCacheBehavior [ RunTime:0.000030s ]
INFO: [ app_begin ] --END-- [ RunTime:0.000056s ]
NOTIC: [2048] Declaration of Home\Controller\IndexController::show() should be compatible with Think\Controller::show($content, $charset = '', $contentType = '', $prefix = '') /var/www/html/Application/Home/Controller/IndexController.class.php 第 0 行.
NOTIC: [8] Undefined index: nonce /var/www/html/Application/Home/Controller/IndexController.class.php 第 6 行.
NOTIC: [8] Undefined index: timestamp /var/www/html/Application/Home/Controller/IndexController.class.php 第 8 行.
NOTIC: [8] Undefined index: echostr /var/www/html/Application/Home/Controller/IndexController.class.php 第 9 行.
NOTIC: [8] Undefined index: signature /var/www/html/Application/Home/Controller/IndexController.class.php 第 10 行.
INFO: [ app_end ] --START--
INFO: Run Behavior\ShowPageTraceBehavior [ RunTime:0.000027s ]
INFO: [ app_end ] --END-- [ RunTime:0.000050s ]

[ 2017-04-07T15:31:37+08:00 ] 191.253.71.202 /
INFO: [ app_init ] --START--
INFO: Run Behavior\BuildLiteBehavior [ RunTime:0.000010s ]
INFO: [ app_init ] --END-- [ RunTime:0.000070s ]
INFO: [ app_begin ] --START--
INFO: Run Behavior\ReadHtmlCacheBehavior [ RunTime:0.000031s ]
INFO: [ app_begin ] --END-- [ RunTime:0.000056s ]
NOTIC: [2048] Declaration of Home\Controller\IndexController::show() should be compatible with Think\Controller::show($content, $charset = '', $contentType = '', $prefix = '') /var/www/html/Application/Home/Controller/IndexController.class.php 第 0 行.
NOTIC: [8] Undefined index: nonce /var/www/html/Application/Home/Controller/IndexController.class.php 第 6 行.
NOTIC: [8] Undefined index: timestamp /var/www/html/Application/Home/Controller/IndexController.class.php 第 8 行.
NOTIC: [8] Undefined index: echostr /var/www/html/Application/Home/Controller/IndexController.class.php 第 9 行.
NOTIC: [8] Undefined index: signature /var/www/html/Application/Home/Controller/IndexController.class.php 第 10 行.
INFO: [ app_end ] --START--
INFO: Run Behavior\ShowPageTraceBehavior [ RunTime:0.000029s ]
INFO: [ app_end ] --END-- [ RunTime:0.000050s ]

[ 2017-04-07T16:16:58+08:00 ] 191.253.71.202 /
INFO: [ app_init ] --START--
INFO: Run Behavior\BuildLiteBehavior [ RunTime:0.000012s ]
INFO: [ app_init ] --END-- [ RunTime:0.000095s ]
INFO: [ app_begin ] --START--
INFO: Run Behavior\ReadHtmlCacheBehavior [ RunTime:0.000041s ]
INFO: [ app_begin ] --END-- [ RunTime:0.000076s ]
NOTIC: [2048] Declaration of Home\Controller\IndexController::show() should be compatible with Think\Controller::show($content, $charset = '', $contentType = '', $prefix = '') /var/www/html/Application/Home/Controller/IndexController.class.php 第 0 行.
NOTIC: [8] Undefined index: nonce /var/www/html/Application/Home/Controller/IndexController.class.php 第 6 行.
NOTIC: [8] Undefined index: timestamp /var/www/html/Application/Home/Controller/IndexController.class.php 第 8 行.
NOTIC: [8] Undefined index: echostr /var/www/html/Application/Home/Controller/IndexController.class.php 第 9 行.
NOTIC: [8] Undefined index: signature /var/www/html/Application/Home/Controller/IndexController.class.php 第 10 行.
INFO: [ app_end ] --START--
INFO: Run Behavior\ShowPageTraceBehavior [ RunTime:0.000040s ]
INFO: [ app_end ] --END-- [ RunTime:0.000070s ]

[ 2017-04-07T19:35:29+08:00 ] 78.129.250.84 /
INFO: [ app_init ] --START--
INFO: Run Behavior\BuildLiteBehavior [ RunTime:0.000011s ]
INFO: [ app_init ] --END-- [ RunTime:0.000077s ]
INFO: [ app_begin ] --START--
INFO: Run Behavior\ReadHtmlCacheBehavior [ RunTime:0.000030s ]
INFO: [ app_begin ] --END-- [ RunTime:0.000056s ]
NOTIC: [2048] Declaration of Home\Controller\IndexController::show() should be compatible with Think\Controller::show($content, $charset = '', $contentType = '', $prefix = '') /var/www/html/Application/Home/Controller/IndexController.class.php 第 0 行.
NOTIC: [8] Undefined index: nonce /var/www/html/Application/Home/Controller/IndexController.class.php 第 6 行.
NOTIC: [8] Undefined index: timestamp /var/www/html/Application/Home/Controller/IndexController.class.php 第 8 行.
NOTIC: [8] Undefined index: echostr /var/www/html/Application/Home/Controller/IndexController.class.php 第 9 行.
NOTIC: [8] Undefined index: signature /var/www/html/Application/Home/Controller/IndexController.class.php 第 10 行.
INFO: [ app_end ] --START--
INFO: Run Behavior\ShowPageTraceBehavior [ RunTime:0.000033s ]
INFO: [ app_end ] --END-- [ RunTime:0.000065s ]

[ 2017-04-07T19:44:43+08:00 ] 222.186.34.77 /
INFO: [ app_init ] --START--
INFO: Run Behavior\BuildLiteBehavior [ RunTime:0.000015s ]
INFO: [ app_init ] --END-- [ RunTime:0.000108s ]
INFO: [ app_begin ] --START--
INFO: Run Behavior\ReadHtmlCacheBehavior [ RunTime:0.000043s ]
INFO: [ app_begin ] --END-- [ RunTime:0.000081s ]
NOTIC: [2048] Declaration of Home\Controller\IndexController::show() should be compatible with Think\Controller::show($content, $charset = '', $contentType = '', $prefix = '') /var/www/html/Application/Home/Controller/IndexController.class.php 第 0 行.
NOTIC: [8] Undefined index: nonce /var/www/html/Application/Home/Controller/IndexController.class.php 第 6 行.
NOTIC: [8] Undefined index: timestamp /var/www/html/Application/Home/Controller/IndexController.class.php 第 8 行.
NOTIC: [8] Undefined index: echostr /var/www/html/Application/Home/Controller/IndexController.class.php 第 9 行.
NOTIC: [8] Undefined index: signature /var/www/html/Application/Home/Controller/IndexController.class.php 第 10 行.
INFO: [ app_end ] --START--
INFO: Run Behavior\ShowPageTraceBehavior [ RunTime:0.000043s ]
INFO: [ app_end ] --END-- [ RunTime:0.000077s ]

[ 2017-04-07T22:33:05+08:00 ] 143.137.64.58 /
INFO: [ app_init ] --START--
INFO: Run Behavior\BuildLiteBehavior [ RunTime:0.000012s ]
INFO: [ app_init ] --END-- [ RunTime:0.000085s ]
INFO: [ app_begin ] --START--
INFO: Run Behavior\ReadHtmlCacheBehavior [ RunTime:0.000037s ]
INFO: [ app_begin ] --END-- [ RunTime:0.000071s ]
NOTIC: [2048] Declaration of Home\Controller\IndexController::show() should be compatible with Think\Controller::show($content, $charset = '', $contentType = '', $prefix = '') /var/www/html/Application/Home/Controller/IndexController.class.php 第 0 行.
NOTIC: [8] Undefined index: nonce /var/www/html/Application/Home/Controller/IndexController.class.php 第 6 行.
NOTIC: [8] Undefined index: timestamp /var/www/html/Application/Home/Controller/IndexController.class.php 第 8 行.
NOTIC: [8] Undefined index: echostr /var/www/html/Application/Home/Controller/IndexController.class.php 第 9 行.
NOTIC: [8] Undefined index: signature /var/www/html/Application/Home/Controller/IndexController.class.php 第 10 行.
INFO: [ app_end ] --START--
INFO: Run Behavior\ShowPageTraceBehavior [ RunTime:0.000036s ]
INFO: [ app_end ] --END-- [ RunTime:0.000067s ]

[ 2017-04-07T23:46:37+08:00 ] 191.253.71.47 /
INFO: [ app_init ] --START--
INFO: Run Behavior\BuildLiteBehavior [ RunTime:0.000011s ]
INFO: [ app_init ] --END-- [ RunTime:0.000077s ]
INFO: [ app_begin ] --START--
INFO: Run Behavior\ReadHtmlCacheBehavior [ RunTime:0.000030s ]
INFO: [ app_begin ] --END-- [ RunTime:0.000054s ]
NOTIC: [2048] Declaration of Home\Controller\IndexController::show() should be compatible with Think\Controller::show($content, $charset = '', $contentType = '', $prefix = '') /var/www/html/Application/Home/Controller/IndexController.class.php 第 59 行.
NOTIC: [8] Undefined index: nonce /var/www/html/Application/Home/Controller/IndexController.class.php 第 6 行.
NOTIC: [8] Undefined index: timestamp /var/www/html/Application/Home/Controller/IndexController.class.php 第 8 行.
NOTIC: [8] Undefined index: echostr /var/www/html/Application/Home/Controller/IndexController.class.php 第 9 行.
NOTIC: [8] Undefined index: signature /var/www/html/Application/Home/Controller/IndexController.class.php 第 10 行.
INFO: [ app_end ] --START--
INFO: Run Behavior\ShowPageTraceBehavior [ RunTime:0.000028s ]
INFO: [ app_end ] --END-- [ RunTime:0.000050s ]

